#
# A fatal error has been detected by the Java Runtime Environment:
#
#  SIGSEGV (0xb) at pc=0x000072d05eea1743, pid=78930, tid=78951
#
# JRE version: OpenJDK Runtime Environment Corretto-21.0.5.11.1 (21.0.5+11) (build 21.0.5+11-LTS)
# Java VM: OpenJDK 64-Bit Server VM Corretto-21.0.5.11.1 (21.0.5+11-LTS, mixed mode, sharing, tiered, compressed oops, compressed class ptrs, g1 gc, linux-amd64)
# Problematic frame:
# C  [libc.so.6+0xa1743]
#
# Core dump will be written. Default location: Core dumps may be processed with "/usr/share/apport/apport -p%p -s%s -c%c -d%d -P%P -u%u -g%g -- %E" (or dumping to /home/eddie/Documents/Projects/rev-plot2/core.78930)
#
# If you would like to submit a bug report, please visit:
#   https://github.com/corretto/corretto-21/issues/
# The crash happened outside the Java Virtual Machine in native code.
# See problematic frame for where to report the bug.
#

---------------  S U M M A R Y ------------

Command Line: -javaagent:/snap/intellij-idea-community/588/lib/idea_rt.jar=46151 -Dfile.encoding=UTF-8 -Dsun.stdout.encoding=UTF-8 -Dsun.stderr.encoding=UTF-8 github.com.rev.Main

Host: AMD Ryzen 5 5600X 6-Core Processor, 12 cores, 31G, Ubuntu 22.04.5 LTS
Time: Sun Mar 23 11:29:57 2025 GMT elapsed time: 14.015249 seconds (0d 0h 0m 14s)

---------------  T H R E A D  ---------------

Current thread (0x000072d058221670):  JavaThread "Thread-1"         [_thread_in_native, id=78951, stack(0x000072d02e400000,0x000072d02e500000) (1024K)]

Stack: [0x000072d02e400000,0x000072d02e500000],  sp=0x000072d02e4fe500,  free space=1017k
Native frames: (J=compiled Java code, j=interpreted, Vv=VM code, C=native code)
C  [libc.so.6+0xa1743]
Java frames: (J=compiled Java code, j=interpreted, Vv=VM code)
J 818  org.lwjgl.system.JNI.invokeV(J)V (0 bytes) @ 0x000072d04830bd79 [0x000072d04830bd20+0x0000000000000059]
j  org.lwjgl.glfw.GLFW.glfwTerminate()V+5
j  github.com.rev.Fractal.run()V+815
j  github.com.rev.Main.lambda$main$1()V+13
j  github.com.rev.Main$$Lambda+0x000072cfd8003408.run()V+0
j  java.lang.Thread.runWith(Ljava/lang/Object;Ljava/lang/Runnable;)V+5 java.base@21.0.5
j  java.lang.Thread.run()V+19 java.base@21.0.5
v  ~StubRoutines::call_stub 0x000072d047d37cc6

siginfo: si_signo: 11 (SIGSEGV), si_code: 1 (SEGV_MAPERR), si_addr: 0x000072cf00000019

Registers:
RAX=0x000072cf00000001, RBX=0x000000000000a010, RCX=0x0000000000006001, RDX=0x000072cf840bbfa0
RSP=0x000072d02e4fe500, RBP=0x000072cf840ae220, RSI=0x000072cf00000001, RDI=0x000072cf840ae220
R8 =0x000072cf840ac4d0, R9 =0x0000000000000000, R10=0x000072d05ee07b90, R11=0xbfaa25e2633db8a7
R12=0x000072cf84000030, R13=0x0000000000000000, R14=0x000072cf840b8230, R15=0x0000000000001d00
RIP=0x000072d05eea1743, EFLAGS=0x0000000000010246, CSGSFS=0x002b000000000033, ERR=0x0000000000000004
  TRAPNO=0x000000000000000e


Register to memory mapping:

RAX=0x000072cf00000001 is an unknown value
RBX=0x000000000000a010 is an unknown value
RCX=0x0000000000006001 is an unknown value
RDX=0x000072cf840bbfa0 points into unknown readable memory: 0x312d5044000001bb | bb 01 00 00 44 50 2d 31
RSP=0x000072d02e4fe500 is pointing into the stack for thread: 0x000072d058221670
RBP=0x000072cf840ae220 points into unknown readable memory: 0x0000000000000000 | 00 00 00 00 00 00 00 00
RSI=0x000072cf00000001 is an unknown value
RDI=0x000072cf840ae220 points into unknown readable memory: 0x0000000000000000 | 00 00 00 00 00 00 00 00
R8 =0x000072cf840ac4d0 points into unknown readable memory: 0x000072c8a8f2820c | 0c 82 f2 a8 c8 72 00 00
R9 =0x0 is null
R10=0x000072d05ee07b90: <offset 0x0000000000007b90> in /lib/x86_64-linux-gnu/libc.so.6 at 0x000072d05ee00000
R11=0xbfaa25e2633db8a7 is an unknown value
R12=0x000072cf84000030 points into unknown readable memory: 0x0000000200000002 | 02 00 00 00 02 00 00 00
R13=0x0 is null
R14=0x000072cf840b8230 points into unknown readable memory: 0x0000000000000000 | 00 00 00 00 00 00 00 00
R15=0x0000000000001d00 is an unknown value

Top of Stack: (sp=0x000072d02e4fe500)
0x000072d02e4fe500:   000000000000000b 000072d05eea28b9
0x000072d02e4fe510:   000000000000000b 0000000000000000
0x000072d02e4fe520:   000000007c04c640 0000000000000000
0x000072d02e4fe530:   000072cf7c04cd90 fd8d1f16071a0500
0x000072d02e4fe540:   000072cf840acfc0 ffffffffffffff80
0x000072d02e4fe550:   000000000000000b 0000000000000007
0x000072d02e4fe560:   000072cf840ac790 00000000000009a0
0x000072d02e4fe570:   000000000000002c 000072d05eea5453
0x000072d02e4fe580:   000072cf840acfc0 0000000000000000
0x000072d02e4fe590:   000072d02e4fe6a8 0000000000000007
0x000072d02e4fe5a0:   000072cf840acfc0 000072d02e2ef978
0x000072d02e4fe5b0:   000072d02e4fe6a8 0000000000000001
0x000072d02e4fe5c0:   000072d058221670 0000000000000000
0x000072d02e4fe5d0:   000072cf840acfc0 0000000000000000
0x000072d02e4fe5e0:   000072d02e4fe6a8 000072d02e4fe680
0x000072d02e4fe5f0:   000072d058221670 000072d02e2e18c1
0x000072d02e4fe600:   000072d02e4fe6a8 000072d05c4d9500
0x000072d02e4fe610:   000072cf7c04c7d0 000072d05c482156
0x000072d02e4fe620:   0000000000000001 000072d05c477546
0x000072d02e4fe630:   0000720000000000 000072cfcc4a7518
0x000072d02e4fe640:   000072d02e4fe690 000072d04830bdea
0x000072d02e4fe650:   0000000000000000 000072d058221670
0x000072d02e4fe660:   0000000000000000 000072cfcc4141c8
0x000072d02e4fe670:   000072d02e4fe718 000072d058221670
0x000072d02e4fe680:   000000062ac247b8 000072d05dd0b345
0x000072d02e4fe690:   000072d02e4fe700 000072d047d3f180
0x000072d02e4fe6a0:   000072d047d3f180 000072d05c477fd0
0x000072d02e4fe6b0:   0000000000000000 000072d02e4fe6b8
0x000072d02e4fe6c0:   000072cfcc4141cd 0000000000000003
0x000072d02e4fe6d0:   000072cfcc429db0 0000000000000000
0x000072d02e4fe6e0:   000000062aca6380 000072cfcc4141e8
0x000072d02e4fe6f0:   000072d02e4fe6a8 000072d02e4fe720 

Instructions: (pc=0x000072d05eea1743)
0x000072d05eea1643:   e9 ef fb ff 48 8b 83 88 08 00 00 4c 89 f6 48 01
0x000072d05eea1653:   44 24 60 48 8d 3d 8b 80 13 00 48 01 44 24 68 48
0x000072d05eea1663:   89 04 24 e8 95 e3 fd ff 48 8b 83 70 08 00 00 48
0x000072d05eea1673:   8d 3d 07 96 17 00 48 89 04 24 48 39 f8 0f 85 07
0x000072d05eea1683:   ff ff ff 8b 05 10 8d 17 00 ff 74 24 68 48 8d 35
0x000072d05eea1693:   d1 cd 13 00 4c 89 f7 ff 74 24 68 ff 74 24 68 ff
0x000072d05eea16a3:   74 24 68 ff 35 04 8d 17 00 50 31 c0 4c 8b 4c 24
0x000072d05eea16b3:   78 4c 8b 44 24 70 48 8b 4c 24 68 48 8b 54 24 60
0x000072d05eea16c3:   e8 68 ef fb ff 48 83 c4 30 48 8b 84 24 a8 11 00
0x000072d05eea16d3:   00 64 48 2b 04 25 28 00 00 00 75 1e 48 81 c4 b8
0x000072d05eea16e3:   11 00 00 31 c0 5b 5d 41 5c 41 5d 41 5e 41 5f c3
0x000072d05eea16f3:   e8 08 fc fe ff e9 7c fd ff ff e8 4e 4e 09 00 66
0x000072d05eea1703:   66 2e 0f 1f 84 00 00 00 00 00 0f 1f 00 48 83 ec
0x000072d05eea1713:   08 48 8b 4f 08 48 89 c8 48 83 e0 f8 48 3b 04 07
0x000072d05eea1723:   0f 85 ad 00 00 00 f3 0f 6f 47 10 48 8b 77 10 48
0x000072d05eea1733:   8b 57 18 66 0f 6f c8 66 48 0f 7e c0 66 0f 6c c8
0x000072d05eea1743:   48 3b 78 18 75 77 48 3b 7a 10 75 71 48 89 50 18
0x000072d05eea1753:   66 0f d6 42 10 48 81 f9 ff 03 00 00 76 3a 48 8b
0x000072d05eea1763:   57 20 48 85 d2 74 31 48 3b 7a 28 75 72 48 8b 4f
0x000072d05eea1773:   28 66 48 0f 6e c2 66 48 0f 6e d1 66 0f 6c c2 48
0x000072d05eea1783:   3b 79 20 75 5a 48 83 78 20 00 74 11 48 89 4a 28
0x000072d05eea1793:   48 8b 47 28 48 89 50 20 48 83 c4 08 c3 48 39 d7
0x000072d05eea17a3:   74 2b 0f 11 40 20 48 8b 57 20 48 89 42 28 48 8b
0x000072d05eea17b3:   57 28 48 89 42 20 eb e0 0f 1f 44 00 00 48 8d 3d
0x000072d05eea17c3:   47 7f 13 00 e8 14 f5 ff ff 0f 1f 40 00 0f 11 4e
0x000072d05eea17d3:   20 eb c5 48 8d 3d 14 7f 13 00 e8 fe f4 ff ff 48
0x000072d05eea17e3:   8d 3d 9f cd 13 00 e8 f2 f4 ff ff 66 90 41 57 48
0x000072d05eea17f3:   8d 47 60 41 56 41 55 49 89 fd 41 54 4c 8d 67 10
0x000072d05eea1803:   55 53 48 83 ec 38 c7 47 08 00 00 00 00 48 89 44
0x000072d05eea1813:   24 08 31 db 49 87 1c 24 48 85 db 75 75 49 83 c4
0x000072d05eea1823:   08 4c 39 64 24 08 75 ea 48 83 c4 38 5b 5d 41 5c
0x000072d05eea1833:   41 5d 41 5e 41 5f c3 66 0f 1f 44 00 00 43 f6 44 


Stack slot to memory mapping:

stack at sp + 0 slots: 0x000000000000000b is an unknown value
stack at sp + 1 slots: 0x000072d05eea28b9: <offset 0x00000000000a28b9> in /lib/x86_64-linux-gnu/libc.so.6 at 0x000072d05ee00000
stack at sp + 2 slots: 0x000000000000000b is an unknown value
stack at sp + 3 slots: 0x0 is null
stack at sp + 4 slots: 0x000000007c04c640 is an unknown value
stack at sp + 5 slots: 0x0 is null
stack at sp + 6 slots: 0x000072cf7c04cd90 points into unknown readable memory: 0x000072cf7c0cee90 | 90 ee 0c 7c cf 72 00 00
stack at sp + 7 slots: 0xfd8d1f16071a0500 is an unknown value


Compiled method (n/a) 14026  818     n 0       org.lwjgl.system.JNI::invokeV (native)
 total in heap  [0x000072d04830bb90,0x000072d04830bef0] = 864
 relocation     [0x000072d04830bce8,0x000072d04830bd20] = 56
 main code      [0x000072d04830bd20,0x000072d04830bee3] = 451
 stub code      [0x000072d04830bee3,0x000072d04830bee8] = 5
 oops           [0x000072d04830bee8,0x000072d04830bef0] = 8

[Constant Pool (empty)]

[MachCode]
[Entry Point]
  # {method} {0x000072cfcc4a7518} 'invokeV' '(J)V' in 'org/lwjgl/system/JNI'
  # parm0:    rsi:rsi   = long
  #           [sp+0x50]  (sp of caller)
  0x000072d04830bd20: 448b 5608 | 49bb 0000 | 00d7 cf72 | 0000 4d03 | d349 3bc2 | 0f84 0600 

  0x000072d04830bd38: ;   {runtime_call ic_miss_stub}
  0x000072d04830bd38: 0000 e941 | 93a7 ff90 
[Verified Entry Point]
  0x000072d04830bd40: 8984 2400 | c0fe ff55 | 488b ec48 | 83ec 4090 | 4181 7f20 | 0100 0000 

  0x000072d04830bd58: ;   {runtime_call StubRoutines (final stubs)}
  0x000072d04830bd58: 7405 e841 | f7a5 ff48 

  0x000072d04830bd60: ;   {oop(a 'java/lang/Class'{0x000000062ac247b8} = 'org/lwjgl/system/JNI')}
  0x000072d04830bd60: 8bd6 49be | b847 c22a | 0600 0000 | 4c89 7424 | 304c 8d74 | 2430 498b | f6c5 f877 

  0x000072d04830bd7c: ;   {internal_word}
  0x000072d04830bd7c: 49ba 79bd | 3048 d072 | 0000 4d89 | 97a0 0300 | 0049 89a7 | 9803 0000 

  0x000072d04830bd94: ;   {external_word}
  0x000072d04830bd94: 803d 12b3 | 8616 000f | 8432 0000 

  0x000072d04830bda0: ;   {metadata({method} {0x000072cfcc4a7518} 'invokeV' '(J)V' in 'org/lwjgl/system/JNI')}
  0x000072d04830bda0: 0056 5248 | be18 754a | cccf 7200 | 0049 8bff | 40f6 c40f | 0f84 1200 | 0000 4883 

  0x000072d04830bdbc: ;   {runtime_call SharedRuntime::dtrace_method_entry(JavaThread*, Method*)}
  0x000072d04830bdbc: ec08 e81d | 93eb 1548 | 83c4 08e9 | 0500 0000 

  0x000072d04830bdcc: ;   {runtime_call SharedRuntime::dtrace_method_entry(JavaThread*, Method*)}
  0x000072d04830bdcc: e80f 93eb | 155a 5e49 | 8dbf b803 | 0000 41c7 | 8744 0400 | 0004 0000 

  0x000072d04830bde4: ;   {runtime_call Java_org_lwjgl_system_JNI_invokeV__J}
  0x000072d04830bde4: 00e8 2654 | 7a14 c5f8 | 7741 c787 | 4404 0000 | 0500 0000 | f083 4424 | c000 493b | af48 0400 
  0x000072d04830be04: 000f 870e | 0000 0041 | 83bf 4004 | 0000 000f | 841c 0000 | 00c5 f877 | 498b ff4c | 8be4 4883 
  0x000072d04830be24: ec00 4883 

  0x000072d04830be28: ;   {runtime_call JavaThread::check_special_condition_for_native_trans(JavaThread*)}
  0x000072d04830be28: e4f0 e8f1 | eea1 1549 | 8be4 4d33 | e441 c787 | 4404 0000 | 0800 0000 | 4183 bfc0 | 0400 0002 
  0x000072d04830be48: 0f84 7700 

  0x000072d04830be4c: ;   {external_word}
  0x000072d04830be4c: 0000 803d | 58b2 8616 | 000f 842e 

  0x000072d04830be58: ;   {metadata({method} {0x000072cfcc4a7518} 'invokeV' '(J)V' in 'org/lwjgl/system/JNI')}
  0x000072d04830be58: 0000 0048 | be18 754a | cccf 7200 | 0049 8bff | 40f6 c40f | 0f84 1200 | 0000 4883 

  0x000072d04830be74: ;   {runtime_call SharedRuntime::dtrace_method_exit(JavaThread*, Method*)}
  0x000072d04830be74: ec08 e875 | 92eb 1548 | 83c4 08e9 | 0500 0000 

  0x000072d04830be84: ;   {runtime_call SharedRuntime::dtrace_method_exit(JavaThread*, Method*)}
  0x000072d04830be84: e867 92eb | 1549 c787 | 9803 0000 | 0000 0000 | 49c7 87a0 | 0300 0000 | 0000 00c5 | f877 498b 
  0x000072d04830bea4: 8f28 0400 | 00c7 8100 | 0100 0000 | 0000 00c9 | 4983 7f08 | 000f 8501 | 0000 00c3 

  0x000072d04830bec0: ;   {runtime_call StubRoutines (initial stubs)}
  0x000072d04830bec0: e93b bda2 | ffc5 f877 | 4c8b e448 | 83ec 0048 

  0x000072d04830bed0: ;   {runtime_call SharedRuntime::reguard_yellow_pages()}
  0x000072d04830bed0: 83e4 f0e8 | b8a0 eb15 | 498b e44d | 33e4 e96b | ffff fff4 | f4f4 f4f4 
[/MachCode]


---------------  P R O C E S S  ---------------

Threads class SMR info:
_java_thread_list=0x000072d058222720, length=13, elements={
0x000072d05802d8b0, 0x000072d058135ac0, 0x000072d058137020, 0x000072d0581387a0,
0x000072d058139dd0, 0x000072d05813b360, 0x000072d05813ce90, 0x000072d05813e540,
0x000072d05814ef40, 0x000072d05821b420, 0x000072d05821d780, 0x000072d058220440,
0x000072d058221670
}

Java Threads: ( => current thread )
  0x000072d05802d8b0 JavaThread "main"                              [_thread_blocked, id=78932, stack(0x000072d05f5d6000,0x000072d05f6d6000) (1024K)]
  0x000072d058135ac0 JavaThread "Reference Handler"          daemon [_thread_blocked, id=78940, stack(0x000072d02f7f9000,0x000072d02f8f9000) (1024K)]
  0x000072d058137020 JavaThread "Finalizer"                  daemon [_thread_blocked, id=78941, stack(0x000072d02f100000,0x000072d02f200000) (1024K)]
  0x000072d0581387a0 JavaThread "Signal Dispatcher"          daemon [_thread_blocked, id=78942, stack(0x000072d02f000000,0x000072d02f100000) (1024K)]
  0x000072d058139dd0 JavaThread "Service Thread"             daemon [_thread_blocked, id=78943, stack(0x000072d02ef00000,0x000072d02f000000) (1024K)]
  0x000072d05813b360 JavaThread "Monitor Deflation Thread"   daemon [_thread_blocked, id=78944, stack(0x000072d02ee00000,0x000072d02ef00000) (1024K)]
  0x000072d05813ce90 JavaThread "C2 CompilerThread0"         daemon [_thread_blocked, id=78945, stack(0x000072d02ed00000,0x000072d02ee00000) (1024K)]
  0x000072d05813e540 JavaThread "C1 CompilerThread0"         daemon [_thread_blocked, id=78946, stack(0x000072d02ec00000,0x000072d02ed00000) (1024K)]
  0x000072d05814ef40 JavaThread "Common-Cleaner"             daemon [_thread_blocked, id=78947, stack(0x000072d02eb00000,0x000072d02ec00000) (1024K)]
  0x000072d05821b420 JavaThread "Monitor Ctrl-Break"         daemon [_thread_in_native, id=78948, stack(0x000072d02ea00000,0x000072d02eb00000) (1024K)]
  0x000072d05821d780 JavaThread "Notification Thread"        daemon [_thread_blocked, id=78949, stack(0x000072d02e900000,0x000072d02ea00000) (1024K)]
  0x000072d058220440 JavaThread "Thread-0"                          [_thread_in_native, id=78950, stack(0x000072d02e500000,0x000072d02e600000) (1024K)]
=>0x000072d058221670 JavaThread "Thread-1"                          [_thread_in_native, id=78951, stack(0x000072d02e400000,0x000072d02e500000) (1024K)]
Total: 13

Other Threads:
  0x000072d05812c370 VMThread "VM Thread"                           [id=78939, stack(0x000072d02f8fa000,0x000072d02f9fa000) (1024K)]
  0x000072d05811a010 WatcherThread "VM Periodic Task Thread"        [id=78938, stack(0x000072d02f9fb000,0x000072d02fafb000) (1024K)]
  0x000072d058057e80 WorkerThread "GC Thread#0"                     [id=78933, stack(0x000072d05c4fe000,0x000072d05c5fe000) (1024K)]
  0x000072d058068eb0 ConcurrentGCThread "G1 Main Marker"            [id=78934, stack(0x000072d05c100000,0x000072d05c200000) (1024K)]
  0x000072d058069e50 WorkerThread "G1 Conc#0"                       [id=78935, stack(0x000072d036900000,0x000072d036a00000) (1024K)]
  0x000072d0581077c0 ConcurrentGCThread "G1 Refine#0"               [id=78936, stack(0x000072d02fbfd000,0x000072d02fcfd000) (1024K)]
  0x000072d058108770 ConcurrentGCThread "G1 Service"                [id=78937, stack(0x000072d02fafc000,0x000072d02fbfc000) (1024K)]
Total: 7

Threads with active compile tasks:
Total: 0

VM state: not at safepoint (normal execution)

VM Mutex/Monitor currently owned by a thread: None

Heap address: 0x000000060bc00000, size: 8004 MB, Compressed Oops mode: Zero based, Oop shift amount: 3

CDS archive(s) mapped at: [0x000072cfd7000000-0x000072cfd7c97000-0x000072cfd7c97000), size 13201408, SharedBaseAddress: 0x000072cfd7000000, ArchiveRelocationMode: 1.
Compressed class space mapped at: 0x000072cfd8000000-0x000072d018000000, reserved size: 1073741824
Narrow klass base: 0x000072cfd7000000, Narrow klass shift: 0, Narrow klass range: 0x100000000

GC Precious Log:
 CardTable entry size: 512
 Card Set container configuration: InlinePtr #cards 4 size 8 Array Of Cards #cards 32 size 80 Howl #buckets 8 coarsen threshold 7372 Howl Bitmap #cards 1024 size 144 coarsen threshold 921 Card regions per heap region 1 cards per card region 8192
 CPUs: 12 total, 12 available
 Memory: 32009M
 Large Page Support: Disabled
 NUMA Support: Disabled
 Compressed Oops: Enabled (Zero based)
 Heap Region Size: 4M
 Heap Min Capacity: 8M
 Heap Initial Capacity: 504M
 Heap Max Capacity: 8004M
 Pre-touch: Disabled
 Parallel Workers: 10
 Concurrent Workers: 3
 Concurrent Refinement Workers: 10
 Periodic GC: Disabled

Heap:
 garbage-first heap   total 520192K, used 9265K [0x000000060bc00000, 0x0000000800000000)
  region size 4096K, 3 young (12288K), 0 survivors (0K)
 Metaspace       used 4975K, committed 5184K, reserved 1114112K
  class space    used 298K, committed 384K, reserved 1048576K

Heap Regions: E=young(eden), S=young(survivor), O=old, HS=humongous(starts), HC=humongous(continues), CS=collection set, F=free, TAMS=top-at-mark-start, PB=parsable bottom
|   0|0x000000060bc00000, 0x000000060bc00000, 0x000000060c000000|  0%| F|  |TAMS 0x000000060bc00000| PB 0x000000060bc00000| Untracked 
|   1|0x000000060c000000, 0x000000060c000000, 0x000000060c400000|  0%| F|  |TAMS 0x000000060c000000| PB 0x000000060c000000| Untracked 
|   2|0x000000060c400000, 0x000000060c400000, 0x000000060c800000|  0%| F|  |TAMS 0x000000060c400000| PB 0x000000060c400000| Untracked 
|   3|0x000000060c800000, 0x000000060c800000, 0x000000060cc00000|  0%| F|  |TAMS 0x000000060c800000| PB 0x000000060c800000| Untracked 
|   4|0x000000060cc00000, 0x000000060cc00000, 0x000000060d000000|  0%| F|  |TAMS 0x000000060cc00000| PB 0x000000060cc00000| Untracked 
|   5|0x000000060d000000, 0x000000060d000000, 0x000000060d400000|  0%| F|  |TAMS 0x000000060d000000| PB 0x000000060d000000| Untracked 
|   6|0x000000060d400000, 0x000000060d400000, 0x000000060d800000|  0%| F|  |TAMS 0x000000060d400000| PB 0x000000060d400000| Untracked 
|   7|0x000000060d800000, 0x000000060d800000, 0x000000060dc00000|  0%| F|  |TAMS 0x000000060d800000| PB 0x000000060d800000| Untracked 
|   8|0x000000060dc00000, 0x000000060dc00000, 0x000000060e000000|  0%| F|  |TAMS 0x000000060dc00000| PB 0x000000060dc00000| Untracked 
|   9|0x000000060e000000, 0x000000060e000000, 0x000000060e400000|  0%| F|  |TAMS 0x000000060e000000| PB 0x000000060e000000| Untracked 
|  10|0x000000060e400000, 0x000000060e400000, 0x000000060e800000|  0%| F|  |TAMS 0x000000060e400000| PB 0x000000060e400000| Untracked 
|  11|0x000000060e800000, 0x000000060e800000, 0x000000060ec00000|  0%| F|  |TAMS 0x000000060e800000| PB 0x000000060e800000| Untracked 
|  12|0x000000060ec00000, 0x000000060ec00000, 0x000000060f000000|  0%| F|  |TAMS 0x000000060ec00000| PB 0x000000060ec00000| Untracked 
|  13|0x000000060f000000, 0x000000060f000000, 0x000000060f400000|  0%| F|  |TAMS 0x000000060f000000| PB 0x000000060f000000| Untracked 
|  14|0x000000060f400000, 0x000000060f400000, 0x000000060f800000|  0%| F|  |TAMS 0x000000060f400000| PB 0x000000060f400000| Untracked 
|  15|0x000000060f800000, 0x000000060f800000, 0x000000060fc00000|  0%| F|  |TAMS 0x000000060f800000| PB 0x000000060f800000| Untracked 
|  16|0x000000060fc00000, 0x000000060fc00000, 0x0000000610000000|  0%| F|  |TAMS 0x000000060fc00000| PB 0x000000060fc00000| Untracked 
|  17|0x0000000610000000, 0x0000000610000000, 0x0000000610400000|  0%| F|  |TAMS 0x0000000610000000| PB 0x0000000610000000| Untracked 
|  18|0x0000000610400000, 0x0000000610400000, 0x0000000610800000|  0%| F|  |TAMS 0x0000000610400000| PB 0x0000000610400000| Untracked 
|  19|0x0000000610800000, 0x0000000610800000, 0x0000000610c00000|  0%| F|  |TAMS 0x0000000610800000| PB 0x0000000610800000| Untracked 
|  20|0x0000000610c00000, 0x0000000610c00000, 0x0000000611000000|  0%| F|  |TAMS 0x0000000610c00000| PB 0x0000000610c00000| Untracked 
|  21|0x0000000611000000, 0x0000000611000000, 0x0000000611400000|  0%| F|  |TAMS 0x0000000611000000| PB 0x0000000611000000| Untracked 
|  22|0x0000000611400000, 0x0000000611400000, 0x0000000611800000|  0%| F|  |TAMS 0x0000000611400000| PB 0x0000000611400000| Untracked 
|  23|0x0000000611800000, 0x0000000611800000, 0x0000000611c00000|  0%| F|  |TAMS 0x0000000611800000| PB 0x0000000611800000| Untracked 
|  24|0x0000000611c00000, 0x0000000611c00000, 0x0000000612000000|  0%| F|  |TAMS 0x0000000611c00000| PB 0x0000000611c00000| Untracked 
|  25|0x0000000612000000, 0x0000000612000000, 0x0000000612400000|  0%| F|  |TAMS 0x0000000612000000| PB 0x0000000612000000| Untracked 
|  26|0x0000000612400000, 0x0000000612400000, 0x0000000612800000|  0%| F|  |TAMS 0x0000000612400000| PB 0x0000000612400000| Untracked 
|  27|0x0000000612800000, 0x0000000612800000, 0x0000000612c00000|  0%| F|  |TAMS 0x0000000612800000| PB 0x0000000612800000| Untracked 
|  28|0x0000000612c00000, 0x0000000612c00000, 0x0000000613000000|  0%| F|  |TAMS 0x0000000612c00000| PB 0x0000000612c00000| Untracked 
|  29|0x0000000613000000, 0x0000000613000000, 0x0000000613400000|  0%| F|  |TAMS 0x0000000613000000| PB 0x0000000613000000| Untracked 
|  30|0x0000000613400000, 0x0000000613400000, 0x0000000613800000|  0%| F|  |TAMS 0x0000000613400000| PB 0x0000000613400000| Untracked 
|  31|0x0000000613800000, 0x0000000613800000, 0x0000000613c00000|  0%| F|  |TAMS 0x0000000613800000| PB 0x0000000613800000| Untracked 
|  32|0x0000000613c00000, 0x0000000613c00000, 0x0000000614000000|  0%| F|  |TAMS 0x0000000613c00000| PB 0x0000000613c00000| Untracked 
|  33|0x0000000614000000, 0x0000000614000000, 0x0000000614400000|  0%| F|  |TAMS 0x0000000614000000| PB 0x0000000614000000| Untracked 
|  34|0x0000000614400000, 0x0000000614400000, 0x0000000614800000|  0%| F|  |TAMS 0x0000000614400000| PB 0x0000000614400000| Untracked 
|  35|0x0000000614800000, 0x0000000614800000, 0x0000000614c00000|  0%| F|  |TAMS 0x0000000614800000| PB 0x0000000614800000| Untracked 
|  36|0x0000000614c00000, 0x0000000614c00000, 0x0000000615000000|  0%| F|  |TAMS 0x0000000614c00000| PB 0x0000000614c00000| Untracked 
|  37|0x0000000615000000, 0x0000000615000000, 0x0000000615400000|  0%| F|  |TAMS 0x0000000615000000| PB 0x0000000615000000| Untracked 
|  38|0x0000000615400000, 0x0000000615400000, 0x0000000615800000|  0%| F|  |TAMS 0x0000000615400000| PB 0x0000000615400000| Untracked 
|  39|0x0000000615800000, 0x0000000615800000, 0x0000000615c00000|  0%| F|  |TAMS 0x0000000615800000| PB 0x0000000615800000| Untracked 
|  40|0x0000000615c00000, 0x0000000615c00000, 0x0000000616000000|  0%| F|  |TAMS 0x0000000615c00000| PB 0x0000000615c00000| Untracked 
|  41|0x0000000616000000, 0x0000000616000000, 0x0000000616400000|  0%| F|  |TAMS 0x0000000616000000| PB 0x0000000616000000| Untracked 
|  42|0x0000000616400000, 0x0000000616400000, 0x0000000616800000|  0%| F|  |TAMS 0x0000000616400000| PB 0x0000000616400000| Untracked 
|  43|0x0000000616800000, 0x0000000616800000, 0x0000000616c00000|  0%| F|  |TAMS 0x0000000616800000| PB 0x0000000616800000| Untracked 
|  44|0x0000000616c00000, 0x0000000616c00000, 0x0000000617000000|  0%| F|  |TAMS 0x0000000616c00000| PB 0x0000000616c00000| Untracked 
|  45|0x0000000617000000, 0x0000000617000000, 0x0000000617400000|  0%| F|  |TAMS 0x0000000617000000| PB 0x0000000617000000| Untracked 
|  46|0x0000000617400000, 0x0000000617400000, 0x0000000617800000|  0%| F|  |TAMS 0x0000000617400000| PB 0x0000000617400000| Untracked 
|  47|0x0000000617800000, 0x0000000617800000, 0x0000000617c00000|  0%| F|  |TAMS 0x0000000617800000| PB 0x0000000617800000| Untracked 
|  48|0x0000000617c00000, 0x0000000617c00000, 0x0000000618000000|  0%| F|  |TAMS 0x0000000617c00000| PB 0x0000000617c00000| Untracked 
|  49|0x0000000618000000, 0x0000000618000000, 0x0000000618400000|  0%| F|  |TAMS 0x0000000618000000| PB 0x0000000618000000| Untracked 
|  50|0x0000000618400000, 0x0000000618400000, 0x0000000618800000|  0%| F|  |TAMS 0x0000000618400000| PB 0x0000000618400000| Untracked 
|  51|0x0000000618800000, 0x0000000618800000, 0x0000000618c00000|  0%| F|  |TAMS 0x0000000618800000| PB 0x0000000618800000| Untracked 
|  52|0x0000000618c00000, 0x0000000618c00000, 0x0000000619000000|  0%| F|  |TAMS 0x0000000618c00000| PB 0x0000000618c00000| Untracked 
|  53|0x0000000619000000, 0x0000000619000000, 0x0000000619400000|  0%| F|  |TAMS 0x0000000619000000| PB 0x0000000619000000| Untracked 
|  54|0x0000000619400000, 0x0000000619400000, 0x0000000619800000|  0%| F|  |TAMS 0x0000000619400000| PB 0x0000000619400000| Untracked 
|  55|0x0000000619800000, 0x0000000619800000, 0x0000000619c00000|  0%| F|  |TAMS 0x0000000619800000| PB 0x0000000619800000| Untracked 
|  56|0x0000000619c00000, 0x0000000619c00000, 0x000000061a000000|  0%| F|  |TAMS 0x0000000619c00000| PB 0x0000000619c00000| Untracked 
|  57|0x000000061a000000, 0x000000061a000000, 0x000000061a400000|  0%| F|  |TAMS 0x000000061a000000| PB 0x000000061a000000| Untracked 
|  58|0x000000061a400000, 0x000000061a400000, 0x000000061a800000|  0%| F|  |TAMS 0x000000061a400000| PB 0x000000061a400000| Untracked 
|  59|0x000000061a800000, 0x000000061a800000, 0x000000061ac00000|  0%| F|  |TAMS 0x000000061a800000| PB 0x000000061a800000| Untracked 
|  60|0x000000061ac00000, 0x000000061ac00000, 0x000000061b000000|  0%| F|  |TAMS 0x000000061ac00000| PB 0x000000061ac00000| Untracked 
|  61|0x000000061b000000, 0x000000061b000000, 0x000000061b400000|  0%| F|  |TAMS 0x000000061b000000| PB 0x000000061b000000| Untracked 
|  62|0x000000061b400000, 0x000000061b400000, 0x000000061b800000|  0%| F|  |TAMS 0x000000061b400000| PB 0x000000061b400000| Untracked 
|  63|0x000000061b800000, 0x000000061b800000, 0x000000061bc00000|  0%| F|  |TAMS 0x000000061b800000| PB 0x000000061b800000| Untracked 
|  64|0x000000061bc00000, 0x000000061bc00000, 0x000000061c000000|  0%| F|  |TAMS 0x000000061bc00000| PB 0x000000061bc00000| Untracked 
|  65|0x000000061c000000, 0x000000061c000000, 0x000000061c400000|  0%| F|  |TAMS 0x000000061c000000| PB 0x000000061c000000| Untracked 
|  66|0x000000061c400000, 0x000000061c400000, 0x000000061c800000|  0%| F|  |TAMS 0x000000061c400000| PB 0x000000061c400000| Untracked 
|  67|0x000000061c800000, 0x000000061c800000, 0x000000061cc00000|  0%| F|  |TAMS 0x000000061c800000| PB 0x000000061c800000| Untracked 
|  68|0x000000061cc00000, 0x000000061cc00000, 0x000000061d000000|  0%| F|  |TAMS 0x000000061cc00000| PB 0x000000061cc00000| Untracked 
|  69|0x000000061d000000, 0x000000061d000000, 0x000000061d400000|  0%| F|  |TAMS 0x000000061d000000| PB 0x000000061d000000| Untracked 
|  70|0x000000061d400000, 0x000000061d400000, 0x000000061d800000|  0%| F|  |TAMS 0x000000061d400000| PB 0x000000061d400000| Untracked 
|  71|0x000000061d800000, 0x000000061d800000, 0x000000061dc00000|  0%| F|  |TAMS 0x000000061d800000| PB 0x000000061d800000| Untracked 
|  72|0x000000061dc00000, 0x000000061dc00000, 0x000000061e000000|  0%| F|  |TAMS 0x000000061dc00000| PB 0x000000061dc00000| Untracked 
|  73|0x000000061e000000, 0x000000061e000000, 0x000000061e400000|  0%| F|  |TAMS 0x000000061e000000| PB 0x000000061e000000| Untracked 
|  74|0x000000061e400000, 0x000000061e400000, 0x000000061e800000|  0%| F|  |TAMS 0x000000061e400000| PB 0x000000061e400000| Untracked 
|  75|0x000000061e800000, 0x000000061e800000, 0x000000061ec00000|  0%| F|  |TAMS 0x000000061e800000| PB 0x000000061e800000| Untracked 
|  76|0x000000061ec00000, 0x000000061ec00000, 0x000000061f000000|  0%| F|  |TAMS 0x000000061ec00000| PB 0x000000061ec00000| Untracked 
|  77|0x000000061f000000, 0x000000061f000000, 0x000000061f400000|  0%| F|  |TAMS 0x000000061f000000| PB 0x000000061f000000| Untracked 
|  78|0x000000061f400000, 0x000000061f400000, 0x000000061f800000|  0%| F|  |TAMS 0x000000061f400000| PB 0x000000061f400000| Untracked 
|  79|0x000000061f800000, 0x000000061f800000, 0x000000061fc00000|  0%| F|  |TAMS 0x000000061f800000| PB 0x000000061f800000| Untracked 
|  80|0x000000061fc00000, 0x000000061fc00000, 0x0000000620000000|  0%| F|  |TAMS 0x000000061fc00000| PB 0x000000061fc00000| Untracked 
|  81|0x0000000620000000, 0x0000000620000000, 0x0000000620400000|  0%| F|  |TAMS 0x0000000620000000| PB 0x0000000620000000| Untracked 
|  82|0x0000000620400000, 0x0000000620400000, 0x0000000620800000|  0%| F|  |TAMS 0x0000000620400000| PB 0x0000000620400000| Untracked 
|  83|0x0000000620800000, 0x0000000620800000, 0x0000000620c00000|  0%| F|  |TAMS 0x0000000620800000| PB 0x0000000620800000| Untracked 
|  84|0x0000000620c00000, 0x0000000620c00000, 0x0000000621000000|  0%| F|  |TAMS 0x0000000620c00000| PB 0x0000000620c00000| Untracked 
|  85|0x0000000621000000, 0x0000000621000000, 0x0000000621400000|  0%| F|  |TAMS 0x0000000621000000| PB 0x0000000621000000| Untracked 
|  86|0x0000000621400000, 0x0000000621400000, 0x0000000621800000|  0%| F|  |TAMS 0x0000000621400000| PB 0x0000000621400000| Untracked 
|  87|0x0000000621800000, 0x0000000621800000, 0x0000000621c00000|  0%| F|  |TAMS 0x0000000621800000| PB 0x0000000621800000| Untracked 
|  88|0x0000000621c00000, 0x0000000621c00000, 0x0000000622000000|  0%| F|  |TAMS 0x0000000621c00000| PB 0x0000000621c00000| Untracked 
|  89|0x0000000622000000, 0x0000000622000000, 0x0000000622400000|  0%| F|  |TAMS 0x0000000622000000| PB 0x0000000622000000| Untracked 
|  90|0x0000000622400000, 0x0000000622400000, 0x0000000622800000|  0%| F|  |TAMS 0x0000000622400000| PB 0x0000000622400000| Untracked 
|  91|0x0000000622800000, 0x0000000622800000, 0x0000000622c00000|  0%| F|  |TAMS 0x0000000622800000| PB 0x0000000622800000| Untracked 
|  92|0x0000000622c00000, 0x0000000622c00000, 0x0000000623000000|  0%| F|  |TAMS 0x0000000622c00000| PB 0x0000000622c00000| Untracked 
|  93|0x0000000623000000, 0x0000000623000000, 0x0000000623400000|  0%| F|  |TAMS 0x0000000623000000| PB 0x0000000623000000| Untracked 
|  94|0x0000000623400000, 0x0000000623400000, 0x0000000623800000|  0%| F|  |TAMS 0x0000000623400000| PB 0x0000000623400000| Untracked 
|  95|0x0000000623800000, 0x0000000623800000, 0x0000000623c00000|  0%| F|  |TAMS 0x0000000623800000| PB 0x0000000623800000| Untracked 
|  96|0x0000000623c00000, 0x0000000623c00000, 0x0000000624000000|  0%| F|  |TAMS 0x0000000623c00000| PB 0x0000000623c00000| Untracked 
|  97|0x0000000624000000, 0x0000000624000000, 0x0000000624400000|  0%| F|  |TAMS 0x0000000624000000| PB 0x0000000624000000| Untracked 
|  98|0x0000000624400000, 0x0000000624400000, 0x0000000624800000|  0%| F|  |TAMS 0x0000000624400000| PB 0x0000000624400000| Untracked 
|  99|0x0000000624800000, 0x0000000624800000, 0x0000000624c00000|  0%| F|  |TAMS 0x0000000624800000| PB 0x0000000624800000| Untracked 
| 100|0x0000000624c00000, 0x0000000624c00000, 0x0000000625000000|  0%| F|  |TAMS 0x0000000624c00000| PB 0x0000000624c00000| Untracked 
| 101|0x0000000625000000, 0x0000000625000000, 0x0000000625400000|  0%| F|  |TAMS 0x0000000625000000| PB 0x0000000625000000| Untracked 
| 102|0x0000000625400000, 0x0000000625400000, 0x0000000625800000|  0%| F|  |TAMS 0x0000000625400000| PB 0x0000000625400000| Untracked 
| 103|0x0000000625800000, 0x0000000625800000, 0x0000000625c00000|  0%| F|  |TAMS 0x0000000625800000| PB 0x0000000625800000| Untracked 
| 104|0x0000000625c00000, 0x0000000625c00000, 0x0000000626000000|  0%| F|  |TAMS 0x0000000625c00000| PB 0x0000000625c00000| Untracked 
| 105|0x0000000626000000, 0x0000000626000000, 0x0000000626400000|  0%| F|  |TAMS 0x0000000626000000| PB 0x0000000626000000| Untracked 
| 106|0x0000000626400000, 0x0000000626400000, 0x0000000626800000|  0%| F|  |TAMS 0x0000000626400000| PB 0x0000000626400000| Untracked 
| 107|0x0000000626800000, 0x0000000626800000, 0x0000000626c00000|  0%| F|  |TAMS 0x0000000626800000| PB 0x0000000626800000| Untracked 
| 108|0x0000000626c00000, 0x0000000626c00000, 0x0000000627000000|  0%| F|  |TAMS 0x0000000626c00000| PB 0x0000000626c00000| Untracked 
| 109|0x0000000627000000, 0x0000000627000000, 0x0000000627400000|  0%| F|  |TAMS 0x0000000627000000| PB 0x0000000627000000| Untracked 
| 110|0x0000000627400000, 0x0000000627400000, 0x0000000627800000|  0%| F|  |TAMS 0x0000000627400000| PB 0x0000000627400000| Untracked 
| 111|0x0000000627800000, 0x0000000627800000, 0x0000000627c00000|  0%| F|  |TAMS 0x0000000627800000| PB 0x0000000627800000| Untracked 
| 112|0x0000000627c00000, 0x0000000627c00000, 0x0000000628000000|  0%| F|  |TAMS 0x0000000627c00000| PB 0x0000000627c00000| Untracked 
| 113|0x0000000628000000, 0x0000000628000000, 0x0000000628400000|  0%| F|  |TAMS 0x0000000628000000| PB 0x0000000628000000| Untracked 
| 114|0x0000000628400000, 0x0000000628400000, 0x0000000628800000|  0%| F|  |TAMS 0x0000000628400000| PB 0x0000000628400000| Untracked 
| 115|0x0000000628800000, 0x0000000628800000, 0x0000000628c00000|  0%| F|  |TAMS 0x0000000628800000| PB 0x0000000628800000| Untracked 
| 116|0x0000000628c00000, 0x0000000628c00000, 0x0000000629000000|  0%| F|  |TAMS 0x0000000628c00000| PB 0x0000000628c00000| Untracked 
| 117|0x0000000629000000, 0x0000000629000000, 0x0000000629400000|  0%| F|  |TAMS 0x0000000629000000| PB 0x0000000629000000| Untracked 
| 118|0x0000000629400000, 0x0000000629400000, 0x0000000629800000|  0%| F|  |TAMS 0x0000000629400000| PB 0x0000000629400000| Untracked 
| 119|0x0000000629800000, 0x0000000629800000, 0x0000000629c00000|  0%| F|  |TAMS 0x0000000629800000| PB 0x0000000629800000| Untracked 
| 120|0x0000000629c00000, 0x0000000629c00000, 0x000000062a000000|  0%| F|  |TAMS 0x0000000629c00000| PB 0x0000000629c00000| Untracked 
| 121|0x000000062a000000, 0x000000062a000000, 0x000000062a400000|  0%| F|  |TAMS 0x000000062a000000| PB 0x000000062a000000| Untracked 
| 122|0x000000062a400000, 0x000000062a400000, 0x000000062a800000|  0%| F|  |TAMS 0x000000062a400000| PB 0x000000062a400000| Untracked 
| 123|0x000000062a800000, 0x000000062ab25ff0, 0x000000062ac00000| 78%| E|  |TAMS 0x000000062a800000| PB 0x000000062a800000| Complete 
| 124|0x000000062ac00000, 0x000000062b000000, 0x000000062b000000|100%| E|CS|TAMS 0x000000062ac00000| PB 0x000000062ac00000| Complete 
| 125|0x000000062b000000, 0x000000062b400000, 0x000000062b400000|100%| E|CS|TAMS 0x000000062b000000| PB 0x000000062b000000| Complete 
|2000|0x00000007ffc00000, 0x00000007ffd0c668, 0x0000000800000000| 26%| O|  |TAMS 0x00000007ffc00000| PB 0x00000007ffc00000| Untracked 

Card table byte_map: [0x000072d03e800000,0x000072d03f7a2000] _byte_map_base: 0x000072d03b7a2000

Marking Bits: (CMBitMap*) 0x000072d0580589a0
 Bits: [0x000072d036a00000, 0x000072d03e710000)

Polling page: 0x000072d05f800000

Metaspace:

Usage:
  Non-class:      4.57 MB used.
      Class:    298.41 KB used.
       Both:      4.86 MB used.

Virtual space:
  Non-class space:       64.00 MB reserved,       4.69 MB (  7%) committed,  1 nodes.
      Class space:        1.00 GB reserved,     384.00 KB ( <1%) committed,  1 nodes.
             Both:        1.06 GB reserved,       5.06 MB ( <1%) committed. 

Chunk freelists:
   Non-Class:  9.41 MB
       Class:  15.59 MB
        Both:  25.00 MB

MaxMetaspaceSize: unlimited
CompressedClassSpaceSize: 1.00 GB
Initial GC threshold: 21.00 MB
Current GC threshold: 21.00 MB
CDS: on
 - commit_granule_bytes: 65536.
 - commit_granule_words: 8192.
 - virtual_space_node_default_size: 8388608.
 - enlarge_chunks_in_place: 1.
 - use_allocation_guard: 0.


Internal statistics:

num_allocs_failed_limit: 0.
num_arena_births: 136.
num_arena_deaths: 0.
num_vsnodes_births: 2.
num_vsnodes_deaths: 0.
num_space_committed: 79.
num_space_uncommitted: 0.
num_chunks_returned_to_freelist: 0.
num_chunks_taken_from_freelist: 258.
num_chunk_merges: 0.
num_chunk_splits: 173.
num_chunks_enlarged: 112.
num_inconsistent_stats: 0.

CodeHeap 'non-profiled nmethods': size=120028Kb used=269Kb max_used=269Kb free=119758Kb
 bounds [0x000072d0482c9000, 0x000072d048539000, 0x000072d04f800000]
CodeHeap 'profiled nmethods': size=120028Kb used=1208Kb max_used=1208Kb free=118819Kb
 bounds [0x000072d040800000, 0x000072d040a70000, 0x000072d047d37000]
CodeHeap 'non-nmethods': size=5704Kb used=2082Kb max_used=2085Kb free=3622Kb
 bounds [0x000072d047d37000, 0x000072d047fa7000, 0x000072d0482c9000]
 total_blobs=1920 nmethods=831 adapters=995
 compilation: enabled
              stopped_count=0, restarted_count=0
 full_count=0

Compilation events (20 events):
Event: 4.763 Thread 0x000072d05813e540  822       3       org.lwjgl.opengl.GL11::glBindTexture (6 bytes)
Event: 4.764 Thread 0x000072d05813e540 nmethod 822 0x000072d04092bf90 code [0x000072d04092c140, 0x000072d04092c258]
Event: 4.780 Thread 0x000072d05813e540  823       3       org.lwjgl.glfw.GLFW::glfwWindowShouldClose (29 bytes)
Event: 4.780 Thread 0x000072d05813e540 nmethod 823 0x000072d04092c310 code [0x000072d04092c4e0, 0x000072d04092c7c0]
Event: 4.780 Thread 0x000072d05813e540  824       3       org.lwjgl.opengl.GL11::glEnable (5 bytes)
Event: 4.780 Thread 0x000072d05813e540 nmethod 824 0x000072d04092c910 code [0x000072d04092cac0, 0x000072d04092cbd8]
Event: 4.780 Thread 0x000072d05813e540  825       3       org.lwjgl.opengl.GL11::glDrawElements (8 bytes)
Event: 4.780 Thread 0x000072d05813e540 nmethod 825 0x000072d04092cc90 code [0x000072d04092ce40, 0x000072d04092cf58]
Event: 4.797 Thread 0x000072d05813e540  826       3       org.lwjgl.glfw.GLFW::glfwPollEvents (9 bytes)
Event: 4.797 Thread 0x000072d05813e540 nmethod 826 0x000072d04092d010 code [0x000072d04092d1c0, 0x000072d04092d2e0]
Event: 6.913 Thread 0x000072d05813e540  827       3       org.lwjgl.opengl.GL11C::glDrawElements (8 bytes)
Event: 6.913 Thread 0x000072d05813e540 nmethod 827 0x000072d04092d390 code [0x000072d04092d540, 0x000072d04092d658]
Event: 6.913 Thread 0x000072d05813e540  828       3       org.lwjgl.opengl.GL11::glDisable (5 bytes)
Event: 6.913 Thread 0x000072d05813e540 nmethod 828 0x000072d04092d710 code [0x000072d04092d8c0, 0x000072d04092d9d8]
Event: 6.913 Thread 0x000072d05813e540  829       3       org.lwjgl.opengl.GL11::glDrawArrays (7 bytes)
Event: 6.913 Thread 0x000072d05813e540 nmethod 829 0x000072d04092da90 code [0x000072d04092dc40, 0x000072d04092dd58]
Event: 6.913 Thread 0x000072d05813e540  830       3       org.lwjgl.glfw.GLFW::glfwSwapBuffers (21 bytes)
Event: 6.914 Thread 0x000072d05813e540 nmethod 830 0x000072d04092de10 code [0x000072d04092dfe0, 0x000072d04092e270]
Event: 12.773 Thread 0x000072d05813e540  831       1       jdk.internal.event.ThreadSleepEvent::isEnabled (2 bytes)
Event: 12.773 Thread 0x000072d05813e540 nmethod 831 0x000072d04830c290 code [0x000072d04830c420, 0x000072d04830c4e0]

GC Heap History (0 events):
No events

Dll operation events (13 events):
Event: 0.002 Loaded shared library /home/eddie/.sdkman/candidates/java/21.0.5-amzn/lib/libjava.so
Event: 0.017 Loaded shared library /home/eddie/.sdkman/candidates/java/21.0.5-amzn/lib/libjsvml.so
Event: 0.044 Loaded shared library /home/eddie/.sdkman/candidates/java/21.0.5-amzn/lib/libzip.so
Event: 0.046 Loaded shared library /home/eddie/.sdkman/candidates/java/21.0.5-amzn/lib/libinstrument.so
Event: 0.048 Loaded shared library /home/eddie/.sdkman/candidates/java/21.0.5-amzn/lib/libnio.so
Event: 0.050 Loaded shared library /home/eddie/.sdkman/candidates/java/21.0.5-amzn/lib/libzip.so
Event: 0.063 Loaded shared library /home/eddie/.sdkman/candidates/java/21.0.5-amzn/lib/libnet.so
Event: 0.065 Loaded shared library /home/eddie/.sdkman/candidates/java/21.0.5-amzn/lib/libextnet.so
Event: 0.082 Loaded shared library /home/eddie/.sdkman/candidates/java/21.0.5-amzn/lib/libjimage.so
Event: 0.090 Loaded shared library /tmp/lwjgl_eddie/3.3.6+1/x64/liblwjgl.so
Event: 0.333 Loaded shared library /tmp/lwjgl_eddie/3.3.6+1/x64/liblwjgl_opengl.so
Event: 0.548 Loaded shared library /home/eddie/.sdkman/candidates/java/21.0.5-amzn/lib/libawt.so
Event: 0.549 Loaded shared library /home/eddie/.sdkman/candidates/java/21.0.5-amzn/lib/libawt_xawt.so

Deoptimization events (20 events):
Event: 0.135 Thread 0x000072d058220440 DEOPT PACKING pc=0x000072d04089b9f5 sp=0x000072d02e5fcf80
Event: 0.135 Thread 0x000072d058220440 DEOPT UNPACKING pc=0x000072d047d8b72f sp=0x000072d02e5fc438 mode 0
Event: 0.136 Thread 0x000072d058220440 DEOPT PACKING pc=0x000072d04089b9f5 sp=0x000072d02e5fcf80
Event: 0.136 Thread 0x000072d058220440 DEOPT UNPACKING pc=0x000072d047d8b72f sp=0x000072d02e5fc438 mode 0
Event: 0.137 Thread 0x000072d058220440 DEOPT PACKING pc=0x000072d04089b9f5 sp=0x000072d02e5fcf80
Event: 0.137 Thread 0x000072d058220440 DEOPT UNPACKING pc=0x000072d047d8b72f sp=0x000072d02e5fc438 mode 0
Event: 0.341 Thread 0x000072d058221670 Uncommon trap: trap_request=0xffffff54 fr.pc=0x000072d0482f96f0 relative=0x0000000000000070
Event: 0.341 Thread 0x000072d058221670 Uncommon trap: reason=speculate_null_assert action=make_not_entrant pc=0x000072d0482f96f0 method=sun.misc.Unsafe.putLong(Ljava/lang/Object;JJ)V @ 7 c2
Event: 0.341 Thread 0x000072d058221670 DEOPT PACKING pc=0x000072d0482f96f0 sp=0x000072d02e4fe310
Event: 0.341 Thread 0x000072d058221670 DEOPT UNPACKING pc=0x000072d047d8af99 sp=0x000072d02e4fe2a8 mode 2
Event: 0.523 Thread 0x000072d058221670 DEOPT PACKING pc=0x000072d04082d4c8 sp=0x000072d02e4efb90
Event: 0.523 Thread 0x000072d058221670 DEOPT UNPACKING pc=0x000072d047d8b72f sp=0x000072d02e4eefd0 mode 0
Event: 0.544 Thread 0x000072d058221670 Uncommon trap: trap_request=0xffffff45 fr.pc=0x000072d0482dca60 relative=0x00000000000000c0
Event: 0.544 Thread 0x000072d058221670 Uncommon trap: reason=unstable_if action=reinterpret pc=0x000072d0482dca60 method=java.lang.String.isLatin1()Z @ 10 c2
Event: 0.544 Thread 0x000072d058221670 DEOPT PACKING pc=0x000072d0482dca60 sp=0x000072d02e4fe350
Event: 0.544 Thread 0x000072d058221670 DEOPT UNPACKING pc=0x000072d047d8af99 sp=0x000072d02e4fe2b0 mode 2
Event: 0.544 Thread 0x000072d058221670 Uncommon trap: trap_request=0xffffff45 fr.pc=0x000072d0482ec4ec relative=0x000000000000006c
Event: 0.544 Thread 0x000072d058221670 Uncommon trap: reason=unstable_if action=reinterpret pc=0x000072d0482ec4ec method=java.lang.String.isLatin1()Z @ 10 c2
Event: 0.544 Thread 0x000072d058221670 DEOPT PACKING pc=0x000072d0482ec4ec sp=0x000072d02e4fe300
Event: 0.544 Thread 0x000072d058221670 DEOPT UNPACKING pc=0x000072d047d8af99 sp=0x000072d02e4fe2b0 mode 2

Classes loaded (20 events):
Event: 0.547 Loading class java/util/ResourceBundle$BundleReference
Event: 0.547 Loading class java/util/ResourceBundle$BundleReference done
Event: 0.547 Loading class sun/awt/resources/awt_en
Event: 0.547 Loading class sun/awt/resources/awt_en done
Event: 0.547 Loading class sun/awt/resources/awt_en
Event: 0.547 Loading class sun/awt/resources/awt_en done
Event: 0.547 Loading class sun/awt/resources/awt_en_GB
Event: 0.547 Loading class sun/awt/resources/awt_en_GB done
Event: 0.547 Loading class sun/awt/resources/awt_en_GB
Event: 0.547 Loading class sun/awt/resources/awt_en_GB done
Event: 0.547 Loading class java/awt/Toolkit$2
Event: 0.547 Loading class java/awt/Toolkit$2 done
Event: 0.548 Loading class java/awt/GraphicsEnvironment
Event: 0.548 Loading class java/awt/GraphicsEnvironment done
Event: 0.548 Loading class sun/awt/PlatformGraphicsInfo
Event: 0.548 Loading class sun/awt/PlatformGraphicsInfo done
Event: 0.549 Loading class java/awt/Toolkit$1
Event: 0.549 Loading class java/awt/Toolkit$1 done
Event: 0.553 Loading class java/io/FileNotFoundException
Event: 0.553 Loading class java/io/FileNotFoundException done

Classes unloaded (0 events):
No events

Classes redefined (0 events):
No events

Internal exceptions (20 events):
Event: 0.076 Thread 0x000072d058220440 Exception <a 'java/lang/NoSuchMethodError'{0x000000062ad15930}: 'void java.lang.invoke.DirectMethodHandle$Holder.invokeSpecial(java.lang.Object, java.lang.Object, java.lang.Object)'> (0x000000062ad15930) 
thrown [src/hotspot/share/interpreter/linkResolver.cpp, line 773]
Event: 0.077 Thread 0x000072d058220440 Exception <a 'java/lang/NoSuchMethodError'{0x000000062ad22b98}: 'java.lang.Object java.lang.invoke.DirectMethodHandle$Holder.invokeStatic(java.lang.Object, java.lang.Object, int)'> (0x000000062ad22b98) 
thrown [src/hotspot/share/interpreter/linkResolver.cpp, line 773]
Event: 0.077 Thread 0x000072d058220440 Exception <a 'java/lang/NoSuchMethodError'{0x000000062ad2e3f0}: 'void java.lang.invoke.DelegatingMethodHandle$Holder.delegate(java.lang.Object, java.lang.Object, int, java.lang.Object)'> (0x000000062ad2e3f0) 
thrown [src/hotspot/share/interpreter/linkResolver.cpp, line 773]
Event: 0.078 Thread 0x000072d058220440 Exception <a 'java/lang/NoSuchMethodError'{0x000000062ad32160}: 'int java.lang.invoke.DirectMethodHandle$Holder.invokeSpecial(java.lang.Object, java.lang.Object, java.lang.Object)'> (0x000000062ad32160) 
thrown [src/hotspot/share/interpreter/linkResolver.cpp, line 773]
Event: 0.081 Thread 0x000072d058220440 Exception <a 'java/lang/NoSuchMethodError'{0x000000062ad4b520}: 'void java.lang.System.loadLibrary(java.lang.String, java.lang.Class)'> (0x000000062ad4b520) 
thrown [src/hotspot/share/interpreter/linkResolver.cpp, line 773]
Event: 0.092 Thread 0x000072d058220440 Exception <a 'sun/nio/fs/UnixException'{0x000000062ad7d0e0}> (0x000000062ad7d0e0) 
thrown [src/hotspot/share/prims/jni.cpp, line 520]
Event: 0.141 Thread 0x000072d058220440 Exception <a 'sun/nio/fs/UnixException'{0x000000062adf3830}> (0x000000062adf3830) 
thrown [src/hotspot/share/prims/jni.cpp, line 520]
Event: 0.150 Thread 0x000072d058220440 Exception <a 'java/lang/NoSuchMethodError'{0x000000062ae5cc10}: 'int java.lang.invoke.DirectMethodHandle$Holder.invokeStaticInit(java.lang.Object, java.lang.Object, int, long)'> (0x000000062ae5cc10) 
thrown [src/hotspot/share/interpreter/linkResolver.cpp, line 773]
Event: 0.150 Thread 0x000072d058220440 Exception <a 'java/lang/NoSuchMethodError'{0x000000062ae61fe8}: 'java.lang.Object java.lang.invoke.DirectMethodHandle$Holder.newInvokeSpecial(java.lang.Object, java.lang.Object, int)'> (0x000000062ae61fe8) 
thrown [src/hotspot/share/interpreter/linkResolver.cpp, line 773]
Event: 0.151 Thread 0x000072d058220440 Exception <a 'java/lang/NoSuchMethodError'{0x000000062ae70950}: 'int java.lang.invoke.DirectMethodHandle$Holder.invokeStaticInit(java.lang.Object, java.lang.Object, long, long)'> (0x000000062ae70950) 
thrown [src/hotspot/share/interpreter/linkResolver.cpp, line 773]
Event: 0.152 Thread 0x000072d058220440 Exception <a 'java/lang/NoSuchMethodError'{0x000000062ae766a8}: 'java.lang.Object java.lang.invoke.DirectMethodHandle$Holder.newInvokeSpecial(java.lang.Object, java.lang.Object, long)'> (0x000000062ae766a8) 
thrown [src/hotspot/share/interpreter/linkResolver.cpp, line 773]
Event: 0.152 Thread 0x000072d058220440 Exception <a 'java/lang/NoSuchMethodError'{0x000000062ae7a810}: 'java.lang.Object java.lang.invoke.Invokers$Holder.linkToTargetMethod(java.lang.Object, long, java.lang.Object)'> (0x000000062ae7a810) 
thrown [src/hotspot/share/interpreter/linkResolver.cpp, line 773]
Event: 0.153 Thread 0x000072d058220440 Exception <a 'java/lang/NoSuchMethodError'{0x000000062ae81d08}: 'int java.lang.invoke.DirectMethodHandle$Holder.invokeStaticInit(java.lang.Object, java.lang.Object, java.lang.Object, long)'> (0x000000062ae81d08) 
thrown [src/hotspot/share/interpreter/linkResolver.cpp, line 773]
Event: 0.330 Thread 0x000072d058221670 Exception <a 'java/lang/NoSuchMethodError'{0x000000062ac3e320}: 'void java.lang.System.load(java.lang.String, java.lang.Class)'> (0x000000062ac3e320) 
thrown [src/hotspot/share/interpreter/linkResolver.cpp, line 773]
Event: 0.331 Thread 0x000072d058221670 Exception <a 'java/lang/NoSuchMethodError'{0x000000062ac40d90}: 'void java.lang.System.loadLibrary(java.lang.String, java.lang.Class)'> (0x000000062ac40d90) 
thrown [src/hotspot/share/interpreter/linkResolver.cpp, line 773]
Event: 0.333 Thread 0x000072d058221670 Exception <a 'sun/nio/fs/UnixException'{0x000000062ac50550}> (0x000000062ac50550) 
thrown [src/hotspot/share/prims/jni.cpp, line 520]
Event: 0.336 Thread 0x000072d058221670 Exception <a 'sun/nio/fs/UnixException'{0x000000062ac5ef80}> (0x000000062ac5ef80) 
thrown [src/hotspot/share/prims/jni.cpp, line 520]
Event: 0.546 Thread 0x000072d058221670 Exception <a 'java/lang/ClassNotFoundException'{0x000000062aa1ec98}: sun/awt/resources/spi/awtProvider> (0x000000062aa1ec98) 
thrown [src/hotspot/share/classfile/systemDictionary.cpp, line 312]
Event: 0.553 Thread 0x000072d058221670 Exception <a 'java/io/FileNotFoundException'{0x000000062aa6cc30}> (0x000000062aa6cc30) 
thrown [src/hotspot/share/prims/jni.cpp, line 520]
Event: 0.555 Thread 0x000072d058221670 Exception <a 'java/io/FileNotFoundException'{0x000000062aa970e0}> (0x000000062aa970e0) 
thrown [src/hotspot/share/prims/jni.cpp, line 520]

ZGC Phase Switch (0 events):
No events

VM Operations (6 events):
Event: 0.035 Executing VM operation: HandshakeAllThreads (Deoptimize)
Event: 0.035 Executing VM operation: HandshakeAllThreads (Deoptimize) done
Event: 0.069 Executing VM operation: HandshakeAllThreads (Deoptimize)
Event: 0.069 Executing VM operation: HandshakeAllThreads (Deoptimize) done
Event: 1.069 Executing VM operation: Cleanup
Event: 1.069 Executing VM operation: Cleanup done

Memory protections (13 events):
Event: 0.001 Protecting memory [0x000072d05f5d6000,0x000072d05f5da000] with protection modes 0
Event: 0.016 Protecting memory [0x000072d02f7f9000,0x000072d02f7fd000] with protection modes 0
Event: 0.016 Protecting memory [0x000072d02f100000,0x000072d02f104000] with protection modes 0
Event: 0.016 Protecting memory [0x000072d02f000000,0x000072d02f004000] with protection modes 0
Event: 0.017 Protecting memory [0x000072d02ef00000,0x000072d02ef04000] with protection modes 0
Event: 0.017 Protecting memory [0x000072d02ee00000,0x000072d02ee04000] with protection modes 0
Event: 0.017 Protecting memory [0x000072d02ed00000,0x000072d02ed04000] with protection modes 0
Event: 0.017 Protecting memory [0x000072d02ec00000,0x000072d02ec04000] with protection modes 0
Event: 0.030 Protecting memory [0x000072d02eb00000,0x000072d02eb04000] with protection modes 0
Event: 0.062 Protecting memory [0x000072d02ea00000,0x000072d02ea04000] with protection modes 0
Event: 0.062 Protecting memory [0x000072d02e900000,0x000072d02e904000] with protection modes 0
Event: 0.064 Protecting memory [0x000072d02e500000,0x000072d02e504000] with protection modes 0
Event: 0.064 Protecting memory [0x000072d02e400000,0x000072d02e404000] with protection modes 0

Nmethod flushes (0 events):
No events

Events (13 events):
Event: 0.012 Thread 0x000072d05802d8b0 Thread added: 0x000072d05802d8b0
Event: 0.016 Thread 0x000072d05802d8b0 Thread added: 0x000072d058135ac0
Event: 0.016 Thread 0x000072d05802d8b0 Thread added: 0x000072d058137020
Event: 0.016 Thread 0x000072d05802d8b0 Thread added: 0x000072d0581387a0
Event: 0.017 Thread 0x000072d05802d8b0 Thread added: 0x000072d058139dd0
Event: 0.017 Thread 0x000072d05802d8b0 Thread added: 0x000072d05813b360
Event: 0.017 Thread 0x000072d05802d8b0 Thread added: 0x000072d05813ce90
Event: 0.017 Thread 0x000072d05802d8b0 Thread added: 0x000072d05813e540
Event: 0.030 Thread 0x000072d05802d8b0 Thread added: 0x000072d05814ef40
Event: 0.062 Thread 0x000072d05802d8b0 Thread added: 0x000072d05821b420
Event: 0.062 Thread 0x000072d05802d8b0 Thread added: 0x000072d05821d780
Event: 0.064 Thread 0x000072d05802d8b0 Thread added: 0x000072d058220440
Event: 0.064 Thread 0x000072d05802d8b0 Thread added: 0x000072d058221670


Dynamic libraries:
60bc00000-62b400000 rw-p 00000000 00:00 0 
62b400000-7ffc00000 ---p 00000000 00:00 0 
7ffc00000-7ffd0d000 rw-p 00cd6000 103:01 49967705                        /home/eddie/.sdkman/candidates/java/21.0.5-amzn/lib/server/classes.jsa
7ffd0d000-800000000 rw-p 00000000 00:00 0 
6093f2200000-6093f2201000 r-xp 00000000 103:01 49967664                  /home/eddie/.sdkman/candidates/java/21.0.5-amzn/bin/java
6093f2401000-6093f2402000 r--p 00001000 103:01 49967664                  /home/eddie/.sdkman/candidates/java/21.0.5-amzn/bin/java
6093f2402000-6093f2403000 rw-p 00002000 103:01 49967664                  /home/eddie/.sdkman/candidates/java/21.0.5-amzn/bin/java
6094321c0000-609432207000 rw-p 00000000 00:00 0                          [heap]
72cf78000000-72cf785a7000 rw-p 00000000 00:00 0 
72cf785a7000-72cf7c000000 ---p 00000000 00:00 0 
72cf7c000000-72cf7c5e8000 rw-p 00000000 00:00 0 
72cf7c5e8000-72cf80000000 ---p 00000000 00:00 0 
72cf84000000-72cf840eb000 rw-p 00000000 00:00 0 
72cf840eb000-72cf88000000 ---p 00000000 00:00 0 
72cf88000000-72cf88021000 rw-p 00000000 00:00 0 
72cf88021000-72cf8c000000 ---p 00000000 00:00 0 
72cf90000000-72cf90021000 rw-p 00000000 00:00 0 
72cf90021000-72cf94000000 ---p 00000000 00:00 0 
72cf94000000-72cf94021000 rw-p 00000000 00:00 0 
72cf94021000-72cf98000000 ---p 00000000 00:00 0 
72cf9c000000-72cf9c183000 rw-p 00000000 00:00 0 
72cf9c183000-72cfa0000000 ---p 00000000 00:00 0 
72cfa0000000-72cfa0212000 rw-p 00000000 00:00 0 
72cfa0212000-72cfa4000000 ---p 00000000 00:00 0 
72cfa8000000-72cfa8021000 rw-p 00000000 00:00 0 
72cfa8021000-72cfac000000 ---p 00000000 00:00 0 
72cfac000000-72cfac021000 rw-p 00000000 00:00 0 
72cfac021000-72cfb0000000 ---p 00000000 00:00 0 
72cfb4000000-72cfb4021000 rw-p 00000000 00:00 0 
72cfb4021000-72cfb8000000 ---p 00000000 00:00 0 
72cfb8000000-72cfb8021000 rw-p 00000000 00:00 0 
72cfb8021000-72cfbc000000 ---p 00000000 00:00 0 
72cfc0000000-72cfc0021000 rw-p 00000000 00:00 0 
72cfc0021000-72cfc4000000 ---p 00000000 00:00 0 
72cfc4000000-72cfc4021000 rw-p 00000000 00:00 0 
72cfc4021000-72cfc8000000 ---p 00000000 00:00 0 
72cfcb200000-72cfcb4e4000 rw-p 00000000 00:00 0 
72cfcb600000-72cfcbee1000 rw-p 00000000 00:00 0 
72cfcc000000-72cfcc210000 rw-p 00000000 00:00 0 
72cfcc210000-72cfcc400000 ---p 00000000 00:00 0 
72cfcc400000-72cfcc6a0000 rw-p 00000000 00:00 0 
72cfcc6a0000-72cfd0000000 ---p 00000000 00:00 0 
72cfd0000000-72cfd0021000 rw-p 00000000 00:00 0 
72cfd0021000-72cfd4000000 ---p 00000000 00:00 0 
72cfd4400000-72cfd643a000 r-xp 00000000 103:01 60162854                  /usr/lib/x86_64-linux-gnu/libnvidia-glvkspirv.so.535.183.01
72cfd643a000-72cfd663a000 ---p 0203a000 103:01 60162854                  /usr/lib/x86_64-linux-gnu/libnvidia-glvkspirv.so.535.183.01
72cfd663a000-72cfd6c56000 r--p 0203a000 103:01 60162854                  /usr/lib/x86_64-linux-gnu/libnvidia-glvkspirv.so.535.183.01
72cfd6c56000-72cfd6ce5000 rw-p 02656000 103:01 60162854                  /usr/lib/x86_64-linux-gnu/libnvidia-glvkspirv.so.535.183.01
72cfd6ce5000-72cfd6d38000 rw-p 00000000 00:00 0 
72cfd7000000-72cfd7c97000 rw-p 00001000 103:01 49967705                  /home/eddie/.sdkman/candidates/java/21.0.5-amzn/lib/server/classes.jsa
72cfd7c97000-72cfd8000000 ---p 00000000 00:00 0 
72cfd8000000-72cfd8030000 rw-p 00000000 00:00 0 
72cfd8030000-72cfd8040000 ---p 00000000 00:00 0 
72cfd8040000-72cfd8070000 rw-p 00000000 00:00 0 
72cfd8070000-72d018000000 ---p 00000000 00:00 0 
72d018000000-72d018021000 rw-p 00000000 00:00 0 
72d018021000-72d01c000000 ---p 00000000 00:00 0 
72d01c000000-72d01c021000 rw-p 00000000 00:00 0 
72d01c021000-72d020000000 ---p 00000000 00:00 0 
72d020200000-72d02026d000 r-xp 00000000 103:01 49967711                  /home/eddie/.sdkman/candidates/java/21.0.5-amzn/lib/libawt_xawt.so
72d02026d000-72d02046d000 ---p 0006d000 103:01 49967711                  /home/eddie/.sdkman/candidates/java/21.0.5-amzn/lib/libawt_xawt.so
72d02046d000-72d020472000 r--p 0006d000 103:01 49967711                  /home/eddie/.sdkman/candidates/java/21.0.5-amzn/lib/libawt_xawt.so
72d020472000-72d020474000 rw-p 00072000 103:01 49967711                  /home/eddie/.sdkman/candidates/java/21.0.5-amzn/lib/libawt_xawt.so
72d020474000-72d020476000 rw-p 00000000 00:00 0 
72d020800000-72d020801000 ---p 00000000 00:00 0 
72d020801000-72d021001000 rw-p 00000000 00:00 0 
72d021200000-72d0214d8000 r-xp 00000000 103:01 60162830                  /usr/lib/x86_64-linux-gnu/libnvidia-glcore.so.535.183.01
72d0214d8000-72d0214f9000 rwxp 002d8000 103:01 60162830                  /usr/lib/x86_64-linux-gnu/libnvidia-glcore.so.535.183.01
72d0214f9000-72d023b97000 r-xp 002f9000 103:01 60162830                  /usr/lib/x86_64-linux-gnu/libnvidia-glcore.so.535.183.01
72d023b97000-72d023b98000 ---p 02997000 103:01 60162830                  /usr/lib/x86_64-linux-gnu/libnvidia-glcore.so.535.183.01
72d023b98000-72d023d6b000 r--p 02997000 103:01 60162830                  /usr/lib/x86_64-linux-gnu/libnvidia-glcore.so.535.183.01
72d023d6b000-72d023dd4000 rw-p 02b6a000 103:01 60162830                  /usr/lib/x86_64-linux-gnu/libnvidia-glcore.so.535.183.01
72d023dd4000-72d023e11000 rw-p 00000000 00:00 0 
72d024000000-72d024021000 rw-p 00000000 00:00 0 
72d024021000-72d028000000 ---p 00000000 00:00 0 
72d028000000-72d028021000 rw-p 00000000 00:00 0 
72d028021000-72d02c000000 ---p 00000000 00:00 0 
72d02c200000-72d02c2af000 r-xp 00000000 103:01 49967696                  /home/eddie/.sdkman/candidates/java/21.0.5-amzn/lib/libawt.so
72d02c2af000-72d02c4ae000 ---p 000af000 103:01 49967696                  /home/eddie/.sdkman/candidates/java/21.0.5-amzn/lib/libawt.so
72d02c4ae000-72d02c4af000 r--p 000ae000 103:01 49967696                  /home/eddie/.sdkman/candidates/java/21.0.5-amzn/lib/libawt.so
72d02c4af000-72d02c4ba000 rw-p 000af000 103:01 49967696                  /home/eddie/.sdkman/candidates/java/21.0.5-amzn/lib/libawt.so
72d02c4ba000-72d02c4df000 rw-p 00000000 00:00 0 
72d02c800000-72d02c875000 r-xp 00000000 103:01 60162832                  /usr/lib/x86_64-linux-gnu/libnvidia-glsi.so.535.183.01
72d02c875000-72d02ca75000 ---p 00075000 103:01 60162832                  /usr/lib/x86_64-linux-gnu/libnvidia-glsi.so.535.183.01
72d02ca75000-72d02ca9f000 r--p 00075000 103:01 60162832                  /usr/lib/x86_64-linux-gnu/libnvidia-glsi.so.535.183.01
72d02ca9f000-72d02caa0000 rw-p 0009f000 103:01 60162832                  /usr/lib/x86_64-linux-gnu/libnvidia-glsi.so.535.183.01
72d02caa0000-72d02caa8000 rw-p 00000000 00:00 0 
72d02ce00000-72d02ce02000 r-xp 00000000 103:01 49967721                  /home/eddie/.sdkman/candidates/java/21.0.5-amzn/lib/libextnet.so
72d02ce02000-72d02d001000 ---p 00002000 103:01 49967721                  /home/eddie/.sdkman/candidates/java/21.0.5-amzn/lib/libextnet.so
72d02d001000-72d02d002000 r--p 00001000 103:01 49967721                  /home/eddie/.sdkman/candidates/java/21.0.5-amzn/lib/libextnet.so
72d02d002000-72d02d003000 rw-p 00000000 00:00 0 
72d02d400000-72d02d40b000 r-xp 00000000 103:01 49967713                  /home/eddie/.sdkman/candidates/java/21.0.5-amzn/lib/libnet.so
72d02d40b000-72d02d60a000 ---p 0000b000 103:01 49967713                  /home/eddie/.sdkman/candidates/java/21.0.5-amzn/lib/libnet.so
72d02d60a000-72d02d60b000 r--p 0000a000 103:01 49967713                  /home/eddie/.sdkman/candidates/java/21.0.5-amzn/lib/libnet.so
72d02d60b000-72d02d60c000 rw-p 00000000 00:00 0 
72d02d900000-72d02da00000 rw-s 00000000 00:05 1048                       /dev/nvidiactl
72d02da00000-72d02da13000 r-xp 00000000 103:01 49967682                  /home/eddie/.sdkman/candidates/java/21.0.5-amzn/lib/libnio.so
72d02da13000-72d02dc12000 ---p 00013000 103:01 49967682                  /home/eddie/.sdkman/candidates/java/21.0.5-amzn/lib/libnio.so
72d02dc12000-72d02dc13000 r--p 00012000 103:01 49967682                  /home/eddie/.sdkman/candidates/java/21.0.5-amzn/lib/libnio.so
72d02dc13000-72d02dc14000 rw-p 00013000 103:01 49967682                  /home/eddie/.sdkman/candidates/java/21.0.5-amzn/lib/libnio.so
72d02dc94000-72d02ded9000 rw-s 00000000 00:01 6146                       /memfd:/.nvidia_drv.XXXXXX (deleted)
72d02ded9000-72d02df2a000 r--p 00000000 103:01 60162782                  /usr/lib/x86_64-linux-gnu/libGLX_nvidia.so.535.183.01
72d02df2a000-72d02df84000 r-xp 00051000 103:01 60162782                  /usr/lib/x86_64-linux-gnu/libGLX_nvidia.so.535.183.01
72d02df84000-72d02dfb9000 rwxp 000ab000 103:01 60162782                  /usr/lib/x86_64-linux-gnu/libGLX_nvidia.so.535.183.01
72d02dfb9000-72d02dfba000 r-xp 000e0000 103:01 60162782                  /usr/lib/x86_64-linux-gnu/libGLX_nvidia.so.535.183.01
72d02dfba000-72d02dfd9000 r--p 000e1000 103:01 60162782                  /usr/lib/x86_64-linux-gnu/libGLX_nvidia.so.535.183.01
72d02dfd9000-72d02dff9000 r--p 000ff000 103:01 60162782                  /usr/lib/x86_64-linux-gnu/libGLX_nvidia.so.535.183.01
72d02dff9000-72d02dffe000 rw-p 0011f000 103:01 60162782                  /usr/lib/x86_64-linux-gnu/libGLX_nvidia.so.535.183.01
72d02dffe000-72d02e000000 rw-p 00000000 00:00 0 
72d02e000000-72d02e007000 r-xp 00000000 103:01 49967739                  /home/eddie/.sdkman/candidates/java/21.0.5-amzn/lib/libzip.so
72d02e007000-72d02e206000 ---p 00007000 103:01 49967739                  /home/eddie/.sdkman/candidates/java/21.0.5-amzn/lib/libzip.so
72d02e206000-72d02e207000 r--p 00006000 103:01 49967739                  /home/eddie/.sdkman/candidates/java/21.0.5-amzn/lib/libzip.so
72d02e207000-72d02e208000 rw-p 00000000 00:00 0 
72d02e2c0000-72d02e2d9000 r--p 00000000 103:01 60164364                  /usr/lib/x86_64-linux-gnu/libX11.so.6.4.0
72d02e2d9000-72d02e365000 r-xp 00019000 103:01 60164364                  /usr/lib/x86_64-linux-gnu/libX11.so.6.4.0
72d02e365000-72d02e3fa000 r--p 000a5000 103:01 60164364                  /usr/lib/x86_64-linux-gnu/libX11.so.6.4.0
72d02e3fa000-72d02e3fb000 ---p 0013a000 103:01 60164364                  /usr/lib/x86_64-linux-gnu/libX11.so.6.4.0
72d02e3fb000-72d02e3fc000 r--p 0013a000 103:01 60164364                  /usr/lib/x86_64-linux-gnu/libX11.so.6.4.0
72d02e3fc000-72d02e400000 rw-p 0013b000 103:01 60164364                  /usr/lib/x86_64-linux-gnu/libX11.so.6.4.0
72d02e400000-72d02e404000 ---p 00000000 00:00 0 
72d02e404000-72d02e500000 rw-p 00000000 00:00 0 
72d02e500000-72d02e504000 ---p 00000000 00:00 0 
72d02e504000-72d02e600000 rw-p 00000000 00:00 0 
72d02e600000-72d02e6ce000 r-xp 00000000 103:01 49967692                  /home/eddie/.sdkman/candidates/java/21.0.5-amzn/lib/libjsvml.so
72d02e6ce000-72d02e8cd000 ---p 000ce000 103:01 49967692                  /home/eddie/.sdkman/candidates/java/21.0.5-amzn/lib/libjsvml.so
72d02e8cd000-72d02e8ce000 r--p 000cd000 103:01 49967692                  /home/eddie/.sdkman/candidates/java/21.0.5-amzn/lib/libjsvml.so
72d02e8ce000-72d02e8cf000 rw-p 000ce000 103:01 49967692                  /home/eddie/.sdkman/candidates/java/21.0.5-amzn/lib/libjsvml.so
72d02e900000-72d02e904000 ---p 00000000 00:00 0 
72d02e904000-72d02ea00000 rw-p 00000000 00:00 0 
72d02ea00000-72d02ea04000 ---p 00000000 00:00 0 
72d02ea04000-72d02eb00000 rw-p 00000000 00:00 0 
72d02eb00000-72d02eb04000 ---p 00000000 00:00 0 
72d02eb04000-72d02ec00000 rw-p 00000000 00:00 0 
72d02ec00000-72d02ec04000 ---p 00000000 00:00 0 
72d02ec04000-72d02ed00000 rw-p 00000000 00:00 0 
72d02ed00000-72d02ed04000 ---p 00000000 00:00 0 
72d02ed04000-72d02ee00000 rw-p 00000000 00:00 0 
72d02ee00000-72d02ee04000 ---p 00000000 00:00 0 
72d02ee04000-72d02ef00000 rw-p 00000000 00:00 0 
72d02ef00000-72d02ef04000 ---p 00000000 00:00 0 
72d02ef04000-72d02f000000 rw-p 00000000 00:00 0 
72d02f000000-72d02f004000 ---p 00000000 00:00 0 
72d02f004000-72d02f100000 rw-p 00000000 00:00 0 
72d02f100000-72d02f104000 ---p 00000000 00:00 0 
72d02f104000-72d02f200000 rw-p 00000000 00:00 0 
72d02f200000-72d02f773000 r--p 00000000 103:01 60162959                  /usr/lib/locale/locale-archive
72d02f779000-72d02f7f9000 rw-s 00000000 00:05 1048                       /dev/nvidiactl
72d02f7f9000-72d02f7fd000 ---p 00000000 00:00 0 
72d02f7fd000-72d02f8f9000 rw-p 00000000 00:00 0 
72d02f8f9000-72d02f8fa000 ---p 00000000 00:00 0 
72d02f8fa000-72d02f9fa000 rw-p 00000000 00:00 0 
72d02f9fa000-72d02f9fb000 ---p 00000000 00:00 0 
72d02f9fb000-72d02fafb000 rw-p 00000000 00:00 0 
72d02fafb000-72d02fafc000 ---p 00000000 00:00 0 
72d02fafc000-72d02fbfc000 rw-p 00000000 00:00 0 
72d02fbfc000-72d02fbfd000 ---p 00000000 00:00 0 
72d02fbfd000-72d02fcfd000 rw-p 00000000 00:00 0 
72d02fcfd000-72d030000000 rw-p 00000000 00:00 0 
72d030000000-72d030021000 rw-p 00000000 00:00 0 
72d030021000-72d034000000 ---p 00000000 00:00 0 
72d034079000-72d0340f9000 rw-s 00000000 00:05 1048                       /dev/nvidiactl
72d0340f9000-72d036800000 rw-p 00000000 00:00 0 
72d03687f000-72d0368ff000 rw-s 00000000 00:05 1048                       /dev/nvidiactl
72d0368ff000-72d036900000 ---p 00000000 00:00 0 
72d036900000-72d036a00000 rw-p 00000000 00:00 0 
72d036a00000-72d0371e0000 rw-p 00000000 00:00 0 
72d0371e0000-72d03e700000 ---p 00000000 00:00 0 
72d03e700000-72d03e710000 rw-p 00000000 00:00 0 
72d03e780000-72d03e800000 rw-s 00000000 00:05 1049                       /dev/nvidia0
72d03e800000-72d03e8fc000 rw-p 00000000 00:00 0 
72d03e8fc000-72d03f7a0000 ---p 00000000 00:00 0 
72d03f7a0000-72d03f7a2000 rw-p 00000000 00:00 0 
72d03f7a7000-72d03f7da000 r--p 00000000 103:01 55312400                  /tmp/lwjgl_eddie/3.3.6+1/x64/liblwjgl_opengl.so
72d03f7da000-72d03f7ee000 r-xp 00033000 103:01 55312400                  /tmp/lwjgl_eddie/3.3.6+1/x64/liblwjgl_opengl.so
72d03f7ee000-72d03f7fe000 r--p 00047000 103:01 55312400                  /tmp/lwjgl_eddie/3.3.6+1/x64/liblwjgl_opengl.so
72d03f7fe000-72d03f7ff000 r--p 00056000 103:01 55312400                  /tmp/lwjgl_eddie/3.3.6+1/x64/liblwjgl_opengl.so
72d03f7ff000-72d03f800000 rw-p 00057000 103:01 55312400                  /tmp/lwjgl_eddie/3.3.6+1/x64/liblwjgl_opengl.so
72d03f800000-72d03f8fc000 rw-p 00000000 00:00 0 
72d03f8fc000-72d0407a0000 ---p 00000000 00:00 0 
72d0407a0000-72d0407a2000 rw-p 00000000 00:00 0 
72d0407c0000-72d040800000 rw-s 00000000 00:05 1048                       /dev/nvidiactl
72d040800000-72d040a70000 rwxp 00000000 00:00 0 
72d040a70000-72d047d37000 ---p 00000000 00:00 0 
72d047d37000-72d047fa7000 rwxp 00000000 00:00 0 
72d047fa7000-72d0482c9000 ---p 00000000 00:00 0 
72d0482c9000-72d048539000 rwxp 00000000 00:00 0 
72d048539000-72d04f800000 ---p 00000000 00:00 0 
72d04f800000-72d057f4d000 r--s 00000000 103:01 49967714                  /home/eddie/.sdkman/candidates/java/21.0.5-amzn/lib/modules
72d057f60000-72d057f80000 rw-s 00000000 00:05 1048                       /dev/nvidiactl
72d057f80000-72d057fc0000 rw-s 00000000 00:05 1048                       /dev/nvidiactl
72d057fc0000-72d058000000 rw-s 00000000 00:05 1048                       /dev/nvidiactl
72d058000000-72d058225000 rw-p 00000000 00:00 0 
72d058225000-72d05c000000 ---p 00000000 00:00 0 
72d05c007000-72d05c027000 rw-s 00000000 00:05 1048                       /dev/nvidiactl
72d05c040000-72d05c047000 r--s 00000000 103:01 60859919                  /usr/lib/x86_64-linux-gnu/gconv/gconv-modules.cache
72d05c047000-72d05c087000 r--p 00000000 103:01 60168116                  /usr/lib/x86_64-linux-gnu/libGLdispatch.so.0.0.0
72d05c087000-72d05c08a000 r-xp 00040000 103:01 60168116                  /usr/lib/x86_64-linux-gnu/libGLdispatch.so.0.0.0
72d05c08a000-72d05c0c5000 r-xp 00043000 103:01 60168116                  /usr/lib/x86_64-linux-gnu/libGLdispatch.so.0.0.0
72d05c0c5000-72d05c0c6000 r-xp 0007e000 103:01 60168116                  /usr/lib/x86_64-linux-gnu/libGLdispatch.so.0.0.0
72d05c0c6000-72d05c0d9000 r--p 0007f000 103:01 60168116                  /usr/lib/x86_64-linux-gnu/libGLdispatch.so.0.0.0
72d05c0d9000-72d05c0da000 ---p 00092000 103:01 60168116                  /usr/lib/x86_64-linux-gnu/libGLdispatch.so.0.0.0
72d05c0da000-72d05c0f6000 r--p 00092000 103:01 60168116                  /usr/lib/x86_64-linux-gnu/libGLdispatch.so.0.0.0
72d05c0f6000-72d05c0f7000 rw-p 000ae000 103:01 60168116                  /usr/lib/x86_64-linux-gnu/libGLdispatch.so.0.0.0
72d05c0f7000-72d05c0ff000 rw-p 00000000 00:00 0 
72d05c0ff000-72d05c100000 ---p 00000000 00:00 0 
72d05c100000-72d05c200000 rw-p 00000000 00:00 0 
72d05c200000-72d05c220000 r-xp 00000000 103:01 49967687                  /home/eddie/.sdkman/candidates/java/21.0.5-amzn/lib/libjava.so
72d05c220000-72d05c41f000 ---p 00020000 103:01 49967687                  /home/eddie/.sdkman/candidates/java/21.0.5-amzn/lib/libjava.so
72d05c41f000-72d05c420000 r--p 0001f000 103:01 49967687                  /home/eddie/.sdkman/candidates/java/21.0.5-amzn/lib/libjava.so
72d05c420000-72d05c421000 rw-p 00020000 103:01 49967687                  /home/eddie/.sdkman/candidates/java/21.0.5-amzn/lib/libjava.so
72d05c421000-72d05c422000 rw-p 00000000 00:00 0 
72d05c426000-72d05c427000 r--p 00000000 103:01 2111195                   /usr/share/locale-langpack/en_GB/LC_MESSAGES/libc.mo
72d05c427000-72d05c429000 r--p 00000000 103:01 60168177                  /usr/lib/x86_64-linux-gnu/libXtst.so.6.1.0
72d05c429000-72d05c42c000 r-xp 00002000 103:01 60168177                  /usr/lib/x86_64-linux-gnu/libXtst.so.6.1.0
72d05c42c000-72d05c42d000 r--p 00005000 103:01 60168177                  /usr/lib/x86_64-linux-gnu/libXtst.so.6.1.0
72d05c42d000-72d05c42e000 r--p 00005000 103:01 60168177                  /usr/lib/x86_64-linux-gnu/libXtst.so.6.1.0
72d05c42e000-72d05c42f000 rw-p 00006000 103:01 60168177                  /usr/lib/x86_64-linux-gnu/libXtst.so.6.1.0
72d05c42f000-72d05c430000 rw-p 00000000 00:00 0 
72d05c433000-72d05c438000 r--p 00000000 103:01 60164687                  /usr/lib/x86_64-linux-gnu/libdrm.so.2.4.0
72d05c438000-72d05c443000 r-xp 00005000 103:01 60164687                  /usr/lib/x86_64-linux-gnu/libdrm.so.2.4.0
72d05c443000-72d05c447000 r--p 00010000 103:01 60164687                  /usr/lib/x86_64-linux-gnu/libdrm.so.2.4.0
72d05c447000-72d05c448000 r--p 00013000 103:01 60164687                  /usr/lib/x86_64-linux-gnu/libdrm.so.2.4.0
72d05c448000-72d05c449000 rw-p 00014000 103:01 60164687                  /usr/lib/x86_64-linux-gnu/libdrm.so.2.4.0
72d05c449000-72d05c454000 r--p 00000000 103:01 60169718                  /usr/lib/x86_64-linux-gnu/libxcb-glx.so.0.0.0
72d05c454000-72d05c45d000 r-xp 0000b000 103:01 60169718                  /usr/lib/x86_64-linux-gnu/libxcb-glx.so.0.0.0
72d05c45d000-72d05c462000 r--p 00014000 103:01 60169718                  /usr/lib/x86_64-linux-gnu/libxcb-glx.so.0.0.0
72d05c462000-72d05c463000 ---p 00019000 103:01 60169718                  /usr/lib/x86_64-linux-gnu/libxcb-glx.so.0.0.0
72d05c463000-72d05c465000 r--p 00019000 103:01 60169718                  /usr/lib/x86_64-linux-gnu/libxcb-glx.so.0.0.0
72d05c465000-72d05c466000 rw-p 0001b000 103:01 60169718                  /usr/lib/x86_64-linux-gnu/libxcb-glx.so.0.0.0
72d05c466000-72d05c476000 r--p 00000000 103:01 55312399                  /tmp/lwjgl_eddie/3.3.6+1/x64/libglfw.so
72d05c476000-72d05c497000 r-xp 00010000 103:01 55312399                  /tmp/lwjgl_eddie/3.3.6+1/x64/libglfw.so
72d05c497000-72d05c4d3000 r--p 00031000 103:01 55312399                  /tmp/lwjgl_eddie/3.3.6+1/x64/libglfw.so
72d05c4d3000-72d05c4d7000 r--p 0006c000 103:01 55312399                  /tmp/lwjgl_eddie/3.3.6+1/x64/libglfw.so
72d05c4d7000-72d05c4da000 rw-p 00070000 103:01 55312399                  /tmp/lwjgl_eddie/3.3.6+1/x64/libglfw.so
72d05c4da000-72d05c4fd000 rw-p 00000000 00:00 0 
72d05c4fd000-72d05c4fe000 ---p 00000000 00:00 0 
72d05c4fe000-72d05c5fe000 rw-p 00000000 00:00 0 
72d05c5fe000-72d05c800000 rw-p 00000000 00:00 0 
72d05c800000-72d05c80a000 r-xp 00000000 103:01 49967728                  /home/eddie/.sdkman/candidates/java/21.0.5-amzn/lib/libinstrument.so
72d05c80a000-72d05ca09000 ---p 0000a000 103:01 49967728                  /home/eddie/.sdkman/candidates/java/21.0.5-amzn/lib/libinstrument.so
72d05ca09000-72d05ca0a000 r--p 00009000 103:01 49967728                  /home/eddie/.sdkman/candidates/java/21.0.5-amzn/lib/libinstrument.so
72d05ca0a000-72d05ca0b000 rw-p 0000a000 103:01 49967728                  /home/eddie/.sdkman/candidates/java/21.0.5-amzn/lib/libinstrument.so
72d05ca0b000-72d05ca0c000 r-xp 0005e000 103:01 55312398                  /tmp/lwjgl_eddie/3.3.6+1/x64/liblwjgl.so
72d05ca0c000-72d05ca0d000 rw-p 00000000 00:00 0 
72d05ca0d000-72d05ca11000 rw-s 00000000 00:05 1048                       /dev/nvidiactl
72d05ca11000-72d05ca24000 rw-s 00000000 00:05 1048                       /dev/nvidiactl
72d05ca24000-72d05ca25000 r--p 00000000 103:01 60162894                  /usr/lib/x86_64-linux-gnu/libnvidia-tls.so.535.183.01
72d05ca25000-72d05ca27000 r-xp 00001000 103:01 60162894                  /usr/lib/x86_64-linux-gnu/libnvidia-tls.so.535.183.01
72d05ca27000-72d05ca28000 r--p 00003000 103:01 60162894                  /usr/lib/x86_64-linux-gnu/libnvidia-tls.so.535.183.01
72d05ca28000-72d05ca29000 r--p 00003000 103:01 60162894                  /usr/lib/x86_64-linux-gnu/libnvidia-tls.so.535.183.01
72d05ca29000-72d05ca2a000 rw-p 00004000 103:01 60162894                  /usr/lib/x86_64-linux-gnu/libnvidia-tls.so.535.183.01
72d05ca2a000-72d05ca2d000 r--p 00000000 103:01 60168111                  /usr/lib/x86_64-linux-gnu/libGLX.so.0.0.0
72d05ca2d000-72d05ca48000 r-xp 00003000 103:01 60168111                  /usr/lib/x86_64-linux-gnu/libGLX.so.0.0.0
72d05ca48000-72d05ca4b000 r--p 0001e000 103:01 60168111                  /usr/lib/x86_64-linux-gnu/libGLX.so.0.0.0
72d05ca4b000-72d05ca4c000 ---p 00021000 103:01 60168111                  /usr/lib/x86_64-linux-gnu/libGLX.so.0.0.0
72d05ca4c000-72d05ca4d000 r--p 00021000 103:01 60168111                  /usr/lib/x86_64-linux-gnu/libGLX.so.0.0.0
72d05ca4d000-72d05ca4e000 rw-p 00022000 103:01 60168111                  /usr/lib/x86_64-linux-gnu/libGLX.so.0.0.0
72d05ca4e000-72d05ca5e000 rw-p 00000000 00:00 0 
72d05ca5e000-72d05ca5f000 r--p 00000000 103:01 60165035                  /usr/lib/x86_64-linux-gnu/libX11-xcb.so.1.0.0
72d05ca5f000-72d05ca60000 r-xp 00001000 103:01 60165035                  /usr/lib/x86_64-linux-gnu/libX11-xcb.so.1.0.0
72d05ca60000-72d05ca61000 r--p 00002000 103:01 60165035                  /usr/lib/x86_64-linux-gnu/libX11-xcb.so.1.0.0
72d05ca61000-72d05ca62000 r--p 00002000 103:01 60165035                  /usr/lib/x86_64-linux-gnu/libX11-xcb.so.1.0.0
72d05ca62000-72d05ca63000 rw-p 00003000 103:01 60165035                  /usr/lib/x86_64-linux-gnu/libX11-xcb.so.1.0.0
72d05ca63000-72d05ca64000 r--p 00000000 103:01 60168161                  /usr/lib/x86_64-linux-gnu/libXinerama.so.1.0.0
72d05ca64000-72d05ca65000 r-xp 00001000 103:01 60168161                  /usr/lib/x86_64-linux-gnu/libXinerama.so.1.0.0
72d05ca65000-72d05ca66000 r--p 00002000 103:01 60168161                  /usr/lib/x86_64-linux-gnu/libXinerama.so.1.0.0
72d05ca66000-72d05ca67000 r--p 00003000 103:01 60168161                  /usr/lib/x86_64-linux-gnu/libXinerama.so.1.0.0
72d05ca67000-72d05ca68000 rw-p 00004000 103:01 60168161                  /usr/lib/x86_64-linux-gnu/libXinerama.so.1.0.0
72d05ca68000-72d05ca6a000 r--p 00000000 103:01 60168145                  /usr/lib/x86_64-linux-gnu/libXcursor.so.1.0.2
72d05ca6a000-72d05ca70000 r-xp 00002000 103:01 60168145                  /usr/lib/x86_64-linux-gnu/libXcursor.so.1.0.2
72d05ca70000-72d05ca72000 r--p 00008000 103:01 60168145                  /usr/lib/x86_64-linux-gnu/libXcursor.so.1.0.2
72d05ca72000-72d05ca73000 r--p 00009000 103:01 60168145                  /usr/lib/x86_64-linux-gnu/libXcursor.so.1.0.2
72d05ca73000-72d05ca74000 rw-p 0000a000 103:01 60168145                  /usr/lib/x86_64-linux-gnu/libXcursor.so.1.0.2
72d05ca74000-72d05ca76000 r--p 00000000 103:01 60168171                  /usr/lib/x86_64-linux-gnu/libXrender.so.1.3.0
72d05ca76000-72d05ca7d000 r-xp 00002000 103:01 60168171                  /usr/lib/x86_64-linux-gnu/libXrender.so.1.3.0
72d05ca7d000-72d05ca7f000 r--p 00009000 103:01 60168171                  /usr/lib/x86_64-linux-gnu/libXrender.so.1.3.0
72d05ca7f000-72d05ca80000 r--p 0000a000 103:01 60168171                  /usr/lib/x86_64-linux-gnu/libXrender.so.1.3.0
72d05ca80000-72d05ca81000 rw-p 0000b000 103:01 60168171                  /usr/lib/x86_64-linux-gnu/libXrender.so.1.3.0
72d05ca81000-72d05caad000 r--p 00000000 103:01 55312398                  /tmp/lwjgl_eddie/3.3.6+1/x64/liblwjgl.so
72d05caad000-72d05cae1000 r-xp 0002c000 103:01 55312398                  /tmp/lwjgl_eddie/3.3.6+1/x64/liblwjgl.so
72d05cae1000-72d05cafb000 r--p 00060000 103:01 55312398                  /tmp/lwjgl_eddie/3.3.6+1/x64/liblwjgl.so
72d05cafb000-72d05cafc000 r--p 00079000 103:01 55312398                  /tmp/lwjgl_eddie/3.3.6+1/x64/liblwjgl.so
72d05cafc000-72d05cafd000 rw-p 0007a000 103:01 55312398                  /tmp/lwjgl_eddie/3.3.6+1/x64/liblwjgl.so
72d05cafd000-72d05ce00000 rw-p 00000000 00:00 0 
72d05ce00000-72d05ce1b000 r-xp 00000000 103:01 49967707                  /home/eddie/.sdkman/candidates/java/21.0.5-amzn/lib/libjimage.so
72d05ce1b000-72d05d01a000 ---p 0001b000 103:01 49967707                  /home/eddie/.sdkman/candidates/java/21.0.5-amzn/lib/libjimage.so
72d05d01a000-72d05d01c000 r--p 0001a000 103:01 49967707                  /home/eddie/.sdkman/candidates/java/21.0.5-amzn/lib/libjimage.so
72d05d01c000-72d05d01d000 rw-p 0001c000 103:01 49967707                  /home/eddie/.sdkman/candidates/java/21.0.5-amzn/lib/libjimage.so
72d05d01f000-72d05d021000 r--p 00000000 103:01 60168153                  /usr/lib/x86_64-linux-gnu/libXfixes.so.3.1.0
72d05d021000-72d05d024000 r-xp 00002000 103:01 60168153                  /usr/lib/x86_64-linux-gnu/libXfixes.so.3.1.0
72d05d024000-72d05d025000 r--p 00005000 103:01 60168153                  /usr/lib/x86_64-linux-gnu/libXfixes.so.3.1.0
72d05d025000-72d05d026000 r--p 00006000 103:01 60168153                  /usr/lib/x86_64-linux-gnu/libXfixes.so.3.1.0
72d05d026000-72d05d027000 rw-p 00007000 103:01 60168153                  /usr/lib/x86_64-linux-gnu/libXfixes.so.3.1.0
72d05d027000-72d05d029000 r--p 00000000 103:01 60168169                  /usr/lib/x86_64-linux-gnu/libXrandr.so.2.2.0
72d05d029000-72d05d030000 r-xp 00002000 103:01 60168169                  /usr/lib/x86_64-linux-gnu/libXrandr.so.2.2.0
72d05d030000-72d05d032000 r--p 00009000 103:01 60168169                  /usr/lib/x86_64-linux-gnu/libXrandr.so.2.2.0
72d05d032000-72d05d033000 r--p 0000a000 103:01 60168169                  /usr/lib/x86_64-linux-gnu/libXrandr.so.2.2.0
72d05d033000-72d05d034000 rw-p 0000b000 103:01 60168169                  /usr/lib/x86_64-linux-gnu/libXrandr.so.2.2.0
72d05d034000-72d05d037000 r--p 00000000 103:01 60168159                  /usr/lib/x86_64-linux-gnu/libXi.so.6.1.0
72d05d037000-72d05d043000 r-xp 00003000 103:01 60168159                  /usr/lib/x86_64-linux-gnu/libXi.so.6.1.0
72d05d043000-72d05d046000 r--p 0000f000 103:01 60168159                  /usr/lib/x86_64-linux-gnu/libXi.so.6.1.0
72d05d046000-72d05d047000 r--p 00011000 103:01 60168159                  /usr/lib/x86_64-linux-gnu/libXi.so.6.1.0
72d05d047000-72d05d048000 rw-p 00012000 103:01 60168159                  /usr/lib/x86_64-linux-gnu/libXi.so.6.1.0
72d05d048000-72d05d04c000 r--p 00000000 103:01 60168151                  /usr/lib/x86_64-linux-gnu/libXext.so.6.4.0
72d05d04c000-72d05d057000 r-xp 00004000 103:01 60168151                  /usr/lib/x86_64-linux-gnu/libXext.so.6.4.0
72d05d057000-72d05d05b000 r--p 0000f000 103:01 60168151                  /usr/lib/x86_64-linux-gnu/libXext.so.6.4.0
72d05d05b000-72d05d05c000 r--p 00012000 103:01 60168151                  /usr/lib/x86_64-linux-gnu/libXext.so.6.4.0
72d05d05c000-72d05d05d000 rw-p 00013000 103:01 60168151                  /usr/lib/x86_64-linux-gnu/libXext.so.6.4.0
72d05d05d000-72d05d05e000 r--p 00000000 103:01 60168187                  /usr/lib/x86_64-linux-gnu/libXxf86vm.so.1.0.0
72d05d05e000-72d05d061000 r-xp 00001000 103:01 60168187                  /usr/lib/x86_64-linux-gnu/libXxf86vm.so.1.0.0
72d05d061000-72d05d062000 r--p 00004000 103:01 60168187                  /usr/lib/x86_64-linux-gnu/libXxf86vm.so.1.0.0
72d05d062000-72d05d063000 r--p 00004000 103:01 60168187                  /usr/lib/x86_64-linux-gnu/libXxf86vm.so.1.0.0
72d05d063000-72d05d064000 rw-p 00005000 103:01 60168187                  /usr/lib/x86_64-linux-gnu/libXxf86vm.so.1.0.0
72d05d064000-72d05d068000 r--p 00000000 103:01 60168429                  /usr/lib/x86_64-linux-gnu/libbsd.so.0.11.5
72d05d068000-72d05d075000 r-xp 00004000 103:01 60168429                  /usr/lib/x86_64-linux-gnu/libbsd.so.0.11.5
72d05d075000-72d05d078000 r--p 00011000 103:01 60168429                  /usr/lib/x86_64-linux-gnu/libbsd.so.0.11.5
72d05d078000-72d05d079000 ---p 00014000 103:01 60168429                  /usr/lib/x86_64-linux-gnu/libbsd.so.0.11.5
72d05d079000-72d05d07a000 r--p 00014000 103:01 60168429                  /usr/lib/x86_64-linux-gnu/libbsd.so.0.11.5
72d05d07a000-72d05d07b000 rw-p 00015000 103:01 60168429                  /usr/lib/x86_64-linux-gnu/libbsd.so.0.11.5
72d05d07b000-72d05d400000 rw-p 00000000 00:00 0 
72d05d400000-72d05e85d000 r-xp 00000000 103:01 49967704                  /home/eddie/.sdkman/candidates/java/21.0.5-amzn/lib/server/libjvm.so
72d05e85d000-72d05ea5d000 ---p 0145d000 103:01 49967704                  /home/eddie/.sdkman/candidates/java/21.0.5-amzn/lib/server/libjvm.so
72d05ea5d000-72d05eb31000 r--p 0145d000 103:01 49967704                  /home/eddie/.sdkman/candidates/java/21.0.5-amzn/lib/server/libjvm.so
72d05eb31000-72d05eb61000 rw-p 01531000 103:01 49967704                  /home/eddie/.sdkman/candidates/java/21.0.5-amzn/lib/server/libjvm.so
72d05eb61000-72d05ebc7000 rw-p 00000000 00:00 0 
72d05ebc7000-72d05ebc9000 r--p 00000000 103:01 60169095                  /usr/lib/x86_64-linux-gnu/libmd.so.0.0.5
72d05ebc9000-72d05ebd0000 r-xp 00002000 103:01 60169095                  /usr/lib/x86_64-linux-gnu/libmd.so.0.0.5
72d05ebd0000-72d05ebd2000 r--p 00009000 103:01 60169095                  /usr/lib/x86_64-linux-gnu/libmd.so.0.0.5
72d05ebd2000-72d05ebd3000 r--p 0000a000 103:01 60169095                  /usr/lib/x86_64-linux-gnu/libmd.so.0.0.5
72d05ebd3000-72d05ebd4000 rw-p 0000b000 103:01 60169095                  /usr/lib/x86_64-linux-gnu/libmd.so.0.0.5
72d05ebd4000-72d05ebdf000 r--p 00000000 103:01 60169750                  /usr/lib/x86_64-linux-gnu/libxcb.so.1.1.0
72d05ebdf000-72d05ebf3000 r-xp 0000b000 103:01 60169750                  /usr/lib/x86_64-linux-gnu/libxcb.so.1.1.0
72d05ebf3000-72d05ebfc000 r--p 0001f000 103:01 60169750                  /usr/lib/x86_64-linux-gnu/libxcb.so.1.1.0
72d05ebfc000-72d05ebfd000 r--p 00027000 103:01 60169750                  /usr/lib/x86_64-linux-gnu/libxcb.so.1.1.0
72d05ebfd000-72d05ebfe000 rw-p 00028000 103:01 60169750                  /usr/lib/x86_64-linux-gnu/libxcb.so.1.1.0
72d05ebfe000-72d05ee00000 rw-p 00000000 00:00 0 
72d05ee00000-72d05ee28000 r--p 00000000 103:01 60162576                  /usr/lib/x86_64-linux-gnu/libc.so.6
72d05ee28000-72d05efbd000 r-xp 00028000 103:01 60162576                  /usr/lib/x86_64-linux-gnu/libc.so.6
72d05efbd000-72d05f015000 r--p 001bd000 103:01 60162576                  /usr/lib/x86_64-linux-gnu/libc.so.6
72d05f015000-72d05f016000 ---p 00215000 103:01 60162576                  /usr/lib/x86_64-linux-gnu/libc.so.6
72d05f016000-72d05f01a000 r--p 00215000 103:01 60162576                  /usr/lib/x86_64-linux-gnu/libc.so.6
72d05f01a000-72d05f01c000 rw-p 00219000 103:01 60162576                  /usr/lib/x86_64-linux-gnu/libc.so.6
72d05f01c000-72d05f029000 rw-p 00000000 00:00 0 
72d05f029000-72d05f02a000 rw-s 00000000 00:05 1049                       /dev/nvidia0
72d05f02a000-72d05f02c000 rw-s 00000000 00:05 1048                       /dev/nvidiactl
72d05f02c000-72d05f02e000 r--p 00000000 103:01 60168149                  /usr/lib/x86_64-linux-gnu/libXdmcp.so.6.0.0
72d05f02e000-72d05f030000 r-xp 00002000 103:01 60168149                  /usr/lib/x86_64-linux-gnu/libXdmcp.so.6.0.0
72d05f030000-72d05f032000 r--p 00004000 103:01 60168149                  /usr/lib/x86_64-linux-gnu/libXdmcp.so.6.0.0
72d05f032000-72d05f033000 r--p 00005000 103:01 60168149                  /usr/lib/x86_64-linux-gnu/libXdmcp.so.6.0.0
72d05f033000-72d05f034000 rw-p 00006000 103:01 60168149                  /usr/lib/x86_64-linux-gnu/libXdmcp.so.6.0.0
72d05f034000-72d05f035000 r--p 00000000 103:01 60168138                  /usr/lib/x86_64-linux-gnu/libXau.so.6.0.0
72d05f035000-72d05f037000 r-xp 00001000 103:01 60168138                  /usr/lib/x86_64-linux-gnu/libXau.so.6.0.0
72d05f037000-72d05f038000 r--p 00003000 103:01 60168138                  /usr/lib/x86_64-linux-gnu/libXau.so.6.0.0
72d05f038000-72d05f039000 r--p 00003000 103:01 60168138                  /usr/lib/x86_64-linux-gnu/libXau.so.6.0.0
72d05f039000-72d05f03a000 rw-p 00004000 103:01 60168138                  /usr/lib/x86_64-linux-gnu/libXau.so.6.0.0
72d05f03a000-72d05f11a000 rw-p 00000000 00:00 0 
72d05f11a000-72d05f200000 ---p 00000000 00:00 0 
72d05f200000-72d05f20f000 r-xp 00000000 103:01 49967686                  /home/eddie/.sdkman/candidates/java/21.0.5-amzn/lib/libjli.so
72d05f20f000-72d05f40f000 ---p 0000f000 103:01 49967686                  /home/eddie/.sdkman/candidates/java/21.0.5-amzn/lib/libjli.so
72d05f40f000-72d05f410000 r--p 0000f000 103:01 49967686                  /home/eddie/.sdkman/candidates/java/21.0.5-amzn/lib/libjli.so
72d05f410000-72d05f411000 rw-p 00010000 103:01 49967686                  /home/eddie/.sdkman/candidates/java/21.0.5-amzn/lib/libjli.so
72d05f411000-72d05f415000 rw-s 00000000 00:05 1048                       /dev/nvidiactl
72d05f415000-72d05f416000 rw-s 00000000 00:05 1048                       /dev/nvidiactl
72d05f416000-72d05f417000 rw-s 00000000 00:05 1048                       /dev/nvidiactl
72d05f417000-72d05f418000 rw-s 00000000 00:05 1048                       /dev/nvidiactl
72d05f418000-72d05f419000 rw-s 00044000 00:01 6146                       /memfd:/.nvidia_drv.XXXXXX (deleted)
72d05f419000-72d05f429000 rw-s 00000000 00:05 1049                       /dev/nvidia0
72d05f429000-72d05f42a000 r-xp 00000000 00:00 0 
72d05f42a000-72d05f4f0000 rw-p 00000000 00:00 0 
72d05f4f0000-72d05f5d6000 ---p 00000000 00:00 0 
72d05f5d6000-72d05f5da000 ---p 00000000 00:00 0 
72d05f5da000-72d05f6d6000 rw-p 00000000 00:00 0 
72d05f6d6000-72d05f6e4000 r--p 00000000 103:01 60163261                  /usr/lib/x86_64-linux-gnu/libm.so.6
72d05f6e4000-72d05f760000 r-xp 0000e000 103:01 60163261                  /usr/lib/x86_64-linux-gnu/libm.so.6
72d05f760000-72d05f7bb000 r--p 0008a000 103:01 60163261                  /usr/lib/x86_64-linux-gnu/libm.so.6
72d05f7bb000-72d05f7bc000 r--p 000e4000 103:01 60163261                  /usr/lib/x86_64-linux-gnu/libm.so.6
72d05f7bc000-72d05f7bd000 rw-p 000e5000 103:01 60163261                  /usr/lib/x86_64-linux-gnu/libm.so.6
72d05f7bd000-72d05f7be000 r--p 00000000 103:01 60164348                  /usr/lib/x86_64-linux-gnu/librt.so.1
72d05f7be000-72d05f7bf000 r-xp 00001000 103:01 60164348                  /usr/lib/x86_64-linux-gnu/librt.so.1
72d05f7bf000-72d05f7c0000 r--p 00002000 103:01 60164348                  /usr/lib/x86_64-linux-gnu/librt.so.1
72d05f7c0000-72d05f7c1000 r--p 00002000 103:01 60164348                  /usr/lib/x86_64-linux-gnu/librt.so.1
72d05f7c1000-72d05f7c2000 rw-p 00003000 103:01 60164348                  /usr/lib/x86_64-linux-gnu/librt.so.1
72d05f7c2000-72d05f7c6000 rw-p 00000000 00:00 0 
72d05f7c6000-72d05f7c7000 r--p 00000000 103:01 60163256                  /usr/lib/x86_64-linux-gnu/libdl.so.2
72d05f7c7000-72d05f7c8000 r-xp 00001000 103:01 60163256                  /usr/lib/x86_64-linux-gnu/libdl.so.2
72d05f7c8000-72d05f7c9000 r--p 00002000 103:01 60163256                  /usr/lib/x86_64-linux-gnu/libdl.so.2
72d05f7c9000-72d05f7ca000 r--p 00002000 103:01 60163256                  /usr/lib/x86_64-linux-gnu/libdl.so.2
72d05f7ca000-72d05f7cb000 rw-p 00003000 103:01 60163256                  /usr/lib/x86_64-linux-gnu/libdl.so.2
72d05f7cb000-72d05f7cc000 r--p 00000000 103:01 60164268                  /usr/lib/x86_64-linux-gnu/libpthread.so.0
72d05f7cc000-72d05f7cd000 r-xp 00001000 103:01 60164268                  /usr/lib/x86_64-linux-gnu/libpthread.so.0
72d05f7cd000-72d05f7ce000 r--p 00002000 103:01 60164268                  /usr/lib/x86_64-linux-gnu/libpthread.so.0
72d05f7ce000-72d05f7cf000 r--p 00002000 103:01 60164268                  /usr/lib/x86_64-linux-gnu/libpthread.so.0
72d05f7cf000-72d05f7d0000 rw-p 00003000 103:01 60164268                  /usr/lib/x86_64-linux-gnu/libpthread.so.0
72d05f7d0000-72d05f7d2000 r--p 00000000 103:01 60162424                  /usr/lib/x86_64-linux-gnu/libz.so.1.2.11
72d05f7d2000-72d05f7e3000 r-xp 00002000 103:01 60162424                  /usr/lib/x86_64-linux-gnu/libz.so.1.2.11
72d05f7e3000-72d05f7e9000 r--p 00013000 103:01 60162424                  /usr/lib/x86_64-linux-gnu/libz.so.1.2.11
72d05f7e9000-72d05f7ea000 ---p 00019000 103:01 60162424                  /usr/lib/x86_64-linux-gnu/libz.so.1.2.11
72d05f7ea000-72d05f7eb000 r--p 00019000 103:01 60162424                  /usr/lib/x86_64-linux-gnu/libz.so.1.2.11
72d05f7eb000-72d05f7ec000 rw-p 0001a000 103:01 60162424                  /usr/lib/x86_64-linux-gnu/libz.so.1.2.11
72d05f7ec000-72d05f7f1000 rw-p 00000000 00:00 0 
72d05f7f1000-72d05f7f8000 ---p 00000000 00:00 0 
72d05f7f8000-72d05f800000 rw-s 00000000 103:01 54525961                  /tmp/hsperfdata_eddie/78930
72d05f800000-72d05f801000 ---p 00000000 00:00 0 
72d05f801000-72d05f802000 r--p 00000000 00:00 0 
72d05f802000-72d05f804000 rw-p 00000000 00:00 0 
72d05f804000-72d05f806000 r--p 00000000 103:01 60162557                  /usr/lib/x86_64-linux-gnu/ld-linux-x86-64.so.2
72d05f806000-72d05f830000 r-xp 00002000 103:01 60162557                  /usr/lib/x86_64-linux-gnu/ld-linux-x86-64.so.2
72d05f830000-72d05f83b000 r--p 0002c000 103:01 60162557                  /usr/lib/x86_64-linux-gnu/ld-linux-x86-64.so.2
72d05f83b000-72d05f83c000 ---p 00000000 00:00 0 
72d05f83c000-72d05f83e000 r--p 00037000 103:01 60162557                  /usr/lib/x86_64-linux-gnu/ld-linux-x86-64.so.2
72d05f83e000-72d05f840000 rw-p 00039000 103:01 60162557                  /usr/lib/x86_64-linux-gnu/ld-linux-x86-64.so.2
7fffa9cb0000-7fffa9cd1000 rw-p 00000000 00:00 0                          [stack]
7fffa9d27000-7fffa9d2b000 r--p 00000000 00:00 0                          [vvar]
7fffa9d2b000-7fffa9d2d000 r-xp 00000000 00:00 0                          [vdso]
ffffffffff600000-ffffffffff601000 --xp 00000000 00:00 0                  [vsyscall]
Total number of mappings: 415


VM Arguments:
jvm_args: -javaagent:/snap/intellij-idea-community/588/lib/idea_rt.jar=46151 -Dfile.encoding=UTF-8 -Dsun.stdout.encoding=UTF-8 -Dsun.stderr.encoding=UTF-8 
java_command: github.com.rev.Main
java_class_path (initial): /home/eddie/Documents/Projects/rev-plot2/target/classes:/home/eddie/.m2/repository/org/lwjgl/lwjgl/3.3.6/lwjgl-3.3.6.jar:/home/eddie/.m2/repository/org/lwjgl/lwjgl-assimp/3.3.6/lwjgl-assimp-3.3.6.jar:/home/eddie/.m2/repository/org/lwjgl/lwjgl-glfw/3.3.6/lwjgl-glfw-3.3.6.jar:/home/eddie/.m2/repository/org/lwjgl/lwjgl-openal/3.3.6/lwjgl-openal-3.3.6.jar:/home/eddie/.m2/repository/org/lwjgl/lwjgl-opengl/3.3.6/lwjgl-opengl-3.3.6.jar:/home/eddie/.m2/repository/org/lwjgl/lwjgl-stb/3.3.6/lwjgl-stb-3.3.6.jar:/home/eddie/.m2/repository/org/lwjgl/lwjgl/3.3.6/lwjgl-3.3.6-natives-linux.jar:/home/eddie/.m2/repository/org/lwjgl/lwjgl-assimp/3.3.6/lwjgl-assimp-3.3.6-natives-linux.jar:/home/eddie/.m2/repository/org/lwjgl/lwjgl-glfw/3.3.6/lwjgl-glfw-3.3.6-natives-linux.jar:/home/eddie/.m2/repository/org/lwjgl/lwjgl-openal/3.3.6/lwjgl-openal-3.3.6-natives-linux.jar:/home/eddie/.m2/repository/org/lwjgl/lwjgl-opengl/3.3.6/lwjgl-opengl-3.3.6-natives-linux.jar:/home/eddie/.m2/repository/org/lwjgl/lwjgl-stb/3.3.6/lwjgl-stb-3.3.6-natives-linux.jar:/home/eddie/.m2/repository/org/joml/joml/1.10.7/joml-1.10.7.jar:/home/eddie/.m2/repository/org/joml/joml-primitives/1.10.0/joml-primitives-1.10.0.jar
Launcher Type: SUN_STANDARD

[Global flags]
     intx CICompilerCount                          = 4                                         {product} {ergonomic}
     uint ConcGCThreads                            = 3                                         {product} {ergonomic}
     uint G1ConcRefinementThreads                  = 10                                        {product} {ergonomic}
   size_t G1HeapRegionSize                         = 4194304                                   {product} {ergonomic}
    uintx GCDrainStackTargetSize                   = 64                                        {product} {ergonomic}
   size_t InitialHeapSize                          = 528482304                                 {product} {ergonomic}
   size_t MarkStackSize                            = 4194304                                   {product} {ergonomic}
   size_t MaxHeapSize                              = 8392802304                                {product} {ergonomic}
   size_t MaxNewSize                               = 5033164800                                {product} {ergonomic}
   size_t MinHeapDeltaBytes                        = 4194304                                   {product} {ergonomic}
   size_t MinHeapSize                              = 8388608                                   {product} {ergonomic}
    uintx NonNMethodCodeHeapSize                   = 5839372                                {pd product} {ergonomic}
    uintx NonProfiledCodeHeapSize                  = 122909434                              {pd product} {ergonomic}
    uintx ProfiledCodeHeapSize                     = 122909434                              {pd product} {ergonomic}
    uintx ReservedCodeCacheSize                    = 251658240                              {pd product} {ergonomic}
     bool SegmentedCodeCache                       = true                                      {product} {ergonomic}
   size_t SoftMaxHeapSize                          = 8392802304                             {manageable} {ergonomic}
     bool UseCompressedOops                        = true                           {product lp64_product} {ergonomic}
     bool UseG1GC                                  = true                                      {product} {ergonomic}

Logging:
Log output configuration:
 #0: stdout all=warning uptime,level,tags foldmultilines=false
 #1: stderr all=off uptime,level,tags foldmultilines=false

Environment Variables:
PATH=/usr/local/sbin:/usr/local/bin:/usr/sbin:/usr/bin:/sbin:/bin:/usr/games:/usr/local/games:/snap/bin:/snap/bin:/home/eddie/.dotnet/tools
USERNAME=eddie
SHELL=/bin/bash
DISPLAY=:1
LANG=en_GB.UTF-8

Active Locale:
LC_ALL=en_GB.UTF-8
LC_COLLATE=en_GB.UTF-8
LC_CTYPE=en_GB.UTF-8
LC_MESSAGES=en_GB.UTF-8
LC_MONETARY=en_GB.UTF-8
LC_NUMERIC=en_GB.UTF-8
LC_TIME=en_GB.UTF-8

Signal Handlers:
   SIGSEGV: crash_handler in libjvm.so, mask=11100100010111111101111111111110, flags=SA_RESTART|SA_SIGINFO, unblocked
    SIGBUS: crash_handler in libjvm.so, mask=11100100010111111101111111111110, flags=SA_RESTART|SA_SIGINFO, unblocked
    SIGFPE: crash_handler in libjvm.so, mask=11100100010111111101111111111110, flags=SA_RESTART|SA_SIGINFO, unblocked
   SIGPIPE: javaSignalHandler in libjvm.so, mask=11100100010111111101111111111110, flags=SA_RESTART|SA_SIGINFO, blocked
  *** Handler was modified!
  *** Expected: 0x000072d77504219a, mask=11100101000111011011110011000110, flags=SA_RESTART|SA_SIGINFO
   SIGXFSZ: javaSignalHandler in libjvm.so, mask=11100100010111111101111111111110, flags=SA_RESTART|SA_SIGINFO, blocked
  *** Handler was modified!
  *** Expected: 0x000072d77504201a, mask=11100101000111011011110011000110, flags=SA_RESTART|SA_SIGINFO
    SIGILL: crash_handler in libjvm.so, mask=11100100010111111101111111111110, flags=SA_RESTART|SA_SIGINFO, unblocked
   SIGUSR2: SR_handler in libjvm.so, mask=00000000000000000000000000000000, flags=SA_RESTART|SA_SIGINFO, blocked
  *** Handler was modified!
  *** Expected: 0x000072d7750420da, mask=11100101000111011011110011000110, flags=SA_RESTART|SA_SIGINFO
    SIGHUP: UserHandler in libjvm.so, mask=11100100010111111101111111111110, flags=SA_RESTART|SA_SIGINFO, blocked
    SIGINT: UserHandler in libjvm.so, mask=11100100010111111101111111111110, flags=SA_RESTART|SA_SIGINFO, blocked
   SIGTERM: UserHandler in libjvm.so, mask=11100100010111111101111111111110, flags=SA_RESTART|SA_SIGINFO, blocked
   SIGQUIT: UserHandler in libjvm.so, mask=11100100010111111101111111111110, flags=SA_RESTART|SA_SIGINFO, blocked
   SIGTRAP: crash_handler in libjvm.so, mask=11100100010111111101111111111110, flags=SA_RESTART|SA_SIGINFO, unblocked


Periodic native trim disabled

---------------  S Y S T E M  ---------------

OS:
DISTRIB_ID=Ubuntu
DISTRIB_RELEASE=22.04
DISTRIB_CODENAME=jammy
DISTRIB_DESCRIPTION="Ubuntu 22.04.5 LTS"
uname: Linux 6.8.0-52-generic #53~22.04.1-Ubuntu SMP PREEMPT_DYNAMIC Wed Jan 15 19:18:46 UTC 2 x86_64
OS uptime: 1 days 0:58 hours
libc: glibc 2.35 NPTL 2.35 
rlimit (soft/hard): STACK 8192k/infinity , CORE 0k/infinity , NPROC 127728/127728 , NOFILE 1048576/1048576 , AS infinity/infinity , CPU infinity/infinity , DATA infinity/infinity , FSIZE infinity/infinity , MEMLOCK 4097240k/4097240k
load average: 1.34 0.76 0.59

/proc/meminfo:
MemTotal:       32777924 kB
MemFree:        19610152 kB
MemAvailable:   25790788 kB
Buffers:          438928 kB
Cached:          5913956 kB
SwapCached:            0 kB
Active:          8344856 kB
Inactive:        3552384 kB
Active(anon):    5636544 kB
Inactive(anon):        0 kB
Active(file):    2708312 kB
Inactive(file):  3552384 kB
Unevictable:         112 kB
Mlocked:             112 kB
SwapTotal:       2097148 kB
SwapFree:        2097148 kB
Zswap:                 0 kB
Zswapped:              0 kB
Dirty:               192 kB
Writeback:             0 kB
AnonPages:       5544612 kB
Mapped:          1866948 kB
Shmem:             92188 kB
KReclaimable:     384220 kB
Slab:             686680 kB
SReclaimable:     384220 kB
SUnreclaim:       302460 kB
KernelStack:       25872 kB
PageTables:        60396 kB
SecPageTables:         0 kB
NFS_Unstable:          0 kB
Bounce:                0 kB
WritebackTmp:          0 kB
CommitLimit:    18486108 kB
Committed_AS:   14561344 kB
VmallocTotal:   34359738367 kB
VmallocUsed:      164784 kB
VmallocChunk:          0 kB
Percpu:            44800 kB
HardwareCorrupted:     0 kB
AnonHugePages:         0 kB
ShmemHugePages:        0 kB
ShmemPmdMapped:        0 kB
FileHugePages:         0 kB
FilePmdMapped:         0 kB
Unaccepted:            0 kB
HugePages_Total:       0
HugePages_Free:        0
HugePages_Rsvd:        0
HugePages_Surp:        0
Hugepagesize:       2048 kB
Hugetlb:               0 kB
DirectMap4k:     1077344 kB
DirectMap2M:    16668672 kB
DirectMap1G:    15728640 kB

/sys/kernel/mm/transparent_hugepage/enabled: always [madvise] never
/sys/kernel/mm/transparent_hugepage/hpage_pmd_size: 2097152
/sys/kernel/mm/transparent_hugepage/defrag (defrag/compaction efforts parameter): always defer defer+madvise [madvise] never

Process Memory:
Virtual Size: 11507288K (peak: 11507288K)
Resident Set Size: 116220K (peak: 116220K) (anon: 63400K, file: 52820K, shmem: 0K)
Swapped out: 0K
