#
# A fatal error has been detected by the Java Runtime Environment:
#
#  SIGSEGV (0xb) at pc=0x0000000040f7ef7f, pid=14929, tid=14949
#
# JRE version: OpenJDK Runtime Environment Corretto-21.0.5.11.1 (21.0.5+11) (build 21.0.5+11-LTS)
# Java VM: OpenJDK 64-Bit Server VM Corretto-21.0.5.11.1 (21.0.5+11-LTS, mixed mode, sharing, tiered, compressed oops, compressed class ptrs, g1 gc, linux-amd64)
# Problematic frame:
# C  0x0000000040f7ef7f
#
# Core dump will be written. Default location: Core dumps may be processed with "/usr/share/apport/apport -p%p -s%s -c%c -d%d -P%P -u%u -g%g -- %E" (or dumping to /home/eddie/Documents/Projects/rev-plot2/core.14929)
#
# If you would like to submit a bug report, please visit:
#   https://github.com/corretto/corretto-21/issues/
#

---------------  S U M M A R Y ------------

Command Line: target/lwjgl-1.0-SNAPSHOT-jar-with-dependencies.jar

Host: AMD Ryzen 5 5600X 6-Core Processor, 12 cores, 31G, Ubuntu 22.04.5 LTS
Time: Fri Mar 21 22:53:35 2025 GMT elapsed time: 0.399749 seconds (0d 0h 0m 0s)

---------------  T H R E A D  ---------------

Current thread is native thread

Stack: [0x000073f36c801000,0x000073f36d001000],  sp=0x000073f36cffe188,  free space=8180k
Native frames: (J=compiled Java code, j=interpreted, Vv=VM code, C=native code)
C  0x0000000040f7ef7f

siginfo: si_signo: 11 (SIGSEGV), si_code: 1 (SEGV_MAPERR), si_addr: 0x0000000000000000

Registers:
RAX=0x000073f3798bf370, RBX=0x0000000041748000, RCX=0x0000000000000000, RDX=0x0000000000000003
RSP=0x000073f36cffe188, RBP=0x0000000041748000, RSI=0x0000000000000000, RDI=0x0000000000000000
R8 =0x000073f3798bb000, R9 =0x0000000080000000, R10=0x000073f36e6f8870, R11=0x0000000000000000
R12=0x0000000000000000, R13=0x000073f2d00069c0, R14=0x0000000000000004, R15=0x0000000000000003
RIP=0x0000000040f7ef7f, EFLAGS=0x0000000000010282, CSGSFS=0x002b000000000033, ERR=0x0000000000000004
  TRAPNO=0x000000000000000e


Top of Stack: (sp=0x000073f36cffe188)
0x000073f36cffe188:   000073f36e8900d0 000073f2d019b138
0x000073f36cffe198:   000073f2d000d700 0000000000000000
0x000073f36cffe1a8:   000073f3798bf370 0000000000000003
0x000073f36cffe1b8:   ffffffffffffff60 0000000041748000
0x000073f36cffe1c8:   0000000000000004 0000000000000000
0x000073f36cffe1d8:   0000000000000010 0000000000000003
0x000073f36cffe1e8:   000073f36e4f4342 0000000000000265
0x000073f36cffe1f8:   00000000ffffffff 000073f36fde5160
0x000073f36cffe208:   0000000000000018 0000000000000fc0
0x000073f36cffe218:   000073f3a434dea0 000073f317ee0988
0x000073f36cffe228:   000073f317600040 0000000000000003
0x000073f36cffe238:   0000000041748000 0000000000000004
0x000073f36cffe248:   000073f36e4e2b18 0000000000000000
0x000073f36cffe258:   000073f2d01a4650 010073f36cffebe8
0x000073f36cffe268:   0000000300000001 000073f2d01a3690
0x000073f36cffe278:   000073f36cffe3b0 0000000000000000
0x000073f36cffe288:   0000000000000000 000073f36fde5140
0x000073f36cffe298:   0000000000000fc0 00000000000000c5
0x000073f36cffe2a8:   0000000000000000 000073f2d01aefd4
0x000073f36cffe2b8:   000073f2d01af0a3 00000000000000c5
0x000073f36cffe2c8:   000073f2d01af064 000073f2d01af060
0x000073f36cffe2d8:   000073f2d01af0a3 00000000000000a3
0x000073f36cffe2e8:   0000000000000000 0000000400000000
0x000073f36cffe2f8:   0000000000000035 0000000000000000
0x000073f36cffe308:   8544545af1ea780c 0000000000000012
0x000073f36cffe318:   0000000000000060 0000000000000001
0x000073f36cffe328:   0000003100000004 0000000000000000
0x000073f36cffe338:   000073f3aa6a462b 000073f2d01a3680
0x000073f36cffe348:   000073f2d0000090 0000000000000007
0x000073f36cffe358:   000073f2d019d980 00000062000000d3
0x000073f36cffe368:   0000000000000fc0 0000000000000000
0x000073f36cffe378:   8544545af1ea780c 000000000000010b 

Instructions: (pc=0x0000000040f7ef7f)
0x0000000040f7ee7f:   00 00 00 00 00 00 00 00 00 00 00 00 00 00 00 00
0x0000000040f7ee8f:   00 00 00 00 00 00 00 00 00 00 00 00 00 00 00 00
0x0000000040f7ee9f:   00 00 00 00 00 00 00 00 00 00 00 00 00 00 00 00
0x0000000040f7eeaf:   00 00 00 00 00 00 00 00 00 00 00 00 00 00 00 00
0x0000000040f7eebf:   00 00 00 00 00 00 00 00 00 00 00 00 00 00 00 00
0x0000000040f7eecf:   00 00 00 00 00 00 00 00 00 00 00 00 00 00 00 00
0x0000000040f7eedf:   00 00 00 00 00 00 00 00 00 00 00 00 00 00 00 00
0x0000000040f7eeef:   00 00 00 00 00 00 00 00 00 00 00 00 00 00 00 00
0x0000000040f7eeff:   00 00 00 00 00 00 00 00 00 00 00 00 00 00 00 00
0x0000000040f7ef0f:   00 00 00 00 00 00 00 00 00 00 00 00 00 00 00 00
0x0000000040f7ef1f:   00 00 00 00 00 00 00 00 00 00 00 00 00 00 00 00
0x0000000040f7ef2f:   00 00 00 00 00 00 00 00 00 80 ff ff ff 00 1f 00
0x0000000040f7ef3f:   00 48 89 6c 24 f8 48 89 5c 24 f0 48 89 74 24 e8
0x0000000040f7ef4f:   48 89 7c 24 e0 48 8b df 48 8b c6 4c 8b da 48 8b
0x0000000040f7ef5f:   d1 49 8b cb 48 be 28 fb 79 41 00 00 00 00 48 8b
0x0000000040f7ef6f:   36 48 8b b6 08 03 00 00 48 8d 3c 49 48 8d 34 be
0x0000000040f7ef7f:   8b 3e 8b 6e 04 89 38 89 68 04 8b 7e 08 89 78 08
0x0000000040f7ef8f:   48 83 c0 0c ff c1 ff ca 75 ca 48 8b 7c 24 e0 48
0x0000000040f7ef9f:   8b 74 24 e8 48 8b 5c 24 f0 48 8b 6c 24 f8 c3 00
0x0000000040f7efaf:   00 00 00 00 00 00 00 00 00 c0 ff ff ff 80 00 00
0x0000000040f7efbf:   00 48 b8 90 00 7e 41 00 00 00 00 48 8b 00 49 ba
0x0000000040f7efcf:   20 46 79 41 00 00 00 00 48 83 ec 28 48 83 c4 28
0x0000000040f7efdf:   c3 00 00 00 00 00 00 00 00 00 00 00 00 00 00 00
0x0000000040f7efef:   00 00 00 00 00 00 00 00 00 00 00 00 00 40 00 00
0x0000000040f7efff:   00 ?? ?? ?? ?? ?? ?? ?? ?? ?? ?? ?? ?? ?? ?? ??
0x0000000040f7f00f:   ?? ?? ?? ?? ?? ?? ?? ?? ?? ?? ?? ?? ?? ?? ?? ??
0x0000000040f7f01f:   ?? ?? ?? ?? ?? ?? ?? ?? ?? ?? ?? ?? ?? ?? ?? ??
0x0000000040f7f02f:   ?? ?? ?? ?? ?? ?? ?? ?? ?? ?? ?? ?? ?? ?? ?? ??
0x0000000040f7f03f:   ?? ?? ?? ?? ?? ?? ?? ?? ?? ?? ?? ?? ?? ?? ?? ??
0x0000000040f7f04f:   ?? ?? ?? ?? ?? ?? ?? ?? ?? ?? ?? ?? ?? ?? ?? ??
0x0000000040f7f05f:   ?? ?? ?? ?? ?? ?? ?? ?? ?? ?? ?? ?? ?? ?? ?? ??
0x0000000040f7f06f:   ?? ?? ?? ?? ?? ?? ?? ?? ?? ?? ?? ?? ?? ?? ?? ?? 



---------------  P R O C E S S  ---------------

VM state: not at safepoint (normal execution)

VM Mutex/Monitor currently owned by a thread: None

Heap address: 0x000000060bc00000, size: 8004 MB, Compressed Oops mode: Zero based, Oop shift amount: 3

CDS archive(s) mapped at: [0x000073f323000000-0x000073f323c97000-0x000073f323c97000), size 13201408, SharedBaseAddress: 0x000073f323000000, ArchiveRelocationMode: 1.
Compressed class space mapped at: 0x000073f324000000-0x000073f364000000, reserved size: 1073741824
Narrow klass base: 0x000073f323000000, Narrow klass shift: 0, Narrow klass range: 0x100000000

GC Precious Log:
<Skipped>

Heap:
 garbage-first heap   total 520192K, used 9764K [0x000000060bc00000, 0x0000000800000000)
  region size 4096K, 3 young (12288K), 0 survivors (0K)
 Metaspace       used 4007K, committed 4096K, reserved 1114112K
  class space    used 213K, committed 256K, reserved 1048576K

Heap Regions: E=young(eden), S=young(survivor), O=old, HS=humongous(starts), HC=humongous(continues), CS=collection set, F=free, TAMS=top-at-mark-start, PB=parsable bottom
|   0|0x000000060bc00000, 0x000000060bc00000, 0x000000060c000000|  0%| F|  |TAMS 0x000000060bc00000| PB 0x000000060bc00000| Untracked 
|   1|0x000000060c000000, 0x000000060c000000, 0x000000060c400000|  0%| F|  |TAMS 0x000000060c000000| PB 0x000000060c000000| Untracked 
|   2|0x000000060c400000, 0x000000060c400000, 0x000000060c800000|  0%| F|  |TAMS 0x000000060c400000| PB 0x000000060c400000| Untracked 
|   3|0x000000060c800000, 0x000000060c800000, 0x000000060cc00000|  0%| F|  |TAMS 0x000000060c800000| PB 0x000000060c800000| Untracked 
|   4|0x000000060cc00000, 0x000000060cc00000, 0x000000060d000000|  0%| F|  |TAMS 0x000000060cc00000| PB 0x000000060cc00000| Untracked 
|   5|0x000000060d000000, 0x000000060d000000, 0x000000060d400000|  0%| F|  |TAMS 0x000000060d000000| PB 0x000000060d000000| Untracked 
|   6|0x000000060d400000, 0x000000060d400000, 0x000000060d800000|  0%| F|  |TAMS 0x000000060d400000| PB 0x000000060d400000| Untracked 
|   7|0x000000060d800000, 0x000000060d800000, 0x000000060dc00000|  0%| F|  |TAMS 0x000000060d800000| PB 0x000000060d800000| Untracked 
|   8|0x000000060dc00000, 0x000000060dc00000, 0x000000060e000000|  0%| F|  |TAMS 0x000000060dc00000| PB 0x000000060dc00000| Untracked 
|   9|0x000000060e000000, 0x000000060e000000, 0x000000060e400000|  0%| F|  |TAMS 0x000000060e000000| PB 0x000000060e000000| Untracked 
|  10|0x000000060e400000, 0x000000060e400000, 0x000000060e800000|  0%| F|  |TAMS 0x000000060e400000| PB 0x000000060e400000| Untracked 
|  11|0x000000060e800000, 0x000000060e800000, 0x000000060ec00000|  0%| F|  |TAMS 0x000000060e800000| PB 0x000000060e800000| Untracked 
|  12|0x000000060ec00000, 0x000000060ec00000, 0x000000060f000000|  0%| F|  |TAMS 0x000000060ec00000| PB 0x000000060ec00000| Untracked 
|  13|0x000000060f000000, 0x000000060f000000, 0x000000060f400000|  0%| F|  |TAMS 0x000000060f000000| PB 0x000000060f000000| Untracked 
|  14|0x000000060f400000, 0x000000060f400000, 0x000000060f800000|  0%| F|  |TAMS 0x000000060f400000| PB 0x000000060f400000| Untracked 
|  15|0x000000060f800000, 0x000000060f800000, 0x000000060fc00000|  0%| F|  |TAMS 0x000000060f800000| PB 0x000000060f800000| Untracked 
|  16|0x000000060fc00000, 0x000000060fc00000, 0x0000000610000000|  0%| F|  |TAMS 0x000000060fc00000| PB 0x000000060fc00000| Untracked 
|  17|0x0000000610000000, 0x0000000610000000, 0x0000000610400000|  0%| F|  |TAMS 0x0000000610000000| PB 0x0000000610000000| Untracked 
|  18|0x0000000610400000, 0x0000000610400000, 0x0000000610800000|  0%| F|  |TAMS 0x0000000610400000| PB 0x0000000610400000| Untracked 
|  19|0x0000000610800000, 0x0000000610800000, 0x0000000610c00000|  0%| F|  |TAMS 0x0000000610800000| PB 0x0000000610800000| Untracked 
|  20|0x0000000610c00000, 0x0000000610c00000, 0x0000000611000000|  0%| F|  |TAMS 0x0000000610c00000| PB 0x0000000610c00000| Untracked 
|  21|0x0000000611000000, 0x0000000611000000, 0x0000000611400000|  0%| F|  |TAMS 0x0000000611000000| PB 0x0000000611000000| Untracked 
|  22|0x0000000611400000, 0x0000000611400000, 0x0000000611800000|  0%| F|  |TAMS 0x0000000611400000| PB 0x0000000611400000| Untracked 
|  23|0x0000000611800000, 0x0000000611800000, 0x0000000611c00000|  0%| F|  |TAMS 0x0000000611800000| PB 0x0000000611800000| Untracked 
|  24|0x0000000611c00000, 0x0000000611c00000, 0x0000000612000000|  0%| F|  |TAMS 0x0000000611c00000| PB 0x0000000611c00000| Untracked 
|  25|0x0000000612000000, 0x0000000612000000, 0x0000000612400000|  0%| F|  |TAMS 0x0000000612000000| PB 0x0000000612000000| Untracked 
|  26|0x0000000612400000, 0x0000000612400000, 0x0000000612800000|  0%| F|  |TAMS 0x0000000612400000| PB 0x0000000612400000| Untracked 
|  27|0x0000000612800000, 0x0000000612800000, 0x0000000612c00000|  0%| F|  |TAMS 0x0000000612800000| PB 0x0000000612800000| Untracked 
|  28|0x0000000612c00000, 0x0000000612c00000, 0x0000000613000000|  0%| F|  |TAMS 0x0000000612c00000| PB 0x0000000612c00000| Untracked 
|  29|0x0000000613000000, 0x0000000613000000, 0x0000000613400000|  0%| F|  |TAMS 0x0000000613000000| PB 0x0000000613000000| Untracked 
|  30|0x0000000613400000, 0x0000000613400000, 0x0000000613800000|  0%| F|  |TAMS 0x0000000613400000| PB 0x0000000613400000| Untracked 
|  31|0x0000000613800000, 0x0000000613800000, 0x0000000613c00000|  0%| F|  |TAMS 0x0000000613800000| PB 0x0000000613800000| Untracked 
|  32|0x0000000613c00000, 0x0000000613c00000, 0x0000000614000000|  0%| F|  |TAMS 0x0000000613c00000| PB 0x0000000613c00000| Untracked 
|  33|0x0000000614000000, 0x0000000614000000, 0x0000000614400000|  0%| F|  |TAMS 0x0000000614000000| PB 0x0000000614000000| Untracked 
|  34|0x0000000614400000, 0x0000000614400000, 0x0000000614800000|  0%| F|  |TAMS 0x0000000614400000| PB 0x0000000614400000| Untracked 
|  35|0x0000000614800000, 0x0000000614800000, 0x0000000614c00000|  0%| F|  |TAMS 0x0000000614800000| PB 0x0000000614800000| Untracked 
|  36|0x0000000614c00000, 0x0000000614c00000, 0x0000000615000000|  0%| F|  |TAMS 0x0000000614c00000| PB 0x0000000614c00000| Untracked 
|  37|0x0000000615000000, 0x0000000615000000, 0x0000000615400000|  0%| F|  |TAMS 0x0000000615000000| PB 0x0000000615000000| Untracked 
|  38|0x0000000615400000, 0x0000000615400000, 0x0000000615800000|  0%| F|  |TAMS 0x0000000615400000| PB 0x0000000615400000| Untracked 
|  39|0x0000000615800000, 0x0000000615800000, 0x0000000615c00000|  0%| F|  |TAMS 0x0000000615800000| PB 0x0000000615800000| Untracked 
|  40|0x0000000615c00000, 0x0000000615c00000, 0x0000000616000000|  0%| F|  |TAMS 0x0000000615c00000| PB 0x0000000615c00000| Untracked 
|  41|0x0000000616000000, 0x0000000616000000, 0x0000000616400000|  0%| F|  |TAMS 0x0000000616000000| PB 0x0000000616000000| Untracked 
|  42|0x0000000616400000, 0x0000000616400000, 0x0000000616800000|  0%| F|  |TAMS 0x0000000616400000| PB 0x0000000616400000| Untracked 
|  43|0x0000000616800000, 0x0000000616800000, 0x0000000616c00000|  0%| F|  |TAMS 0x0000000616800000| PB 0x0000000616800000| Untracked 
|  44|0x0000000616c00000, 0x0000000616c00000, 0x0000000617000000|  0%| F|  |TAMS 0x0000000616c00000| PB 0x0000000616c00000| Untracked 
|  45|0x0000000617000000, 0x0000000617000000, 0x0000000617400000|  0%| F|  |TAMS 0x0000000617000000| PB 0x0000000617000000| Untracked 
|  46|0x0000000617400000, 0x0000000617400000, 0x0000000617800000|  0%| F|  |TAMS 0x0000000617400000| PB 0x0000000617400000| Untracked 
|  47|0x0000000617800000, 0x0000000617800000, 0x0000000617c00000|  0%| F|  |TAMS 0x0000000617800000| PB 0x0000000617800000| Untracked 
|  48|0x0000000617c00000, 0x0000000617c00000, 0x0000000618000000|  0%| F|  |TAMS 0x0000000617c00000| PB 0x0000000617c00000| Untracked 
|  49|0x0000000618000000, 0x0000000618000000, 0x0000000618400000|  0%| F|  |TAMS 0x0000000618000000| PB 0x0000000618000000| Untracked 
|  50|0x0000000618400000, 0x0000000618400000, 0x0000000618800000|  0%| F|  |TAMS 0x0000000618400000| PB 0x0000000618400000| Untracked 
|  51|0x0000000618800000, 0x0000000618800000, 0x0000000618c00000|  0%| F|  |TAMS 0x0000000618800000| PB 0x0000000618800000| Untracked 
|  52|0x0000000618c00000, 0x0000000618c00000, 0x0000000619000000|  0%| F|  |TAMS 0x0000000618c00000| PB 0x0000000618c00000| Untracked 
|  53|0x0000000619000000, 0x0000000619000000, 0x0000000619400000|  0%| F|  |TAMS 0x0000000619000000| PB 0x0000000619000000| Untracked 
|  54|0x0000000619400000, 0x0000000619400000, 0x0000000619800000|  0%| F|  |TAMS 0x0000000619400000| PB 0x0000000619400000| Untracked 
|  55|0x0000000619800000, 0x0000000619800000, 0x0000000619c00000|  0%| F|  |TAMS 0x0000000619800000| PB 0x0000000619800000| Untracked 
|  56|0x0000000619c00000, 0x0000000619c00000, 0x000000061a000000|  0%| F|  |TAMS 0x0000000619c00000| PB 0x0000000619c00000| Untracked 
|  57|0x000000061a000000, 0x000000061a000000, 0x000000061a400000|  0%| F|  |TAMS 0x000000061a000000| PB 0x000000061a000000| Untracked 
|  58|0x000000061a400000, 0x000000061a400000, 0x000000061a800000|  0%| F|  |TAMS 0x000000061a400000| PB 0x000000061a400000| Untracked 
|  59|0x000000061a800000, 0x000000061a800000, 0x000000061ac00000|  0%| F|  |TAMS 0x000000061a800000| PB 0x000000061a800000| Untracked 
|  60|0x000000061ac00000, 0x000000061ac00000, 0x000000061b000000|  0%| F|  |TAMS 0x000000061ac00000| PB 0x000000061ac00000| Untracked 
|  61|0x000000061b000000, 0x000000061b000000, 0x000000061b400000|  0%| F|  |TAMS 0x000000061b000000| PB 0x000000061b000000| Untracked 
|  62|0x000000061b400000, 0x000000061b400000, 0x000000061b800000|  0%| F|  |TAMS 0x000000061b400000| PB 0x000000061b400000| Untracked 
|  63|0x000000061b800000, 0x000000061b800000, 0x000000061bc00000|  0%| F|  |TAMS 0x000000061b800000| PB 0x000000061b800000| Untracked 
|  64|0x000000061bc00000, 0x000000061bc00000, 0x000000061c000000|  0%| F|  |TAMS 0x000000061bc00000| PB 0x000000061bc00000| Untracked 
|  65|0x000000061c000000, 0x000000061c000000, 0x000000061c400000|  0%| F|  |TAMS 0x000000061c000000| PB 0x000000061c000000| Untracked 
|  66|0x000000061c400000, 0x000000061c400000, 0x000000061c800000|  0%| F|  |TAMS 0x000000061c400000| PB 0x000000061c400000| Untracked 
|  67|0x000000061c800000, 0x000000061c800000, 0x000000061cc00000|  0%| F|  |TAMS 0x000000061c800000| PB 0x000000061c800000| Untracked 
|  68|0x000000061cc00000, 0x000000061cc00000, 0x000000061d000000|  0%| F|  |TAMS 0x000000061cc00000| PB 0x000000061cc00000| Untracked 
|  69|0x000000061d000000, 0x000000061d000000, 0x000000061d400000|  0%| F|  |TAMS 0x000000061d000000| PB 0x000000061d000000| Untracked 
|  70|0x000000061d400000, 0x000000061d400000, 0x000000061d800000|  0%| F|  |TAMS 0x000000061d400000| PB 0x000000061d400000| Untracked 
|  71|0x000000061d800000, 0x000000061d800000, 0x000000061dc00000|  0%| F|  |TAMS 0x000000061d800000| PB 0x000000061d800000| Untracked 
|  72|0x000000061dc00000, 0x000000061dc00000, 0x000000061e000000|  0%| F|  |TAMS 0x000000061dc00000| PB 0x000000061dc00000| Untracked 
|  73|0x000000061e000000, 0x000000061e000000, 0x000000061e400000|  0%| F|  |TAMS 0x000000061e000000| PB 0x000000061e000000| Untracked 
|  74|0x000000061e400000, 0x000000061e400000, 0x000000061e800000|  0%| F|  |TAMS 0x000000061e400000| PB 0x000000061e400000| Untracked 
|  75|0x000000061e800000, 0x000000061e800000, 0x000000061ec00000|  0%| F|  |TAMS 0x000000061e800000| PB 0x000000061e800000| Untracked 
|  76|0x000000061ec00000, 0x000000061ec00000, 0x000000061f000000|  0%| F|  |TAMS 0x000000061ec00000| PB 0x000000061ec00000| Untracked 
|  77|0x000000061f000000, 0x000000061f000000, 0x000000061f400000|  0%| F|  |TAMS 0x000000061f000000| PB 0x000000061f000000| Untracked 
|  78|0x000000061f400000, 0x000000061f400000, 0x000000061f800000|  0%| F|  |TAMS 0x000000061f400000| PB 0x000000061f400000| Untracked 
|  79|0x000000061f800000, 0x000000061f800000, 0x000000061fc00000|  0%| F|  |TAMS 0x000000061f800000| PB 0x000000061f800000| Untracked 
|  80|0x000000061fc00000, 0x000000061fc00000, 0x0000000620000000|  0%| F|  |TAMS 0x000000061fc00000| PB 0x000000061fc00000| Untracked 
|  81|0x0000000620000000, 0x0000000620000000, 0x0000000620400000|  0%| F|  |TAMS 0x0000000620000000| PB 0x0000000620000000| Untracked 
|  82|0x0000000620400000, 0x0000000620400000, 0x0000000620800000|  0%| F|  |TAMS 0x0000000620400000| PB 0x0000000620400000| Untracked 
|  83|0x0000000620800000, 0x0000000620800000, 0x0000000620c00000|  0%| F|  |TAMS 0x0000000620800000| PB 0x0000000620800000| Untracked 
|  84|0x0000000620c00000, 0x0000000620c00000, 0x0000000621000000|  0%| F|  |TAMS 0x0000000620c00000| PB 0x0000000620c00000| Untracked 
|  85|0x0000000621000000, 0x0000000621000000, 0x0000000621400000|  0%| F|  |TAMS 0x0000000621000000| PB 0x0000000621000000| Untracked 
|  86|0x0000000621400000, 0x0000000621400000, 0x0000000621800000|  0%| F|  |TAMS 0x0000000621400000| PB 0x0000000621400000| Untracked 
|  87|0x0000000621800000, 0x0000000621800000, 0x0000000621c00000|  0%| F|  |TAMS 0x0000000621800000| PB 0x0000000621800000| Untracked 
|  88|0x0000000621c00000, 0x0000000621c00000, 0x0000000622000000|  0%| F|  |TAMS 0x0000000621c00000| PB 0x0000000621c00000| Untracked 
|  89|0x0000000622000000, 0x0000000622000000, 0x0000000622400000|  0%| F|  |TAMS 0x0000000622000000| PB 0x0000000622000000| Untracked 
|  90|0x0000000622400000, 0x0000000622400000, 0x0000000622800000|  0%| F|  |TAMS 0x0000000622400000| PB 0x0000000622400000| Untracked 
|  91|0x0000000622800000, 0x0000000622800000, 0x0000000622c00000|  0%| F|  |TAMS 0x0000000622800000| PB 0x0000000622800000| Untracked 
|  92|0x0000000622c00000, 0x0000000622c00000, 0x0000000623000000|  0%| F|  |TAMS 0x0000000622c00000| PB 0x0000000622c00000| Untracked 
|  93|0x0000000623000000, 0x0000000623000000, 0x0000000623400000|  0%| F|  |TAMS 0x0000000623000000| PB 0x0000000623000000| Untracked 
|  94|0x0000000623400000, 0x0000000623400000, 0x0000000623800000|  0%| F|  |TAMS 0x0000000623400000| PB 0x0000000623400000| Untracked 
|  95|0x0000000623800000, 0x0000000623800000, 0x0000000623c00000|  0%| F|  |TAMS 0x0000000623800000| PB 0x0000000623800000| Untracked 
|  96|0x0000000623c00000, 0x0000000623c00000, 0x0000000624000000|  0%| F|  |TAMS 0x0000000623c00000| PB 0x0000000623c00000| Untracked 
|  97|0x0000000624000000, 0x0000000624000000, 0x0000000624400000|  0%| F|  |TAMS 0x0000000624000000| PB 0x0000000624000000| Untracked 
|  98|0x0000000624400000, 0x0000000624400000, 0x0000000624800000|  0%| F|  |TAMS 0x0000000624400000| PB 0x0000000624400000| Untracked 
|  99|0x0000000624800000, 0x0000000624800000, 0x0000000624c00000|  0%| F|  |TAMS 0x0000000624800000| PB 0x0000000624800000| Untracked 
| 100|0x0000000624c00000, 0x0000000624c00000, 0x0000000625000000|  0%| F|  |TAMS 0x0000000624c00000| PB 0x0000000624c00000| Untracked 
| 101|0x0000000625000000, 0x0000000625000000, 0x0000000625400000|  0%| F|  |TAMS 0x0000000625000000| PB 0x0000000625000000| Untracked 
| 102|0x0000000625400000, 0x0000000625400000, 0x0000000625800000|  0%| F|  |TAMS 0x0000000625400000| PB 0x0000000625400000| Untracked 
| 103|0x0000000625800000, 0x0000000625800000, 0x0000000625c00000|  0%| F|  |TAMS 0x0000000625800000| PB 0x0000000625800000| Untracked 
| 104|0x0000000625c00000, 0x0000000625c00000, 0x0000000626000000|  0%| F|  |TAMS 0x0000000625c00000| PB 0x0000000625c00000| Untracked 
| 105|0x0000000626000000, 0x0000000626000000, 0x0000000626400000|  0%| F|  |TAMS 0x0000000626000000| PB 0x0000000626000000| Untracked 
| 106|0x0000000626400000, 0x0000000626400000, 0x0000000626800000|  0%| F|  |TAMS 0x0000000626400000| PB 0x0000000626400000| Untracked 
| 107|0x0000000626800000, 0x0000000626800000, 0x0000000626c00000|  0%| F|  |TAMS 0x0000000626800000| PB 0x0000000626800000| Untracked 
| 108|0x0000000626c00000, 0x0000000626c00000, 0x0000000627000000|  0%| F|  |TAMS 0x0000000626c00000| PB 0x0000000626c00000| Untracked 
| 109|0x0000000627000000, 0x0000000627000000, 0x0000000627400000|  0%| F|  |TAMS 0x0000000627000000| PB 0x0000000627000000| Untracked 
| 110|0x0000000627400000, 0x0000000627400000, 0x0000000627800000|  0%| F|  |TAMS 0x0000000627400000| PB 0x0000000627400000| Untracked 
| 111|0x0000000627800000, 0x0000000627800000, 0x0000000627c00000|  0%| F|  |TAMS 0x0000000627800000| PB 0x0000000627800000| Untracked 
| 112|0x0000000627c00000, 0x0000000627c00000, 0x0000000628000000|  0%| F|  |TAMS 0x0000000627c00000| PB 0x0000000627c00000| Untracked 
| 113|0x0000000628000000, 0x0000000628000000, 0x0000000628400000|  0%| F|  |TAMS 0x0000000628000000| PB 0x0000000628000000| Untracked 
| 114|0x0000000628400000, 0x0000000628400000, 0x0000000628800000|  0%| F|  |TAMS 0x0000000628400000| PB 0x0000000628400000| Untracked 
| 115|0x0000000628800000, 0x0000000628800000, 0x0000000628c00000|  0%| F|  |TAMS 0x0000000628800000| PB 0x0000000628800000| Untracked 
| 116|0x0000000628c00000, 0x0000000628c00000, 0x0000000629000000|  0%| F|  |TAMS 0x0000000628c00000| PB 0x0000000628c00000| Untracked 
| 117|0x0000000629000000, 0x0000000629000000, 0x0000000629400000|  0%| F|  |TAMS 0x0000000629000000| PB 0x0000000629000000| Untracked 
| 118|0x0000000629400000, 0x0000000629400000, 0x0000000629800000|  0%| F|  |TAMS 0x0000000629400000| PB 0x0000000629400000| Untracked 
| 119|0x0000000629800000, 0x0000000629800000, 0x0000000629c00000|  0%| F|  |TAMS 0x0000000629800000| PB 0x0000000629800000| Untracked 
| 120|0x0000000629c00000, 0x0000000629c00000, 0x000000062a000000|  0%| F|  |TAMS 0x0000000629c00000| PB 0x0000000629c00000| Untracked 
| 121|0x000000062a000000, 0x000000062a000000, 0x000000062a400000|  0%| F|  |TAMS 0x000000062a000000| PB 0x000000062a000000| Untracked 
| 122|0x000000062a400000, 0x000000062a400000, 0x000000062a800000|  0%| F|  |TAMS 0x000000062a400000| PB 0x000000062a400000| Untracked 
| 123|0x000000062a800000, 0x000000062a87ca20, 0x000000062ac00000| 12%| E|  |TAMS 0x000000062a800000| PB 0x000000062a800000| Complete 
| 124|0x000000062ac00000, 0x000000062b000000, 0x000000062b000000|100%| E|CS|TAMS 0x000000062ac00000| PB 0x000000062ac00000| Complete 
| 125|0x000000062b000000, 0x000000062b400000, 0x000000062b400000|100%| E|CS|TAMS 0x000000062b000000| PB 0x000000062b000000| Complete 
|2000|0x00000007ffc00000, 0x00000007ffd0c668, 0x0000000800000000| 26%| O|  |TAMS 0x00000007ffc00000| PB 0x00000007ffc00000| Untracked 

Card table byte_map: [0x000073f38a200000,0x000073f38b1a2000] _byte_map_base: 0x000073f3871a2000

Marking Bits: (CMBitMap*) 0x000073f3a4056e70
 Bits: [0x000073f382400000, 0x000073f38a110000)

Polling page: 0x000073f3aae68000

Metaspace:

Usage:
  Non-class:      3.71 MB used.
      Class:    213.41 KB used.
       Both:      3.91 MB used.

Virtual space:
  Non-class space:       64.00 MB reserved,       3.75 MB (  6%) committed,  1 nodes.
      Class space:        1.00 GB reserved,     256.00 KB ( <1%) committed,  1 nodes.
             Both:        1.06 GB reserved,       4.00 MB ( <1%) committed. 

Chunk freelists:
   Non-Class:  9.64 MB
       Class:  15.64 MB
        Both:  25.28 MB

MaxMetaspaceSize: unlimited
CompressedClassSpaceSize: 1.00 GB
Initial GC threshold: 21.00 MB
Current GC threshold: 21.00 MB
CDS: on
 - commit_granule_bytes: 65536.
 - commit_granule_words: 8192.
 - virtual_space_node_default_size: 8388608.
 - enlarge_chunks_in_place: 1.
 - use_allocation_guard: 0.


Internal statistics:

num_allocs_failed_limit: 0.
num_arena_births: 64.
num_arena_deaths: 0.
num_vsnodes_births: 2.
num_vsnodes_deaths: 0.
num_space_committed: 62.
num_space_uncommitted: 0.
num_chunks_returned_to_freelist: 0.
num_chunks_taken_from_freelist: 165.
num_chunk_merges: 0.
num_chunk_splits: 113.
num_chunks_enlarged: 84.
num_inconsistent_stats: 0.

CodeHeap 'non-profiled nmethods': size=120028Kb used=166Kb max_used=166Kb free=119861Kb
 bounds [0x000073f393cc9000, 0x000073f393f39000, 0x000073f39b200000]
CodeHeap 'profiled nmethods': size=120028Kb used=730Kb max_used=730Kb free=119297Kb
 bounds [0x000073f38c200000, 0x000073f38c470000, 0x000073f393737000]
CodeHeap 'non-nmethods': size=5704Kb used=2053Kb max_used=2067Kb free=3650Kb
 bounds [0x000073f393737000, 0x000073f3939a7000, 0x000073f393cc9000]
 total_blobs=1594 nmethods=529 adapters=971
 compilation: enabled
              stopped_count=0, restarted_count=0
 full_count=0

Compilation events (20 events):
Event: 0.386 Thread 0x000073f3a4143160  518       4       java.lang.StringLatin1::lastIndexOf (40 bytes)
Event: 0.386 Thread 0x000073f3a4144810  520       1       java.net.URLStreamHandler::getDefaultPort (2 bytes)
Event: 0.386 Thread 0x000073f3a4144810 nmethod 520 0x000073f393cf1c90 code [0x000073f393cf1e20, 0x000073f393cf1ee0]
Event: 0.386 Thread 0x000073f3a4144810  521       3       java.util.ArrayList::add (25 bytes)
Event: 0.386 Thread 0x000073f3a4144810 nmethod 521 0x000073f38c2af990 code [0x000073f38c2afb60, 0x000073f38c2aff90]
Event: 0.387 Thread 0x000073f3a4144810  522       3       java.util.ArrayList::add (23 bytes)
Event: 0.387 Thread 0x000073f3a4144810 nmethod 522 0x000073f38c2b0190 code [0x000073f38c2b0360, 0x000073f38c2b0710]
Event: 0.387 Thread 0x000073f3a4143160 nmethod 518 0x000073f393cf1f90 code [0x000073f393cf2120, 0x000073f393cf2318]
Event: 0.388 Thread 0x000073f3a4144810  524       3       jdk.internal.jimage.BasicImageReader::verifyLocation (39 bytes)
Event: 0.388 Thread 0x000073f3a4144810 nmethod 524 0x000073f38c2b0890 code [0x000073f38c2b0a60, 0x000073f38c2b0d40]
Event: 0.388 Thread 0x000073f3a4144810  528       3       jdk.internal.jimage.ImageLocation::verify (218 bytes)
Event: 0.389 Thread 0x000073f3a4144810 nmethod 528 0x000073f38c2b0e90 code [0x000073f38c2b1140, 0x000073f38c2b1de0]
Event: 0.389 Thread 0x000073f3a4144810  527       3       jdk.internal.jimage.ImageStringsReader::stringFromByteBufferMatches (138 bytes)
Event: 0.389 Thread 0x000073f3a4144810 nmethod 527 0x000073f38c2b2310 code [0x000073f38c2b25e0, 0x000073f38c2b36d8]
Event: 0.389 Thread 0x000073f3a4144810  525       3       jdk.internal.jimage.ImageStringsReader::match (11 bytes)
Event: 0.389 Thread 0x000073f3a4144810 nmethod 525 0x000073f38c2b3e10 code [0x000073f38c2b3fc0, 0x000073f38c2b4188]
Event: 0.389 Thread 0x000073f3a4144810  526       3       jdk.internal.jimage.BasicImageReader::match (37 bytes)
Event: 0.390 Thread 0x000073f3a4144810 nmethod 526 0x000073f38c2b4290 code [0x000073f38c2b4460, 0x000073f38c2b4700]
Event: 0.390 Thread 0x000073f3a4144810  529       3       jdk.internal.jimage.ImageLocation::verifyName (161 bytes)
Event: 0.391 Thread 0x000073f3a4144810 nmethod 529 0x000073f38c2b4810 code [0x000073f38c2b4b60, 0x000073f38c2b60a8]

GC Heap History (0 events):
No events

Dll operation events (8 events):
Event: 0.001 Loaded shared library /home/eddie/.sdkman/candidates/java/21.0.5-amzn/lib/libjava.so
Event: 0.015 Loaded shared library /home/eddie/.sdkman/candidates/java/21.0.5-amzn/lib/libjsvml.so
Event: 0.018 Loaded shared library /home/eddie/.sdkman/candidates/java/21.0.5-amzn/lib/libnio.so
Event: 0.020 Loaded shared library /home/eddie/.sdkman/candidates/java/21.0.5-amzn/lib/libzip.so
Event: 0.045 Loaded shared library /home/eddie/.sdkman/candidates/java/21.0.5-amzn/lib/libjimage.so
Event: 0.050 Loaded shared library /home/eddie/.sdkman/candidates/java/21.0.5-amzn/lib/libnet.so
Event: 0.053 Loaded shared library /tmp/lwjgl_eddie/3.3.6-snapshot/x64/liblwjgl.so
Event: 0.193 Loaded shared library /tmp/lwjgl_eddie/3.3.6-snapshot/x64/liblwjgl_opengl.so

Deoptimization events (4 events):
Event: 0.285 Thread 0x000073f3a402b680 Uncommon trap: trap_request=0xffffff54 fr.pc=0x000073f393cedbec relative=0x000000000000006c
Event: 0.285 Thread 0x000073f3a402b680 Uncommon trap: reason=speculate_null_assert action=make_not_entrant pc=0x000073f393cedbec method=sun.misc.Unsafe.getLong(Ljava/lang/Object;J)J @ 5 c2
Event: 0.285 Thread 0x000073f3a402b680 DEOPT PACKING pc=0x000073f393cedbec sp=0x000073f3aad3c320
Event: 0.285 Thread 0x000073f3a402b680 DEOPT UNPACKING pc=0x000073f39378af99 sp=0x000073f3aad3c2c8 mode 2

Classes loaded (20 events):
Event: 0.194 Loading class java/lang/ProcessEnvironment$Variable
Event: 0.194 Loading class java/lang/ProcessEnvironment$ExternalData
Event: 0.194 Loading class java/lang/ProcessEnvironment$ExternalData done
Event: 0.195 Loading class java/lang/ProcessEnvironment$Variable done
Event: 0.195 Loading class java/lang/ProcessImpl
Event: 0.195 Loading class java/lang/Process
Event: 0.195 Loading class java/lang/Process done
Event: 0.195 Loading class java/lang/ProcessImpl done
Event: 0.195 Loading class java/lang/ProcessImpl$LaunchMechanism
Event: 0.195 Loading class java/lang/ProcessImpl$LaunchMechanism done
Event: 0.195 Loading class java/lang/ProcessEnvironment$Value
Event: 0.195 Loading class java/lang/ProcessEnvironment$Value done
Event: 0.195 Loading class java/lang/ProcessEnvironment$StringEnvironment
Event: 0.195 Loading class java/lang/ProcessEnvironment$StringEnvironment done
Event: 0.197 Loading class java/util/Formatter$FixedString
Event: 0.197 Loading class java/util/Formatter$FixedString done
Event: 0.284 Loading class java/nio/InvalidMarkException
Event: 0.284 Loading class java/nio/InvalidMarkException done
Event: 0.284 Loading class java/nio/BufferUnderflowException
Event: 0.284 Loading class java/nio/BufferUnderflowException done

Classes unloaded (0 events):
No events

Classes redefined (0 events):
No events

Internal exceptions (20 events):
Event: 0.038 Thread 0x000073f3a402b680 Exception <a 'java/lang/NoSuchMethodError'{0x000000062b2a1378}: 'void java.lang.invoke.DirectMethodHandle$Holder.invokeStatic(java.lang.Object, java.lang.Object)'> (0x000000062b2a1378) 
thrown [src/hotspot/share/interpreter/linkResolver.cpp, line 773]
Event: 0.039 Thread 0x000073f3a402b680 Exception <a 'java/lang/NoSuchMethodError'{0x000000062b2a64b0}: 'void java.lang.System.load(java.lang.String, java.lang.Class)'> (0x000000062b2a64b0) 
thrown [src/hotspot/share/interpreter/linkResolver.cpp, line 773]
Event: 0.039 Thread 0x000073f3a402b680 Exception <a 'java/lang/NoSuchMethodError'{0x000000062b2a7180}: 'void java.lang.invoke.DirectMethodHandle$Holder.invokeSpecial(java.lang.Object, java.lang.Object, java.lang.Object)'> (0x000000062b2a7180) 
thrown [src/hotspot/share/interpreter/linkResolver.cpp, line 773]
Event: 0.040 Thread 0x000073f3a402b680 Exception <a 'java/lang/NoSuchMethodError'{0x000000062b2b91a0}: 'java.lang.Object java.lang.invoke.DirectMethodHandle$Holder.invokeStatic(java.lang.Object, java.lang.Object, int)'> (0x000000062b2b91a0) 
thrown [src/hotspot/share/interpreter/linkResolver.cpp, line 773]
Event: 0.041 Thread 0x000073f3a402b680 Exception <a 'java/lang/NoSuchMethodError'{0x000000062b2c49f8}: 'void java.lang.invoke.DelegatingMethodHandle$Holder.delegate(java.lang.Object, java.lang.Object, int, java.lang.Object)'> (0x000000062b2c49f8) 
thrown [src/hotspot/share/interpreter/linkResolver.cpp, line 773]
Event: 0.042 Thread 0x000073f3a402b680 Exception <a 'java/lang/NoSuchMethodError'{0x000000062b2c89f0}: 'int java.lang.invoke.DirectMethodHandle$Holder.invokeSpecial(java.lang.Object, java.lang.Object, java.lang.Object)'> (0x000000062b2c89f0) 
thrown [src/hotspot/share/interpreter/linkResolver.cpp, line 773]
Event: 0.044 Thread 0x000073f3a402b680 Exception <a 'java/lang/NoSuchMethodError'{0x000000062b2e3158}: 'void java.lang.System.loadLibrary(java.lang.String, java.lang.Class)'> (0x000000062b2e3158) 
thrown [src/hotspot/share/interpreter/linkResolver.cpp, line 773]
Event: 0.055 Thread 0x000073f3a402b680 Exception <a 'sun/nio/fs/UnixException'{0x000000062b390ff0}> (0x000000062b390ff0) 
thrown [src/hotspot/share/prims/jni.cpp, line 520]
Event: 0.087 Thread 0x000073f3a402b680 Exception <a 'sun/nio/fs/UnixException'{0x000000062ac0dba0}> (0x000000062ac0dba0) 
thrown [src/hotspot/share/prims/jni.cpp, line 520]
Event: 0.093 Thread 0x000073f3a402b680 Exception <a 'java/lang/NoSuchMethodError'{0x000000062ac747f0}: 'int java.lang.invoke.DirectMethodHandle$Holder.invokeStaticInit(java.lang.Object, java.lang.Object, int, long)'> (0x000000062ac747f0) 
thrown [src/hotspot/share/interpreter/linkResolver.cpp, line 773]
Event: 0.093 Thread 0x000073f3a402b680 Exception <a 'java/lang/NoSuchMethodError'{0x000000062ac79bc8}: 'java.lang.Object java.lang.invoke.DirectMethodHandle$Holder.newInvokeSpecial(java.lang.Object, java.lang.Object, int)'> (0x000000062ac79bc8) 
thrown [src/hotspot/share/interpreter/linkResolver.cpp, line 773]
Event: 0.094 Thread 0x000073f3a402b680 Exception <a 'java/lang/NoSuchMethodError'{0x000000062ac88028}: 'int java.lang.invoke.DirectMethodHandle$Holder.invokeStaticInit(java.lang.Object, java.lang.Object, long, long)'> (0x000000062ac88028) 
thrown [src/hotspot/share/interpreter/linkResolver.cpp, line 773]
Event: 0.095 Thread 0x000073f3a402b680 Exception <a 'java/lang/NoSuchMethodError'{0x000000062ac8dd80}: 'java.lang.Object java.lang.invoke.DirectMethodHandle$Holder.newInvokeSpecial(java.lang.Object, java.lang.Object, long)'> (0x000000062ac8dd80) 
thrown [src/hotspot/share/interpreter/linkResolver.cpp, line 773]
Event: 0.095 Thread 0x000073f3a402b680 Exception <a 'java/lang/NoSuchMethodError'{0x000000062ac91ee8}: 'java.lang.Object java.lang.invoke.Invokers$Holder.linkToTargetMethod(java.lang.Object, long, java.lang.Object)'> (0x000000062ac91ee8) 
thrown [src/hotspot/share/interpreter/linkResolver.cpp, line 773]
Event: 0.095 Thread 0x000073f3a402b680 Exception <a 'java/lang/NoSuchMethodError'{0x000000062ac99130}: 'int java.lang.invoke.DirectMethodHandle$Holder.invokeStaticInit(java.lang.Object, java.lang.Object, java.lang.Object, long)'> (0x000000062ac99130) 
thrown [src/hotspot/share/interpreter/linkResolver.cpp, line 773]
Event: 0.191 Thread 0x000073f3a402b680 Exception <a 'java/lang/NoSuchMethodError'{0x000000062acedf00}: 'void java.lang.System.load(java.lang.String, java.lang.Class)'> (0x000000062acedf00) 
thrown [src/hotspot/share/interpreter/linkResolver.cpp, line 773]
Event: 0.192 Thread 0x000073f3a402b680 Exception <a 'java/lang/NoSuchMethodError'{0x000000062acf0970}: 'void java.lang.System.loadLibrary(java.lang.String, java.lang.Class)'> (0x000000062acf0970) 
thrown [src/hotspot/share/interpreter/linkResolver.cpp, line 773]
Event: 0.193 Thread 0x000073f3a402b680 Exception <a 'sun/nio/fs/UnixException'{0x000000062acfc888}> (0x000000062acfc888) 
thrown [src/hotspot/share/prims/jni.cpp, line 520]
Event: 0.195 Thread 0x000073f3a402b680 Exception <a 'sun/nio/fs/UnixException'{0x000000062ad0adb0}> (0x000000062ad0adb0) 
thrown [src/hotspot/share/prims/jni.cpp, line 520]
Event: 0.380 Thread 0x000073f3a402b680 Exception <a 'java/lang/NoSuchMethodError'{0x000000062af6a380}: 'void java.lang.invoke.DirectMethodHandle$Holder.invokeStatic(java.lang.Object, long, int, int)'> (0x000000062af6a380) 
thrown [src/hotspot/share/interpreter/linkResolver.cpp, line 773]

ZGC Phase Switch (0 events):
No events

VM Operations (0 events):
No events

Memory protections (11 events):
Event: 0.001 Protecting memory [0x000073f3aac3e000,0x000073f3aac42000] with protection modes 0
Event: 0.014 Protecting memory [0x000073f37b3f5000,0x000073f37b3f9000] with protection modes 0
Event: 0.015 Protecting memory [0x000073f37ad00000,0x000073f37ad04000] with protection modes 0
Event: 0.015 Protecting memory [0x000073f37ac00000,0x000073f37ac04000] with protection modes 0
Event: 0.015 Protecting memory [0x000073f37ab00000,0x000073f37ab04000] with protection modes 0
Event: 0.015 Protecting memory [0x000073f37aa00000,0x000073f37aa04000] with protection modes 0
Event: 0.015 Protecting memory [0x000073f37a900000,0x000073f37a904000] with protection modes 0
Event: 0.015 Protecting memory [0x000073f37a800000,0x000073f37a804000] with protection modes 0
Event: 0.017 Protecting memory [0x000073f37a700000,0x000073f37a704000] with protection modes 0
Event: 0.017 Protecting memory [0x000073f37a600000,0x000073f37a604000] with protection modes 0
Event: 0.086 Protecting memory [0x000073f37a500000,0x000073f37a504000] with protection modes 0

Nmethod flushes (0 events):
No events

Events (11 events):
Event: 0.010 Thread 0x000073f3a402b680 Thread added: 0x000073f3a402b680
Event: 0.014 Thread 0x000073f3a402b680 Thread added: 0x000073f3a413bc70
Event: 0.015 Thread 0x000073f3a402b680 Thread added: 0x000073f3a413d2f0
Event: 0.015 Thread 0x000073f3a402b680 Thread added: 0x000073f3a413ea70
Event: 0.015 Thread 0x000073f3a402b680 Thread added: 0x000073f3a41400a0
Event: 0.015 Thread 0x000073f3a402b680 Thread added: 0x000073f3a4141630
Event: 0.015 Thread 0x000073f3a402b680 Thread added: 0x000073f3a4143160
Event: 0.015 Thread 0x000073f3a402b680 Thread added: 0x000073f3a4144810
Event: 0.017 Thread 0x000073f3a402b680 Thread added: 0x000073f3a41506a0
Event: 0.017 Thread 0x000073f3a402b680 Thread added: 0x000073f3a41535c0
Event: 0.086 Thread 0x000073f3a4144810 Thread added: 0x000073f2e80884d0


Dynamic libraries:
40f7d000-40f7f000 r-xs 00000000 00:01 3713                               /memfd:/.glXXXXXX (deleted)
41748000-417f7000 rw-p 00000000 00:00 0 
60bc00000-62b400000 rw-p 00000000 00:00 0 
62b400000-7ffc00000 ---p 00000000 00:00 0 
7ffc00000-7ffd0d000 rw-p 00cd6000 103:01 49967705                        /home/eddie/.sdkman/candidates/java/21.0.5-amzn/lib/server/classes.jsa
7ffd0d000-800000000 rw-p 00000000 00:00 0 
607ca6c00000-607ca6c01000 r-xp 00000000 103:01 49967664                  /home/eddie/.sdkman/candidates/java/21.0.5-amzn/bin/java
607ca6e01000-607ca6e02000 r--p 00001000 103:01 49967664                  /home/eddie/.sdkman/candidates/java/21.0.5-amzn/bin/java
607ca6e02000-607ca6e03000 rw-p 00002000 103:01 49967664                  /home/eddie/.sdkman/candidates/java/21.0.5-amzn/bin/java
607cbd9be000-607cbda04000 rw-p 00000000 00:00 0                          [heap]
73f2d0000000-73f2d01e7000 rw-p 00000000 00:00 0 
73f2d01e7000-73f2d4000000 ---p 00000000 00:00 0 
73f2d4000000-73f2d406a000 rw-p 00000000 00:00 0 
73f2d406a000-73f2d8000000 ---p 00000000 00:00 0 
73f2dc000000-73f2dc021000 rw-p 00000000 00:00 0 
73f2dc021000-73f2e0000000 ---p 00000000 00:00 0 
73f2e0000000-73f2e0021000 rw-p 00000000 00:00 0 
73f2e0021000-73f2e4000000 ---p 00000000 00:00 0 
73f2e8000000-73f2e81e5000 rw-p 00000000 00:00 0 
73f2e81e5000-73f2ec000000 ---p 00000000 00:00 0 
73f2ec000000-73f2ec213000 rw-p 00000000 00:00 0 
73f2ec213000-73f2f0000000 ---p 00000000 00:00 0 
73f2f4000000-73f2f4021000 rw-p 00000000 00:00 0 
73f2f4021000-73f2f8000000 ---p 00000000 00:00 0 
73f2f8000000-73f2f8021000 rw-p 00000000 00:00 0 
73f2f8021000-73f2fc000000 ---p 00000000 00:00 0 
73f300000000-73f300021000 rw-p 00000000 00:00 0 
73f300021000-73f304000000 ---p 00000000 00:00 0 
73f304000000-73f304021000 rw-p 00000000 00:00 0 
73f304021000-73f308000000 ---p 00000000 00:00 0 
73f30c000000-73f30c021000 rw-p 00000000 00:00 0 
73f30c021000-73f310000000 ---p 00000000 00:00 0 
73f310000000-73f310021000 rw-p 00000000 00:00 0 
73f310021000-73f314000000 ---p 00000000 00:00 0 
73f317600000-73f317ee1000 rw-p 00000000 00:00 0 
73f318000000-73f318160000 rw-p 00000000 00:00 0 
73f318160000-73f318400000 ---p 00000000 00:00 0 
73f318400000-73f3184f0000 rw-p 00000000 00:00 0 
73f3184f0000-73f318530000 rw-p 00000000 00:00 0 
73f318530000-73f318660000 rw-p 00000000 00:00 0 
73f318660000-73f31c000000 ---p 00000000 00:00 0 
73f31c000000-73f31c021000 rw-p 00000000 00:00 0 
73f31c021000-73f320000000 ---p 00000000 00:00 0 
73f320400000-73f32243a000 r-xp 00000000 103:01 60162854                  /usr/lib/x86_64-linux-gnu/libnvidia-glvkspirv.so.535.183.01
73f32243a000-73f32263a000 ---p 0203a000 103:01 60162854                  /usr/lib/x86_64-linux-gnu/libnvidia-glvkspirv.so.535.183.01
73f32263a000-73f322c56000 r--p 0203a000 103:01 60162854                  /usr/lib/x86_64-linux-gnu/libnvidia-glvkspirv.so.535.183.01
73f322c56000-73f322ce5000 rw-p 02656000 103:01 60162854                  /usr/lib/x86_64-linux-gnu/libnvidia-glvkspirv.so.535.183.01
73f322ce5000-73f322d38000 rw-p 00000000 00:00 0 
73f323000000-73f323c97000 rw-p 00001000 103:01 49967705                  /home/eddie/.sdkman/candidates/java/21.0.5-amzn/lib/server/classes.jsa
73f323c97000-73f324000000 ---p 00000000 00:00 0 
73f324000000-73f324020000 rw-p 00000000 00:00 0 
73f324020000-73f324040000 ---p 00000000 00:00 0 
73f324040000-73f324060000 rw-p 00000000 00:00 0 
73f324060000-73f364000000 ---p 00000000 00:00 0 
73f364000000-73f364021000 rw-p 00000000 00:00 0 
73f364021000-73f368000000 ---p 00000000 00:00 0 
73f368000000-73f368021000 rw-p 00000000 00:00 0 
73f368021000-73f36c000000 ---p 00000000 00:00 0 
73f36c800000-73f36c801000 ---p 00000000 00:00 0 
73f36c801000-73f36d001000 rw-p 00000000 00:00 0 
73f36d200000-73f36d4d8000 r-xp 00000000 103:01 60162830                  /usr/lib/x86_64-linux-gnu/libnvidia-glcore.so.535.183.01
73f36d4d8000-73f36d4f9000 rwxp 002d8000 103:01 60162830                  /usr/lib/x86_64-linux-gnu/libnvidia-glcore.so.535.183.01
73f36d4f9000-73f36fb97000 r-xp 002f9000 103:01 60162830                  /usr/lib/x86_64-linux-gnu/libnvidia-glcore.so.535.183.01
73f36fb97000-73f36fb98000 ---p 02997000 103:01 60162830                  /usr/lib/x86_64-linux-gnu/libnvidia-glcore.so.535.183.01
73f36fb98000-73f36fd6b000 r--p 02997000 103:01 60162830                  /usr/lib/x86_64-linux-gnu/libnvidia-glcore.so.535.183.01
73f36fd6b000-73f36fdd4000 rw-p 02b6a000 103:01 60162830                  /usr/lib/x86_64-linux-gnu/libnvidia-glcore.so.535.183.01
73f36fdd4000-73f36fe11000 rw-p 00000000 00:00 0 
73f370000000-73f370021000 rw-p 00000000 00:00 0 
73f370021000-73f374000000 ---p 00000000 00:00 0 
73f374000000-73f374021000 rw-p 00000000 00:00 0 
73f374021000-73f378000000 ---p 00000000 00:00 0 
73f378a00000-73f378a75000 r-xp 00000000 103:01 60162832                  /usr/lib/x86_64-linux-gnu/libnvidia-glsi.so.535.183.01
73f378a75000-73f378c75000 ---p 00075000 103:01 60162832                  /usr/lib/x86_64-linux-gnu/libnvidia-glsi.so.535.183.01
73f378c75000-73f378c9f000 r--p 00075000 103:01 60162832                  /usr/lib/x86_64-linux-gnu/libnvidia-glsi.so.535.183.01
73f378c9f000-73f378ca0000 rw-p 0009f000 103:01 60162832                  /usr/lib/x86_64-linux-gnu/libnvidia-glsi.so.535.183.01
73f378ca0000-73f378ca8000 rw-p 00000000 00:00 0 
73f379000000-73f379007000 r-xp 00000000 103:01 49967739                  /home/eddie/.sdkman/candidates/java/21.0.5-amzn/lib/libzip.so
73f379007000-73f379206000 ---p 00007000 103:01 49967739                  /home/eddie/.sdkman/candidates/java/21.0.5-amzn/lib/libzip.so
73f379206000-73f379207000 r--p 00006000 103:01 49967739                  /home/eddie/.sdkman/candidates/java/21.0.5-amzn/lib/libzip.so
73f379207000-73f379208000 rw-p 00000000 00:00 0 
73f379600000-73f37960b000 r-xp 00000000 103:01 49967713                  /home/eddie/.sdkman/candidates/java/21.0.5-amzn/lib/libnet.so
73f37960b000-73f37980a000 ---p 0000b000 103:01 49967713                  /home/eddie/.sdkman/candidates/java/21.0.5-amzn/lib/libnet.so
73f37980a000-73f37980b000 r--p 0000a000 103:01 49967713                  /home/eddie/.sdkman/candidates/java/21.0.5-amzn/lib/libnet.so
73f37980b000-73f37980c000 rw-p 00000000 00:00 0 
73f3798bb000-73f3799bb000 rw-s 00000000 00:05 1049                       /dev/nvidiactl
73f3799bb000-73f379c00000 rw-s 00000000 00:01 11264                      /memfd:/.nvidia_drv.XXXXXX (deleted)
73f379c00000-73f379c13000 r-xp 00000000 103:01 49967682                  /home/eddie/.sdkman/candidates/java/21.0.5-amzn/lib/libnio.so
73f379c13000-73f379e12000 ---p 00013000 103:01 49967682                  /home/eddie/.sdkman/candidates/java/21.0.5-amzn/lib/libnio.so
73f379e12000-73f379e13000 r--p 00012000 103:01 49967682                  /home/eddie/.sdkman/candidates/java/21.0.5-amzn/lib/libnio.so
73f379e13000-73f379e14000 rw-p 00013000 103:01 49967682                  /home/eddie/.sdkman/candidates/java/21.0.5-amzn/lib/libnio.so
73f379e80000-73f379eb3000 r--p 00000000 103:01 54526039                  /tmp/lwjgl_eddie/3.3.6-snapshot/x64/liblwjgl_opengl.so
73f379eb3000-73f379ec7000 r-xp 00033000 103:01 54526039                  /tmp/lwjgl_eddie/3.3.6-snapshot/x64/liblwjgl_opengl.so
73f379ec7000-73f379ed7000 r--p 00047000 103:01 54526039                  /tmp/lwjgl_eddie/3.3.6-snapshot/x64/liblwjgl_opengl.so
73f379ed7000-73f379ed8000 r--p 00056000 103:01 54526039                  /tmp/lwjgl_eddie/3.3.6-snapshot/x64/liblwjgl_opengl.so
73f379ed8000-73f379ed9000 rw-p 00057000 103:01 54526039                  /tmp/lwjgl_eddie/3.3.6-snapshot/x64/liblwjgl_opengl.so
73f379ed9000-73f379f59000 rw-s 00000000 00:05 1049                       /dev/nvidiactl
73f379f59000-73f379f99000 rw-s 00000000 00:05 1049                       /dev/nvidiactl
73f379f99000-73f379fea000 r--p 00000000 103:01 60162782                  /usr/lib/x86_64-linux-gnu/libGLX_nvidia.so.535.183.01
73f379fea000-73f37a044000 r-xp 00051000 103:01 60162782                  /usr/lib/x86_64-linux-gnu/libGLX_nvidia.so.535.183.01
73f37a044000-73f37a079000 rwxp 000ab000 103:01 60162782                  /usr/lib/x86_64-linux-gnu/libGLX_nvidia.so.535.183.01
73f37a079000-73f37a07a000 r-xp 000e0000 103:01 60162782                  /usr/lib/x86_64-linux-gnu/libGLX_nvidia.so.535.183.01
73f37a07a000-73f37a099000 r--p 000e1000 103:01 60162782                  /usr/lib/x86_64-linux-gnu/libGLX_nvidia.so.535.183.01
73f37a099000-73f37a0b9000 r--p 000ff000 103:01 60162782                  /usr/lib/x86_64-linux-gnu/libGLX_nvidia.so.535.183.01
73f37a0b9000-73f37a0be000 rw-p 0011f000 103:01 60162782                  /usr/lib/x86_64-linux-gnu/libGLX_nvidia.so.535.183.01
73f37a0be000-73f37a0c0000 rw-p 00000000 00:00 0 
73f37a0c0000-73f37a0d9000 r--p 00000000 103:01 60164364                  /usr/lib/x86_64-linux-gnu/libX11.so.6.4.0
73f37a0d9000-73f37a165000 r-xp 00019000 103:01 60164364                  /usr/lib/x86_64-linux-gnu/libX11.so.6.4.0
73f37a165000-73f37a1fa000 r--p 000a5000 103:01 60164364                  /usr/lib/x86_64-linux-gnu/libX11.so.6.4.0
73f37a1fa000-73f37a1fb000 ---p 0013a000 103:01 60164364                  /usr/lib/x86_64-linux-gnu/libX11.so.6.4.0
73f37a1fb000-73f37a1fc000 r--p 0013a000 103:01 60164364                  /usr/lib/x86_64-linux-gnu/libX11.so.6.4.0
73f37a1fc000-73f37a200000 rw-p 0013b000 103:01 60164364                  /usr/lib/x86_64-linux-gnu/libX11.so.6.4.0
73f37a200000-73f37a2ce000 r-xp 00000000 103:01 49967692                  /home/eddie/.sdkman/candidates/java/21.0.5-amzn/lib/libjsvml.so
73f37a2ce000-73f37a4cd000 ---p 000ce000 103:01 49967692                  /home/eddie/.sdkman/candidates/java/21.0.5-amzn/lib/libjsvml.so
73f37a4cd000-73f37a4ce000 r--p 000cd000 103:01 49967692                  /home/eddie/.sdkman/candidates/java/21.0.5-amzn/lib/libjsvml.so
73f37a4ce000-73f37a4cf000 rw-p 000ce000 103:01 49967692                  /home/eddie/.sdkman/candidates/java/21.0.5-amzn/lib/libjsvml.so
73f37a4e0000-73f37a500000 rw-s 00000000 00:05 1049                       /dev/nvidiactl
73f37a500000-73f37a504000 ---p 00000000 00:00 0 
73f37a504000-73f37a600000 rw-p 00000000 00:00 0 
73f37a600000-73f37a604000 ---p 00000000 00:00 0 
73f37a604000-73f37a700000 rw-p 00000000 00:00 0 
73f37a700000-73f37a704000 ---p 00000000 00:00 0 
73f37a704000-73f37a800000 rw-p 00000000 00:00 0 
73f37a800000-73f37a804000 ---p 00000000 00:00 0 
73f37a804000-73f37a900000 rw-p 00000000 00:00 0 
73f37a900000-73f37a904000 ---p 00000000 00:00 0 
73f37a904000-73f37aa00000 rw-p 00000000 00:00 0 
73f37aa00000-73f37aa04000 ---p 00000000 00:00 0 
73f37aa04000-73f37ab00000 rw-p 00000000 00:00 0 
73f37ab00000-73f37ab04000 ---p 00000000 00:00 0 
73f37ab04000-73f37ac00000 rw-p 00000000 00:00 0 
73f37ac00000-73f37ac04000 ---p 00000000 00:00 0 
73f37ac04000-73f37ad00000 rw-p 00000000 00:00 0 
73f37ad00000-73f37ad04000 ---p 00000000 00:00 0 
73f37ad04000-73f37ae00000 rw-p 00000000 00:00 0 
73f37ae00000-73f37b373000 r--p 00000000 103:01 60162959                  /usr/lib/locale/locale-archive
73f37b375000-73f37b3f5000 rw-s 00000000 00:05 1050                       /dev/nvidia0
73f37b3f5000-73f37b3f9000 ---p 00000000 00:00 0 
73f37b3f9000-73f37b4f5000 rw-p 00000000 00:00 0 
73f37b4f5000-73f37b4f6000 ---p 00000000 00:00 0 
73f37b4f6000-73f37b5f6000 rw-p 00000000 00:00 0 
73f37b5f6000-73f37b5f7000 ---p 00000000 00:00 0 
73f37b5f7000-73f37b6f7000 rw-p 00000000 00:00 0 
73f37b6f7000-73f37b6f8000 ---p 00000000 00:00 0 
73f37b6f8000-73f37b7f8000 rw-p 00000000 00:00 0 
73f37b7f8000-73f37b7f9000 ---p 00000000 00:00 0 
73f37b7f9000-73f37b8f9000 rw-p 00000000 00:00 0 
73f37b8f9000-73f37c000000 rw-p 00000000 00:00 0 
73f37c000000-73f37c021000 rw-p 00000000 00:00 0 
73f37c021000-73f380000000 ---p 00000000 00:00 0 
73f380005000-73f380045000 rw-s 00000000 00:05 1049                       /dev/nvidiactl
73f380045000-73f380085000 r--p 00000000 103:01 60168116                  /usr/lib/x86_64-linux-gnu/libGLdispatch.so.0.0.0
73f380085000-73f380088000 r-xp 00040000 103:01 60168116                  /usr/lib/x86_64-linux-gnu/libGLdispatch.so.0.0.0
73f380088000-73f3800c3000 r-xp 00043000 103:01 60168116                  /usr/lib/x86_64-linux-gnu/libGLdispatch.so.0.0.0
73f3800c3000-73f3800c4000 r-xp 0007e000 103:01 60168116                  /usr/lib/x86_64-linux-gnu/libGLdispatch.so.0.0.0
73f3800c4000-73f3800d7000 r--p 0007f000 103:01 60168116                  /usr/lib/x86_64-linux-gnu/libGLdispatch.so.0.0.0
73f3800d7000-73f3800d8000 ---p 00092000 103:01 60168116                  /usr/lib/x86_64-linux-gnu/libGLdispatch.so.0.0.0
73f3800d8000-73f3800f4000 r--p 00092000 103:01 60168116                  /usr/lib/x86_64-linux-gnu/libGLdispatch.so.0.0.0
73f3800f4000-73f3800f5000 rw-p 000ae000 103:01 60168116                  /usr/lib/x86_64-linux-gnu/libGLdispatch.so.0.0.0
73f3800f5000-73f382be0000 rw-p 00000000 00:00 0 
73f382be0000-73f38a100000 ---p 00000000 00:00 0 
73f38a100000-73f38a110000 rw-p 00000000 00:00 0 
73f38a129000-73f38a169000 rw-s 00000000 00:05 1049                       /dev/nvidiactl
73f38a169000-73f38a179000 r--p 00000000 103:01 54526027                  /tmp/lwjgl_eddie/3.3.6-snapshot/x64/libglfw.so
73f38a179000-73f38a19a000 r-xp 00010000 103:01 54526027                  /tmp/lwjgl_eddie/3.3.6-snapshot/x64/libglfw.so
73f38a19a000-73f38a1d6000 r--p 00031000 103:01 54526027                  /tmp/lwjgl_eddie/3.3.6-snapshot/x64/libglfw.so
73f38a1d6000-73f38a1da000 r--p 0006c000 103:01 54526027                  /tmp/lwjgl_eddie/3.3.6-snapshot/x64/libglfw.so
73f38a1da000-73f38a1dd000 rw-p 00070000 103:01 54526027                  /tmp/lwjgl_eddie/3.3.6-snapshot/x64/libglfw.so
73f38a1dd000-73f38a2fc000 rw-p 00000000 00:00 0 
73f38a2fc000-73f38b1a0000 ---p 00000000 00:00 0 
73f38b1a0000-73f38b1a2000 rw-p 00000000 00:00 0 
73f38b1c0000-73f38b1e0000 rw-s 00000000 00:05 1049                       /dev/nvidiactl
73f38b1e0000-73f38b200000 rw-s 00000000 00:05 1049                       /dev/nvidiactl
73f38b200000-73f38b2fc000 rw-p 00000000 00:00 0 
73f38b2fc000-73f38c1a0000 ---p 00000000 00:00 0 
73f38c1a0000-73f38c1a2000 rw-p 00000000 00:00 0 
73f38c1b7000-73f38c1bc000 r--p 00000000 103:01 60164687                  /usr/lib/x86_64-linux-gnu/libdrm.so.2.4.0
73f38c1bc000-73f38c1c7000 r-xp 00005000 103:01 60164687                  /usr/lib/x86_64-linux-gnu/libdrm.so.2.4.0
73f38c1c7000-73f38c1cb000 r--p 00010000 103:01 60164687                  /usr/lib/x86_64-linux-gnu/libdrm.so.2.4.0
73f38c1cb000-73f38c1cc000 r--p 00013000 103:01 60164687                  /usr/lib/x86_64-linux-gnu/libdrm.so.2.4.0
73f38c1cc000-73f38c1cd000 rw-p 00014000 103:01 60164687                  /usr/lib/x86_64-linux-gnu/libdrm.so.2.4.0
73f38c1cd000-73f38c1d8000 r--p 00000000 103:01 60169718                  /usr/lib/x86_64-linux-gnu/libxcb-glx.so.0.0.0
73f38c1d8000-73f38c1e1000 r-xp 0000b000 103:01 60169718                  /usr/lib/x86_64-linux-gnu/libxcb-glx.so.0.0.0
73f38c1e1000-73f38c1e6000 r--p 00014000 103:01 60169718                  /usr/lib/x86_64-linux-gnu/libxcb-glx.so.0.0.0
73f38c1e6000-73f38c1e7000 ---p 00019000 103:01 60169718                  /usr/lib/x86_64-linux-gnu/libxcb-glx.so.0.0.0
73f38c1e7000-73f38c1e9000 r--p 00019000 103:01 60169718                  /usr/lib/x86_64-linux-gnu/libxcb-glx.so.0.0.0
73f38c1e9000-73f38c1ea000 rw-p 0001b000 103:01 60169718                  /usr/lib/x86_64-linux-gnu/libxcb-glx.so.0.0.0
73f38c1f3000-73f38c1fa000 r--s 00000000 103:01 60859919                  /usr/lib/x86_64-linux-gnu/gconv/gconv-modules.cache
73f38c1fa000-73f38c1fb000 r-xp 0005e000 103:01 54526026                  /tmp/lwjgl_eddie/3.3.6-snapshot/x64/liblwjgl.so
73f38c1fb000-73f38c1fc000 rw-p 00000000 00:00 0 
73f38c1fc000-73f38c200000 rw-s 00000000 00:05 1049                       /dev/nvidiactl
73f38c200000-73f38c470000 rwxp 00000000 00:00 0 
73f38c470000-73f393737000 ---p 00000000 00:00 0 
73f393737000-73f3939a7000 rwxp 00000000 00:00 0 
73f3939a7000-73f393cc9000 ---p 00000000 00:00 0 
73f393cc9000-73f393f39000 rwxp 00000000 00:00 0 
73f393f39000-73f39b200000 ---p 00000000 00:00 0 
73f39b200000-73f39b220000 r-xp 00000000 103:01 49967687                  /home/eddie/.sdkman/candidates/java/21.0.5-amzn/lib/libjava.so
73f39b220000-73f39b41f000 ---p 00020000 103:01 49967687                  /home/eddie/.sdkman/candidates/java/21.0.5-amzn/lib/libjava.so
73f39b41f000-73f39b420000 r--p 0001f000 103:01 49967687                  /home/eddie/.sdkman/candidates/java/21.0.5-amzn/lib/libjava.so
73f39b420000-73f39b421000 rw-p 00020000 103:01 49967687                  /home/eddie/.sdkman/candidates/java/21.0.5-amzn/lib/libjava.so
73f39b421000-73f39b422000 rw-p 00000000 00:00 0 
73f39b423000-73f39b436000 rw-s 00000000 00:05 1049                       /dev/nvidiactl
73f39b436000-73f39b437000 r--p 00000000 103:01 60162894                  /usr/lib/x86_64-linux-gnu/libnvidia-tls.so.535.183.01
73f39b437000-73f39b439000 r-xp 00001000 103:01 60162894                  /usr/lib/x86_64-linux-gnu/libnvidia-tls.so.535.183.01
73f39b439000-73f39b43a000 r--p 00003000 103:01 60162894                  /usr/lib/x86_64-linux-gnu/libnvidia-tls.so.535.183.01
73f39b43a000-73f39b43b000 r--p 00003000 103:01 60162894                  /usr/lib/x86_64-linux-gnu/libnvidia-tls.so.535.183.01
73f39b43b000-73f39b43c000 rw-p 00004000 103:01 60162894                  /usr/lib/x86_64-linux-gnu/libnvidia-tls.so.535.183.01
73f39b43c000-73f39b43f000 r--p 00000000 103:01 60168111                  /usr/lib/x86_64-linux-gnu/libGLX.so.0.0.0
73f39b43f000-73f39b45a000 r-xp 00003000 103:01 60168111                  /usr/lib/x86_64-linux-gnu/libGLX.so.0.0.0
73f39b45a000-73f39b45d000 r--p 0001e000 103:01 60168111                  /usr/lib/x86_64-linux-gnu/libGLX.so.0.0.0
73f39b45d000-73f39b45e000 ---p 00021000 103:01 60168111                  /usr/lib/x86_64-linux-gnu/libGLX.so.0.0.0
73f39b45e000-73f39b45f000 r--p 00021000 103:01 60168111                  /usr/lib/x86_64-linux-gnu/libGLX.so.0.0.0
73f39b45f000-73f39b460000 rw-p 00022000 103:01 60168111                  /usr/lib/x86_64-linux-gnu/libGLX.so.0.0.0
73f39b460000-73f39b470000 rw-p 00000000 00:00 0 
73f39b470000-73f39b471000 r--p 00000000 103:01 60165035                  /usr/lib/x86_64-linux-gnu/libX11-xcb.so.1.0.0
73f39b471000-73f39b472000 r-xp 00001000 103:01 60165035                  /usr/lib/x86_64-linux-gnu/libX11-xcb.so.1.0.0
73f39b472000-73f39b473000 r--p 00002000 103:01 60165035                  /usr/lib/x86_64-linux-gnu/libX11-xcb.so.1.0.0
73f39b473000-73f39b474000 r--p 00002000 103:01 60165035                  /usr/lib/x86_64-linux-gnu/libX11-xcb.so.1.0.0
73f39b474000-73f39b475000 rw-p 00003000 103:01 60165035                  /usr/lib/x86_64-linux-gnu/libX11-xcb.so.1.0.0
73f39b475000-73f39b477000 r--p 00000000 103:01 60168145                  /usr/lib/x86_64-linux-gnu/libXcursor.so.1.0.2
73f39b477000-73f39b47d000 r-xp 00002000 103:01 60168145                  /usr/lib/x86_64-linux-gnu/libXcursor.so.1.0.2
73f39b47d000-73f39b47f000 r--p 00008000 103:01 60168145                  /usr/lib/x86_64-linux-gnu/libXcursor.so.1.0.2
73f39b47f000-73f39b480000 r--p 00009000 103:01 60168145                  /usr/lib/x86_64-linux-gnu/libXcursor.so.1.0.2
73f39b480000-73f39b481000 rw-p 0000a000 103:01 60168145                  /usr/lib/x86_64-linux-gnu/libXcursor.so.1.0.2
73f39b481000-73f39b4ad000 r--p 00000000 103:01 54526026                  /tmp/lwjgl_eddie/3.3.6-snapshot/x64/liblwjgl.so
73f39b4ad000-73f39b4e1000 r-xp 0002c000 103:01 54526026                  /tmp/lwjgl_eddie/3.3.6-snapshot/x64/liblwjgl.so
73f39b4e1000-73f39b4fb000 r--p 00060000 103:01 54526026                  /tmp/lwjgl_eddie/3.3.6-snapshot/x64/liblwjgl.so
73f39b4fb000-73f39b4fc000 r--p 00079000 103:01 54526026                  /tmp/lwjgl_eddie/3.3.6-snapshot/x64/liblwjgl.so
73f39b4fc000-73f39b4fd000 rw-p 0007a000 103:01 54526026                  /tmp/lwjgl_eddie/3.3.6-snapshot/x64/liblwjgl.so
73f39b4fd000-73f39b4fe000 ---p 00000000 00:00 0 
73f39b4fe000-73f39b5fe000 rw-p 00000000 00:00 0 
73f39b5fe000-73f39b5ff000 ---p 00000000 00:00 0 
73f39b5ff000-73f39b6ff000 rw-p 00000000 00:00 0 
73f39b6ff000-73f39b700000 ---p 00000000 00:00 0 
73f39b700000-73f39b800000 rw-p 00000000 00:00 0 
73f39b800000-73f3a3f4d000 r--s 00000000 103:01 49967714                  /home/eddie/.sdkman/candidates/java/21.0.5-amzn/lib/modules
73f3a3f4d000-73f3a3f51000 rw-s 00000000 00:05 1049                       /dev/nvidiactl
73f3a3f51000-73f3a3f53000 r--p 00000000 103:01 60168171                  /usr/lib/x86_64-linux-gnu/libXrender.so.1.3.0
73f3a3f53000-73f3a3f5a000 r-xp 00002000 103:01 60168171                  /usr/lib/x86_64-linux-gnu/libXrender.so.1.3.0
73f3a3f5a000-73f3a3f5c000 r--p 00009000 103:01 60168171                  /usr/lib/x86_64-linux-gnu/libXrender.so.1.3.0
73f3a3f5c000-73f3a3f5d000 r--p 0000a000 103:01 60168171                  /usr/lib/x86_64-linux-gnu/libXrender.so.1.3.0
73f3a3f5d000-73f3a3f5e000 rw-p 0000b000 103:01 60168171                  /usr/lib/x86_64-linux-gnu/libXrender.so.1.3.0
73f3a3f5e000-73f3a3f60000 r--p 00000000 103:01 60168169                  /usr/lib/x86_64-linux-gnu/libXrandr.so.2.2.0
73f3a3f60000-73f3a3f67000 r-xp 00002000 103:01 60168169                  /usr/lib/x86_64-linux-gnu/libXrandr.so.2.2.0
73f3a3f67000-73f3a3f69000 r--p 00009000 103:01 60168169                  /usr/lib/x86_64-linux-gnu/libXrandr.so.2.2.0
73f3a3f69000-73f3a3f6a000 r--p 0000a000 103:01 60168169                  /usr/lib/x86_64-linux-gnu/libXrandr.so.2.2.0
73f3a3f6a000-73f3a3f6b000 rw-p 0000b000 103:01 60168169                  /usr/lib/x86_64-linux-gnu/libXrandr.so.2.2.0
73f3a3f6b000-73f3a3f6e000 r--p 00000000 103:01 60168159                  /usr/lib/x86_64-linux-gnu/libXi.so.6.1.0
73f3a3f6e000-73f3a3f7a000 r-xp 00003000 103:01 60168159                  /usr/lib/x86_64-linux-gnu/libXi.so.6.1.0
73f3a3f7a000-73f3a3f7d000 r--p 0000f000 103:01 60168159                  /usr/lib/x86_64-linux-gnu/libXi.so.6.1.0
73f3a3f7d000-73f3a3f7e000 r--p 00011000 103:01 60168159                  /usr/lib/x86_64-linux-gnu/libXi.so.6.1.0
73f3a3f7e000-73f3a3f7f000 rw-p 00012000 103:01 60168159                  /usr/lib/x86_64-linux-gnu/libXi.so.6.1.0
73f3a3f7f000-73f3a4000000 rw-p 00000000 00:00 0 
73f3a4000000-73f3a4766000 rw-p 00000000 00:00 0 
73f3a4766000-73f3a8000000 ---p 00000000 00:00 0 
73f3a8000000-73f3a8003000 rw-s 00000000 00:05 1049                       /dev/nvidiactl
73f3a8003000-73f3a8005000 r--p 00000000 103:01 60168153                  /usr/lib/x86_64-linux-gnu/libXfixes.so.3.1.0
73f3a8005000-73f3a8008000 r-xp 00002000 103:01 60168153                  /usr/lib/x86_64-linux-gnu/libXfixes.so.3.1.0
73f3a8008000-73f3a8009000 r--p 00005000 103:01 60168153                  /usr/lib/x86_64-linux-gnu/libXfixes.so.3.1.0
73f3a8009000-73f3a800a000 r--p 00006000 103:01 60168153                  /usr/lib/x86_64-linux-gnu/libXfixes.so.3.1.0
73f3a800a000-73f3a800b000 rw-p 00007000 103:01 60168153                  /usr/lib/x86_64-linux-gnu/libXfixes.so.3.1.0
73f3a800b000-73f3a800f000 r--p 00000000 103:01 60168151                  /usr/lib/x86_64-linux-gnu/libXext.so.6.4.0
73f3a800f000-73f3a801a000 r-xp 00004000 103:01 60168151                  /usr/lib/x86_64-linux-gnu/libXext.so.6.4.0
73f3a801a000-73f3a801e000 r--p 0000f000 103:01 60168151                  /usr/lib/x86_64-linux-gnu/libXext.so.6.4.0
73f3a801e000-73f3a801f000 r--p 00012000 103:01 60168151                  /usr/lib/x86_64-linux-gnu/libXext.so.6.4.0
73f3a801f000-73f3a8020000 rw-p 00013000 103:01 60168151                  /usr/lib/x86_64-linux-gnu/libXext.so.6.4.0
73f3a8020000-73f3a8600000 rw-p 00000000 00:00 0 
73f3a8600000-73f3a861b000 r-xp 00000000 103:01 49967707                  /home/eddie/.sdkman/candidates/java/21.0.5-amzn/lib/libjimage.so
73f3a861b000-73f3a881a000 ---p 0001b000 103:01 49967707                  /home/eddie/.sdkman/candidates/java/21.0.5-amzn/lib/libjimage.so
73f3a881a000-73f3a881c000 r--p 0001a000 103:01 49967707                  /home/eddie/.sdkman/candidates/java/21.0.5-amzn/lib/libjimage.so
73f3a881c000-73f3a881d000 rw-p 0001c000 103:01 49967707                  /home/eddie/.sdkman/candidates/java/21.0.5-amzn/lib/libjimage.so
73f3a881d000-73f3a881f000 rw-s 00000000 00:01 3713                       /memfd:/.glXXXXXX (deleted)
73f3a881f000-73f3a8820000 r--p 00000000 103:01 60168161                  /usr/lib/x86_64-linux-gnu/libXinerama.so.1.0.0
73f3a8820000-73f3a8821000 r-xp 00001000 103:01 60168161                  /usr/lib/x86_64-linux-gnu/libXinerama.so.1.0.0
73f3a8821000-73f3a8822000 r--p 00002000 103:01 60168161                  /usr/lib/x86_64-linux-gnu/libXinerama.so.1.0.0
73f3a8822000-73f3a8823000 r--p 00003000 103:01 60168161                  /usr/lib/x86_64-linux-gnu/libXinerama.so.1.0.0
73f3a8823000-73f3a8824000 rw-p 00004000 103:01 60168161                  /usr/lib/x86_64-linux-gnu/libXinerama.so.1.0.0
73f3a8824000-73f3a8828000 r--p 00000000 103:01 60168429                  /usr/lib/x86_64-linux-gnu/libbsd.so.0.11.5
73f3a8828000-73f3a8835000 r-xp 00004000 103:01 60168429                  /usr/lib/x86_64-linux-gnu/libbsd.so.0.11.5
73f3a8835000-73f3a8838000 r--p 00011000 103:01 60168429                  /usr/lib/x86_64-linux-gnu/libbsd.so.0.11.5
73f3a8838000-73f3a8839000 ---p 00014000 103:01 60168429                  /usr/lib/x86_64-linux-gnu/libbsd.so.0.11.5
73f3a8839000-73f3a883a000 r--p 00014000 103:01 60168429                  /usr/lib/x86_64-linux-gnu/libbsd.so.0.11.5
73f3a883a000-73f3a883b000 rw-p 00015000 103:01 60168429                  /usr/lib/x86_64-linux-gnu/libbsd.so.0.11.5
73f3a883b000-73f3a8c00000 rw-p 00000000 00:00 0 
73f3a8c00000-73f3aa05d000 r-xp 00000000 103:01 49967704                  /home/eddie/.sdkman/candidates/java/21.0.5-amzn/lib/server/libjvm.so
73f3aa05d000-73f3aa25d000 ---p 0145d000 103:01 49967704                  /home/eddie/.sdkman/candidates/java/21.0.5-amzn/lib/server/libjvm.so
73f3aa25d000-73f3aa331000 r--p 0145d000 103:01 49967704                  /home/eddie/.sdkman/candidates/java/21.0.5-amzn/lib/server/libjvm.so
73f3aa331000-73f3aa361000 rw-p 01531000 103:01 49967704                  /home/eddie/.sdkman/candidates/java/21.0.5-amzn/lib/server/libjvm.so
73f3aa361000-73f3aa3c7000 rw-p 00000000 00:00 0 
73f3aa3c7000-73f3aa3c9000 r--p 00000000 103:01 60169095                  /usr/lib/x86_64-linux-gnu/libmd.so.0.0.5
73f3aa3c9000-73f3aa3d0000 r-xp 00002000 103:01 60169095                  /usr/lib/x86_64-linux-gnu/libmd.so.0.0.5
73f3aa3d0000-73f3aa3d2000 r--p 00009000 103:01 60169095                  /usr/lib/x86_64-linux-gnu/libmd.so.0.0.5
73f3aa3d2000-73f3aa3d3000 r--p 0000a000 103:01 60169095                  /usr/lib/x86_64-linux-gnu/libmd.so.0.0.5
73f3aa3d3000-73f3aa3d4000 rw-p 0000b000 103:01 60169095                  /usr/lib/x86_64-linux-gnu/libmd.so.0.0.5
73f3aa3d4000-73f3aa3df000 r--p 00000000 103:01 60169750                  /usr/lib/x86_64-linux-gnu/libxcb.so.1.1.0
73f3aa3df000-73f3aa3f3000 r-xp 0000b000 103:01 60169750                  /usr/lib/x86_64-linux-gnu/libxcb.so.1.1.0
73f3aa3f3000-73f3aa3fc000 r--p 0001f000 103:01 60169750                  /usr/lib/x86_64-linux-gnu/libxcb.so.1.1.0
73f3aa3fc000-73f3aa3fd000 r--p 00027000 103:01 60169750                  /usr/lib/x86_64-linux-gnu/libxcb.so.1.1.0
73f3aa3fd000-73f3aa3fe000 rw-p 00028000 103:01 60169750                  /usr/lib/x86_64-linux-gnu/libxcb.so.1.1.0
73f3aa3fe000-73f3aa600000 rw-p 00000000 00:00 0 
73f3aa600000-73f3aa628000 r--p 00000000 103:01 60162576                  /usr/lib/x86_64-linux-gnu/libc.so.6
73f3aa628000-73f3aa7bd000 r-xp 00028000 103:01 60162576                  /usr/lib/x86_64-linux-gnu/libc.so.6
73f3aa7bd000-73f3aa815000 r--p 001bd000 103:01 60162576                  /usr/lib/x86_64-linux-gnu/libc.so.6
73f3aa815000-73f3aa816000 ---p 00215000 103:01 60162576                  /usr/lib/x86_64-linux-gnu/libc.so.6
73f3aa816000-73f3aa81a000 r--p 00215000 103:01 60162576                  /usr/lib/x86_64-linux-gnu/libc.so.6
73f3aa81a000-73f3aa81c000 rw-p 00219000 103:01 60162576                  /usr/lib/x86_64-linux-gnu/libc.so.6
73f3aa81c000-73f3aa829000 rw-p 00000000 00:00 0 
73f3aa829000-73f3aa82f000 rw-p 00000000 00:00 0 
73f3aa82f000-73f3aa915000 ---p 00000000 00:00 0 
73f3aa915000-73f3aa91a000 rw-p 00000000 00:00 0 
73f3aa91a000-73f3aaa00000 ---p 00000000 00:00 0 
73f3aaa00000-73f3aaa0f000 r-xp 00000000 103:01 49967686                  /home/eddie/.sdkman/candidates/java/21.0.5-amzn/lib/libjli.so
73f3aaa0f000-73f3aac0f000 ---p 0000f000 103:01 49967686                  /home/eddie/.sdkman/candidates/java/21.0.5-amzn/lib/libjli.so
73f3aac0f000-73f3aac10000 r--p 0000f000 103:01 49967686                  /home/eddie/.sdkman/candidates/java/21.0.5-amzn/lib/libjli.so
73f3aac10000-73f3aac11000 rw-p 00010000 103:01 49967686                  /home/eddie/.sdkman/candidates/java/21.0.5-amzn/lib/libjli.so
73f3aac11000-73f3aac13000 rw-s 00000000 00:05 1049                       /dev/nvidiactl
73f3aac13000-73f3aac14000 r--p 00000000 103:01 60168187                  /usr/lib/x86_64-linux-gnu/libXxf86vm.so.1.0.0
73f3aac14000-73f3aac17000 r-xp 00001000 103:01 60168187                  /usr/lib/x86_64-linux-gnu/libXxf86vm.so.1.0.0
73f3aac17000-73f3aac18000 r--p 00004000 103:01 60168187                  /usr/lib/x86_64-linux-gnu/libXxf86vm.so.1.0.0
73f3aac18000-73f3aac19000 r--p 00004000 103:01 60168187                  /usr/lib/x86_64-linux-gnu/libXxf86vm.so.1.0.0
73f3aac19000-73f3aac1a000 rw-p 00005000 103:01 60168187                  /usr/lib/x86_64-linux-gnu/libXxf86vm.so.1.0.0
73f3aac1a000-73f3aac1c000 r--p 00000000 103:01 60168149                  /usr/lib/x86_64-linux-gnu/libXdmcp.so.6.0.0
73f3aac1c000-73f3aac1e000 r-xp 00002000 103:01 60168149                  /usr/lib/x86_64-linux-gnu/libXdmcp.so.6.0.0
73f3aac1e000-73f3aac20000 r--p 00004000 103:01 60168149                  /usr/lib/x86_64-linux-gnu/libXdmcp.so.6.0.0
73f3aac20000-73f3aac21000 r--p 00005000 103:01 60168149                  /usr/lib/x86_64-linux-gnu/libXdmcp.so.6.0.0
73f3aac21000-73f3aac22000 rw-p 00006000 103:01 60168149                  /usr/lib/x86_64-linux-gnu/libXdmcp.so.6.0.0
73f3aac22000-73f3aac23000 r--p 00000000 103:01 60168138                  /usr/lib/x86_64-linux-gnu/libXau.so.6.0.0
73f3aac23000-73f3aac25000 r-xp 00001000 103:01 60168138                  /usr/lib/x86_64-linux-gnu/libXau.so.6.0.0
73f3aac25000-73f3aac26000 r--p 00003000 103:01 60168138                  /usr/lib/x86_64-linux-gnu/libXau.so.6.0.0
73f3aac26000-73f3aac27000 r--p 00003000 103:01 60168138                  /usr/lib/x86_64-linux-gnu/libXau.so.6.0.0
73f3aac27000-73f3aac28000 rw-p 00004000 103:01 60168138                  /usr/lib/x86_64-linux-gnu/libXau.so.6.0.0
73f3aac28000-73f3aac29000 rw-s 00000000 00:05 1050                       /dev/nvidia0
73f3aac29000-73f3aac2a000 rw-s 00000000 00:05 1049                       /dev/nvidiactl
73f3aac2a000-73f3aac2b000 rw-s 00000000 00:05 1049                       /dev/nvidiactl
73f3aac2b000-73f3aac2c000 rw-s 00000000 00:05 1049                       /dev/nvidiactl
73f3aac2c000-73f3aac2d000 rw-s 00044000 00:01 11264                      /memfd:/.nvidia_drv.XXXXXX (deleted)
73f3aac2d000-73f3aac3d000 rw-s 00000000 00:05 1050                       /dev/nvidia0
73f3aac3d000-73f3aac3e000 r-xp 00000000 00:00 0 
73f3aac3e000-73f3aac42000 ---p 00000000 00:00 0 
73f3aac42000-73f3aad3e000 rw-p 00000000 00:00 0 
73f3aad3e000-73f3aad4c000 r--p 00000000 103:01 60163261                  /usr/lib/x86_64-linux-gnu/libm.so.6
73f3aad4c000-73f3aadc8000 r-xp 0000e000 103:01 60163261                  /usr/lib/x86_64-linux-gnu/libm.so.6
73f3aadc8000-73f3aae23000 r--p 0008a000 103:01 60163261                  /usr/lib/x86_64-linux-gnu/libm.so.6
73f3aae23000-73f3aae24000 r--p 000e4000 103:01 60163261                  /usr/lib/x86_64-linux-gnu/libm.so.6
73f3aae24000-73f3aae25000 rw-p 000e5000 103:01 60163261                  /usr/lib/x86_64-linux-gnu/libm.so.6
73f3aae25000-73f3aae26000 r--p 00000000 103:01 60164348                  /usr/lib/x86_64-linux-gnu/librt.so.1
73f3aae26000-73f3aae27000 r-xp 00001000 103:01 60164348                  /usr/lib/x86_64-linux-gnu/librt.so.1
73f3aae27000-73f3aae28000 r--p 00002000 103:01 60164348                  /usr/lib/x86_64-linux-gnu/librt.so.1
73f3aae28000-73f3aae29000 r--p 00002000 103:01 60164348                  /usr/lib/x86_64-linux-gnu/librt.so.1
73f3aae29000-73f3aae2a000 rw-p 00003000 103:01 60164348                  /usr/lib/x86_64-linux-gnu/librt.so.1
73f3aae2a000-73f3aae2e000 rw-p 00000000 00:00 0 
73f3aae2e000-73f3aae2f000 r--p 00000000 103:01 60163256                  /usr/lib/x86_64-linux-gnu/libdl.so.2
73f3aae2f000-73f3aae30000 r-xp 00001000 103:01 60163256                  /usr/lib/x86_64-linux-gnu/libdl.so.2
73f3aae30000-73f3aae31000 r--p 00002000 103:01 60163256                  /usr/lib/x86_64-linux-gnu/libdl.so.2
73f3aae31000-73f3aae32000 r--p 00002000 103:01 60163256                  /usr/lib/x86_64-linux-gnu/libdl.so.2
73f3aae32000-73f3aae33000 rw-p 00003000 103:01 60163256                  /usr/lib/x86_64-linux-gnu/libdl.so.2
73f3aae33000-73f3aae34000 r--p 00000000 103:01 60164268                  /usr/lib/x86_64-linux-gnu/libpthread.so.0
73f3aae34000-73f3aae35000 r-xp 00001000 103:01 60164268                  /usr/lib/x86_64-linux-gnu/libpthread.so.0
73f3aae35000-73f3aae36000 r--p 00002000 103:01 60164268                  /usr/lib/x86_64-linux-gnu/libpthread.so.0
73f3aae36000-73f3aae37000 r--p 00002000 103:01 60164268                  /usr/lib/x86_64-linux-gnu/libpthread.so.0
73f3aae37000-73f3aae38000 rw-p 00003000 103:01 60164268                  /usr/lib/x86_64-linux-gnu/libpthread.so.0
73f3aae38000-73f3aae3a000 r--p 00000000 103:01 60162424                  /usr/lib/x86_64-linux-gnu/libz.so.1.2.11
73f3aae3a000-73f3aae4b000 r-xp 00002000 103:01 60162424                  /usr/lib/x86_64-linux-gnu/libz.so.1.2.11
73f3aae4b000-73f3aae51000 r--p 00013000 103:01 60162424                  /usr/lib/x86_64-linux-gnu/libz.so.1.2.11
73f3aae51000-73f3aae52000 ---p 00019000 103:01 60162424                  /usr/lib/x86_64-linux-gnu/libz.so.1.2.11
73f3aae52000-73f3aae53000 r--p 00019000 103:01 60162424                  /usr/lib/x86_64-linux-gnu/libz.so.1.2.11
73f3aae53000-73f3aae54000 rw-p 0001a000 103:01 60162424                  /usr/lib/x86_64-linux-gnu/libz.so.1.2.11
73f3aae54000-73f3aae59000 rw-p 00000000 00:00 0 
73f3aae59000-73f3aae60000 ---p 00000000 00:00 0 
73f3aae60000-73f3aae68000 rw-s 00000000 103:01 54526054                  /tmp/hsperfdata_eddie/14929
73f3aae68000-73f3aae69000 ---p 00000000 00:00 0 
73f3aae69000-73f3aae6a000 r--p 00000000 00:00 0 
73f3aae6a000-73f3aae6c000 rw-p 00000000 00:00 0 
73f3aae6c000-73f3aae6e000 r--p 00000000 103:01 60162557                  /usr/lib/x86_64-linux-gnu/ld-linux-x86-64.so.2
73f3aae6e000-73f3aae98000 r-xp 00002000 103:01 60162557                  /usr/lib/x86_64-linux-gnu/ld-linux-x86-64.so.2
73f3aae98000-73f3aaea3000 r--p 0002c000 103:01 60162557                  /usr/lib/x86_64-linux-gnu/ld-linux-x86-64.so.2
73f3aaea3000-73f3aaea4000 ---p 00000000 00:00 0 
73f3aaea4000-73f3aaea6000 r--p 00037000 103:01 60162557                  /usr/lib/x86_64-linux-gnu/ld-linux-x86-64.so.2
73f3aaea6000-73f3aaea8000 rw-p 00039000 103:01 60162557                  /usr/lib/x86_64-linux-gnu/ld-linux-x86-64.so.2
7ffe0c9b4000-7ffe0c9d6000 rw-p 00000000 00:00 0                          [stack]
7ffe0c9d9000-7ffe0c9dd000 r--p 00000000 00:00 0                          [vvar]
7ffe0c9dd000-7ffe0c9df000 r-xp 00000000 00:00 0                          [vdso]
ffffffffff600000-ffffffffff601000 --xp 00000000 00:00 0                  [vsyscall]
Total number of mappings: 383


VM Arguments:
java_command: target/lwjgl-1.0-SNAPSHOT-jar-with-dependencies.jar
java_class_path (initial): target/lwjgl-1.0-SNAPSHOT-jar-with-dependencies.jar
Launcher Type: SUN_STANDARD

[Global flags]
     intx CICompilerCount                          = 4                                         {product} {ergonomic}
     uint ConcGCThreads                            = 3                                         {product} {ergonomic}
     uint G1ConcRefinementThreads                  = 10                                        {product} {ergonomic}
   size_t G1HeapRegionSize                         = 4194304                                   {product} {ergonomic}
    uintx GCDrainStackTargetSize                   = 64                                        {product} {ergonomic}
   size_t InitialHeapSize                          = 528482304                                 {product} {ergonomic}
   size_t MarkStackSize                            = 4194304                                   {product} {ergonomic}
   size_t MaxHeapSize                              = 8392802304                                {product} {ergonomic}
   size_t MaxNewSize                               = 5033164800                                {product} {ergonomic}
   size_t MinHeapDeltaBytes                        = 4194304                                   {product} {ergonomic}
   size_t MinHeapSize                              = 8388608                                   {product} {ergonomic}
    uintx NonNMethodCodeHeapSize                   = 5839372                                {pd product} {ergonomic}
    uintx NonProfiledCodeHeapSize                  = 122909434                              {pd product} {ergonomic}
    uintx ProfiledCodeHeapSize                     = 122909434                              {pd product} {ergonomic}
    uintx ReservedCodeCacheSize                    = 251658240                              {pd product} {ergonomic}
     bool SegmentedCodeCache                       = true                                      {product} {ergonomic}
   size_t SoftMaxHeapSize                          = 8392802304                             {manageable} {ergonomic}
     bool UseCompressedOops                        = true                           {product lp64_product} {ergonomic}
     bool UseG1GC                                  = true                                      {product} {ergonomic}

Logging:
Log output configuration:
 #0: stdout all=warning uptime,level,tags foldmultilines=false
 #1: stderr all=off uptime,level,tags foldmultilines=false

Environment Variables:
JAVA_HOME=/home/eddie/.sdkman/candidates/java/current
PATH=/home/eddie/.sdkman/candidates/java/current/bin:/home/eddie/confluent-7.1.1/bin:/home/eddie/java/jdk-17.0.2/bin:/home/eddie/gradle/gradle-8.4/bin:/usr/local/sbin:/usr/local/bin:/usr/sbin:/usr/bin:/sbin:/bin:/usr/games:/usr/local/games:/snap/bin:/snap/bin:/home/eddie/nodejs/node-v20.11.0-linux-x64/bin:/home/eddie/tools/llvm-project/build/bin:/home/eddie/tools/llvm-project/build/lib:/opt/nvim-linux64/bin
USERNAME=eddie
SHELL=/bin/bash
DISPLAY=:1
LANG=en_GB.UTF-8
TERM=xterm-256color

Active Locale:
LC_ALL=en_GB.UTF-8
LC_COLLATE=en_GB.UTF-8
LC_CTYPE=en_GB.UTF-8
LC_MESSAGES=en_GB.UTF-8
LC_MONETARY=en_GB.UTF-8
LC_NUMERIC=en_GB.UTF-8
LC_TIME=en_GB.UTF-8

Signal Handlers:
   SIGSEGV: crash_handler in libjvm.so, mask=11100100010111111101111111111110, flags=SA_RESTART|SA_SIGINFO, unblocked
    SIGBUS: crash_handler in libjvm.so, mask=11100100010111111101111111111110, flags=SA_RESTART|SA_SIGINFO, unblocked
    SIGFPE: crash_handler in libjvm.so, mask=11100100010111111101111111111110, flags=SA_RESTART|SA_SIGINFO, unblocked
   SIGPIPE: javaSignalHandler in libjvm.so, mask=11100100010111111101111111111110, flags=SA_RESTART|SA_SIGINFO, blocked
   SIGXFSZ: javaSignalHandler in libjvm.so, mask=11100100010111111101111111111110, flags=SA_RESTART|SA_SIGINFO, blocked
    SIGILL: crash_handler in libjvm.so, mask=11100100010111111101111111111110, flags=SA_RESTART|SA_SIGINFO, unblocked
   SIGUSR2: SR_handler in libjvm.so, mask=00100000000000000000000000000000, flags=SA_RESTART|SA_SIGINFO, blocked
    SIGHUP: UserHandler in libjvm.so, mask=11100100010111111101111111111110, flags=SA_RESTART|SA_SIGINFO, blocked
    SIGINT: UserHandler in libjvm.so, mask=11100100010111111101111111111110, flags=SA_RESTART|SA_SIGINFO, blocked
   SIGTERM: UserHandler in libjvm.so, mask=11100100010111111101111111111110, flags=SA_RESTART|SA_SIGINFO, blocked
   SIGQUIT: UserHandler in libjvm.so, mask=11100100010111111101111111111110, flags=SA_RESTART|SA_SIGINFO, blocked
   SIGTRAP: crash_handler in libjvm.so, mask=11100100010111111101111111111110, flags=SA_RESTART|SA_SIGINFO, unblocked


Periodic native trim disabled

---------------  S Y S T E M  ---------------

OS:
DISTRIB_ID=Ubuntu
DISTRIB_RELEASE=22.04
DISTRIB_CODENAME=jammy
DISTRIB_DESCRIPTION="Ubuntu 22.04.5 LTS"
uname: Linux 6.8.0-52-generic #53~22.04.1-Ubuntu SMP PREEMPT_DYNAMIC Wed Jan 15 19:18:46 UTC 2 x86_64
OS uptime: 0 days 1:52 hours
libc: glibc 2.35 NPTL 2.35 
rlimit (soft/hard): STACK 8192k/infinity , CORE 0k/infinity , NPROC 127730/127730 , NOFILE 1048576/1048576 , AS infinity/infinity , CPU infinity/infinity , DATA infinity/infinity , FSIZE infinity/infinity , MEMLOCK 4097288k/4097288k
load average: 0.44 0.46 0.44

/proc/meminfo:
MemTotal:       32778316 kB
MemFree:        19629324 kB
MemAvailable:   24871680 kB
Buffers:          314060 kB
Cached:          5210892 kB
SwapCached:            0 kB
Active:          8972112 kB
Inactive:        2929880 kB
Active(anon):    6551108 kB
Inactive(anon):        0 kB
Active(file):    2421004 kB
Inactive(file):  2929880 kB
Unevictable:         112 kB
Mlocked:             112 kB
SwapTotal:       2097148 kB
SwapFree:        2097148 kB
Zswap:                 0 kB
Zswapped:              0 kB
Dirty:              2868 kB
Writeback:             0 kB
AnonPages:       6377100 kB
Mapped:          1989768 kB
Shmem:            174060 kB
KReclaimable:     355752 kB
Slab:             660452 kB
SReclaimable:     355752 kB
SUnreclaim:       304700 kB
KernelStack:       27456 kB
PageTables:        68128 kB
SecPageTables:         0 kB
NFS_Unstable:          0 kB
Bounce:                0 kB
WritebackTmp:          0 kB
CommitLimit:    18486304 kB
Committed_AS:   15948704 kB
VmallocTotal:   34359738367 kB
VmallocUsed:      133940 kB
VmallocChunk:          0 kB
Percpu:            44160 kB
HardwareCorrupted:     0 kB
AnonHugePages:         0 kB
ShmemHugePages:        0 kB
ShmemPmdMapped:        0 kB
FileHugePages:         0 kB
FilePmdMapped:         0 kB
Unaccepted:            0 kB
HugePages_Total:       0
HugePages_Free:        0
HugePages_Rsvd:        0
HugePages_Surp:        0
Hugepagesize:       2048 kB
Hugetlb:               0 kB
DirectMap4k:      954464 kB
DirectMap2M:    13645824 kB
DirectMap1G:    18874368 kB

/sys/kernel/mm/transparent_hugepage/enabled: always [madvise] never
/sys/kernel/mm/transparent_hugepage/hpage_pmd_size: 2097152
/sys/kernel/mm/transparent_hugepage/defrag (defrag/compaction efforts parameter): always defer defer+madvise [madvise] never

Process Memory:
Virtual Size: 11364352K (peak: 11364352K)
Resident Set Size: 111096K (peak: 111096K) (anon: 60988K, file: 50108K, shmem: 0K)
Swapped out: 0K
C-Heap outstanding allocations: 48441K, retained: 3402K
glibc malloc tunables: (default)

/proc/sys/kernel/threads-max (system-wide limit on the number of threads): 255460
/proc/sys/vm/max_map_count (maximum number of memory map areas a process may have): 65530
/proc/sys/vm/swappiness (control to define how aggressively the kernel swaps out anonymous memory): 60
/proc/sys/kernel/pid_max (system-wide limit on number of process identifiers): 4194304

container (cgroup) information:
container_type: cgroupv2
cpu_cpuset_cpus: not supported
cpu_memory_nodes: not supported
active_processor_count: 12
cpu_quota: not supported
cpu_period: not supported
cpu_shares: not supported
memory_limit_in_bytes: unlimited
memory_and_swap_limit_in_bytes: unlimited
memory_soft_limit_in_bytes: unlimited
memory_usage_in_bytes: 3784124 k
memory_max_usage_in_bytes: not supported
memory_swap_current_in_bytes: unlimited
memory_swap_max_limit_in_bytes: unlimited
maximum number of tasks: 38319
current number of tasks: 125

Steal ticks since vm start: 0
Steal ticks percentage since vm start:  0.000

CPU: total 12 (initial active 12) (12 cores per cpu, 2 threads per core) family 25 model 33 stepping 0 microcode 0xa201009, cx8, cmov, fxsr, ht, mmx, 3dnowpref, sse, sse2, sse3, ssse3, sse4a, sse4.1, sse4.2, popcnt, lzcnt, tsc, tscinvbit, avx, avx2, aes, erms, clmul, bmi1, bmi2, adx, sha, fma, vzeroupper, clflush, clflushopt, rdtscp, rdpid, fsrm, f16c, pku, ospke, cet_ss
CPU Model and flags from /proc/cpuinfo:
model name	: AMD Ryzen 5 5600X 6-Core Processor
flags		: fpu vme de pse tsc msr pae mce cx8 apic sep mtrr pge mca cmov pat pse36 clflush mmx fxsr sse sse2 ht syscall nx mmxext fxsr_opt pdpe1gb rdtscp lm constant_tsc rep_good nopl nonstop_tsc cpuid extd_apicid aperfmperf rapl pni pclmulqdq monitor ssse3 fma cx16 sse4_1 sse4_2 movbe popcnt aes xsave avx f16c rdrand lahf_lm cmp_legacy svm extapic cr8_legacy abm sse4a misalignsse 3dnowprefetch osvw ibs skinit wdt tce topoext perfctr_core perfctr_nb bpext perfctr_llc mwaitx cpb cat_l3 cdp_l3 hw_pstate ssbd mba ibrs ibpb stibp vmmcall fsgsbase bmi1 avx2 smep bmi2 erms invpcid cqm rdt_a rdseed adx smap clflushopt clwb sha_ni xsaveopt xsavec xgetbv1 xsaves cqm_llc cqm_occup_llc cqm_mbm_total cqm_mbm_local user_shstk clzero irperf xsaveerptr rdpru wbnoinvd arat npt lbrv svm_lock nrip_save tsc_scale vmcb_clean flushbyasid decodeassists pausefilter pfthreshold avic v_vmsave_vmload vgif v_spec_ctrl umip pku ospke vaes vpclmulqdq rdpid overflow_recov succor smca fsrm debug_swap

Online cpus: 0-11
Offline cpus: 12-31
BIOS frequency limitation: 3700000
Frequency switch latency (ns): 0
Available cpu frequencies: 3700000 2800000 2200000 
Current governor: schedutil
Core performance/turbo boost: 1

Memory: 4k page, physical 32778316k(24871680k free), swap 2097148k(2097148k free)
Page Sizes: 4k

vm_info: OpenJDK 64-Bit Server VM (21.0.5+11-LTS) for linux-amd64 JRE (21.0.5+11-LTS), built on 2024-10-11T20:57:39Z by "jenkins" with gcc 7.3.1 20180303 (Red Hat 7.3.1-5)

END.
